2020-03-14 05:12:35,833 INFO  [main] namenode.NameNode (LogAdapter.java:info(47)) - STARTUP_MSG: 
/************************************************************
STARTUP_MSG: Starting NameNode
STARTUP_MSG:   host = c73.localdomain/10.4.1.74
STARTUP_MSG:   args = []
STARTUP_MSG:   version = 2.7.2
STARTUP_MSG:   classpath = /home/kshanka2/p1/hadoop/etc/hadoop:/home/kshanka2/p1/hadoop/share/hadoop/common/lib/jsch-0.1.42.jar:/home/kshanka2/p1/hadoop/share/hadoop/common/lib/gson-2.2.4.jar:/home/kshanka2/p1/hadoop/share/hadoop/common/lib/curator-recipes-2.7.1.jar:/home/kshanka2/p1/hadoop/share/hadoop/common/lib/jaxb-impl-2.2.3-1.jar:/home/kshanka2/p1/hadoop/share/hadoop/common/lib/junit-4.11.jar:/home/kshanka2/p1/hadoop/share/hadoop/common/lib/commons-beanutils-1.7.0.jar:/home/kshanka2/p1/hadoop/share/hadoop/common/lib/slf4j-log4j12-1.7.10.jar:/home/kshanka2/p1/hadoop/share/hadoop/common/lib/xmlenc-0.52.jar:/home/kshanka2/p1/hadoop/share/hadoop/common/lib/jettison-1.1.jar:/home/kshanka2/p1/hadoop/share/hadoop/common/lib/jetty-6.1.26.jar:/home/kshanka2/p1/hadoop/share/hadoop/common/lib/commons-lang-2.6.jar:/home/kshanka2/p1/hadoop/share/hadoop/common/lib/log4j-1.2.17.jar:/home/kshanka2/p1/hadoop/share/hadoop/common/lib/commons-net-3.1.jar:/home/kshanka2/p1/hadoop/share/hadoop/common/lib/commons-collections-3.2.2.jar:/home/kshanka2/p1/hadoop/share/hadoop/common/lib/stax-api-1.0-2.jar:/home/kshanka2/p1/hadoop/share/hadoop/common/lib/zookeeper-3.4.6.jar:/home/kshanka2/p1/hadoop/share/hadoop/common/lib/commons-compress-1.4.1.jar:/home/kshanka2/p1/hadoop/share/hadoop/common/lib/api-util-1.0.0-M20.jar:/home/kshanka2/p1/hadoop/share/hadoop/common/lib/api-asn1-api-1.0.0-M20.jar:/home/kshanka2/p1/hadoop/share/hadoop/common/lib/jackson-mapper-asl-1.9.13.jar:/home/kshanka2/p1/hadoop/share/hadoop/common/lib/curator-client-2.7.1.jar:/home/kshanka2/p1/hadoop/share/hadoop/common/lib/htrace-core-3.1.0-incubating.jar:/home/kshanka2/p1/hadoop/share/hadoop/common/lib/commons-cli-1.2.jar:/home/kshanka2/p1/hadoop/share/hadoop/common/lib/hadoop-annotations-2.7.2.jar:/home/kshanka2/p1/hadoop/share/hadoop/common/lib/jackson-jaxrs-1.9.13.jar:/home/kshanka2/p1/hadoop/share/hadoop/common/lib/paranamer-2.3.jar:/home/kshanka2/p1/hadoop/share/hadoop/common/lib/jaxb-api-2.2.2.jar:/home/kshanka2/p1/hadoop/share/hadoop/common/lib/jsp-api-2.1.jar:/home/kshanka2/p1/hadoop/share/hadoop/common/lib/jersey-server-1.9.jar:/home/kshanka2/p1/hadoop/share/hadoop/common/lib/snappy-java-1.0.4.1.jar:/home/kshanka2/p1/hadoop/share/hadoop/common/lib/protobuf-java-2.5.0.jar:/home/kshanka2/p1/hadoop/share/hadoop/common/lib/hadoop-auth-2.7.2.jar:/home/kshanka2/p1/hadoop/share/hadoop/common/lib/commons-logging-1.1.3.jar:/home/kshanka2/p1/hadoop/share/hadoop/common/lib/apacheds-i18n-2.0.0-M15.jar:/home/kshanka2/p1/hadoop/share/hadoop/common/lib/curator-framework-2.7.1.jar:/home/kshanka2/p1/hadoop/share/hadoop/common/lib/slf4j-api-1.7.10.jar:/home/kshanka2/p1/hadoop/share/hadoop/common/lib/servlet-api-2.5.jar:/home/kshanka2/p1/hadoop/share/hadoop/common/lib/jackson-xc-1.9.13.jar:/home/kshanka2/p1/hadoop/share/hadoop/common/lib/httpcore-4.2.5.jar:/home/kshanka2/p1/hadoop/share/hadoop/common/lib/httpclient-4.2.5.jar:/home/kshanka2/p1/hadoop/share/hadoop/common/lib/commons-configuration-1.6.jar:/home/kshanka2/p1/hadoop/share/hadoop/common/lib/commons-codec-1.4.jar:/home/kshanka2/p1/hadoop/share/hadoop/common/lib/jets3t-0.9.0.jar:/home/kshanka2/p1/hadoop/share/hadoop/common/lib/avro-1.7.4.jar:/home/kshanka2/p1/hadoop/share/hadoop/common/lib/jersey-json-1.9.jar:/home/kshanka2/p1/hadoop/share/hadoop/common/lib/hamcrest-core-1.3.jar:/home/kshanka2/p1/hadoop/share/hadoop/common/lib/commons-io-2.4.jar:/home/kshanka2/p1/hadoop/share/hadoop/common/lib/java-xmlbuilder-0.4.jar:/home/kshanka2/p1/hadoop/share/hadoop/common/lib/commons-math3-3.1.1.jar:/home/kshanka2/p1/hadoop/share/hadoop/common/lib/jersey-core-1.9.jar:/home/kshanka2/p1/hadoop/share/hadoop/common/lib/mockito-all-1.8.5.jar:/home/kshanka2/p1/hadoop/share/hadoop/common/lib/commons-beanutils-core-1.8.0.jar:/home/kshanka2/p1/hadoop/share/hadoop/common/lib/jackson-core-asl-1.9.13.jar:/home/kshanka2/p1/hadoop/share/hadoop/common/lib/netty-3.6.2.Final.jar:/home/kshanka2/p1/hadoop/share/hadoop/common/lib/guava-11.0.2.jar:/home/kshanka2/p1/hadoop/share/hadoop/common/lib/commons-httpclient-3.1.jar:/home/kshanka2/p1/hadoop/share/hadoop/common/lib/asm-3.2.jar:/home/kshanka2/p1/hadoop/share/hadoop/common/lib/activation-1.1.jar:/home/kshanka2/p1/hadoop/share/hadoop/common/lib/commons-digester-1.8.jar:/home/kshanka2/p1/hadoop/share/hadoop/common/lib/xz-1.0.jar:/home/kshanka2/p1/hadoop/share/hadoop/common/lib/jsr305-3.0.0.jar:/home/kshanka2/p1/hadoop/share/hadoop/common/lib/jetty-util-6.1.26.jar:/home/kshanka2/p1/hadoop/share/hadoop/common/lib/apacheds-kerberos-codec-2.0.0-M15.jar:/home/kshanka2/p1/hadoop/share/hadoop/common/hadoop-nfs-2.7.2.jar:/home/kshanka2/p1/hadoop/share/hadoop/common/hadoop-common-2.7.2.jar:/home/kshanka2/p1/hadoop/share/hadoop/common/hadoop-common-2.7.2-tests.jar:/home/kshanka2/p1/hadoop/share/hadoop/hdfs:/home/kshanka2/p1/hadoop/share/hadoop/hdfs/lib/xmlenc-0.52.jar:/home/kshanka2/p1/hadoop/share/hadoop/hdfs/lib/jetty-6.1.26.jar:/home/kshanka2/p1/hadoop/share/hadoop/hdfs/lib/commons-lang-2.6.jar:/home/kshanka2/p1/hadoop/share/hadoop/hdfs/lib/log4j-1.2.17.jar:/home/kshanka2/p1/hadoop/share/hadoop/hdfs/lib/jackson-mapper-asl-1.9.13.jar:/home/kshanka2/p1/hadoop/share/hadoop/hdfs/lib/htrace-core-3.1.0-incubating.jar:/home/kshanka2/p1/hadoop/share/hadoop/hdfs/lib/xercesImpl-2.9.1.jar:/home/kshanka2/p1/hadoop/share/hadoop/hdfs/lib/commons-cli-1.2.jar:/home/kshanka2/p1/hadoop/share/hadoop/hdfs/lib/leveldbjni-all-1.8.jar:/home/kshanka2/p1/hadoop/share/hadoop/hdfs/lib/jersey-server-1.9.jar:/home/kshanka2/p1/hadoop/share/hadoop/hdfs/lib/protobuf-java-2.5.0.jar:/home/kshanka2/p1/hadoop/share/hadoop/hdfs/lib/commons-logging-1.1.3.jar:/home/kshanka2/p1/hadoop/share/hadoop/hdfs/lib/servlet-api-2.5.jar:/home/kshanka2/p1/hadoop/share/hadoop/hdfs/lib/commons-codec-1.4.jar:/home/kshanka2/p1/hadoop/share/hadoop/hdfs/lib/commons-io-2.4.jar:/home/kshanka2/p1/hadoop/share/hadoop/hdfs/lib/jersey-core-1.9.jar:/home/kshanka2/p1/hadoop/share/hadoop/hdfs/lib/jackson-core-asl-1.9.13.jar:/home/kshanka2/p1/hadoop/share/hadoop/hdfs/lib/netty-3.6.2.Final.jar:/home/kshanka2/p1/hadoop/share/hadoop/hdfs/lib/guava-11.0.2.jar:/home/kshanka2/p1/hadoop/share/hadoop/hdfs/lib/netty-all-4.0.23.Final.jar:/home/kshanka2/p1/hadoop/share/hadoop/hdfs/lib/asm-3.2.jar:/home/kshanka2/p1/hadoop/share/hadoop/hdfs/lib/commons-daemon-1.0.13.jar:/home/kshanka2/p1/hadoop/share/hadoop/hdfs/lib/jsr305-3.0.0.jar:/home/kshanka2/p1/hadoop/share/hadoop/hdfs/lib/xml-apis-1.3.04.jar:/home/kshanka2/p1/hadoop/share/hadoop/hdfs/lib/jetty-util-6.1.26.jar:/home/kshanka2/p1/hadoop/share/hadoop/hdfs/hadoop-hdfs-nfs-2.7.2.jar:/home/kshanka2/p1/hadoop/share/hadoop/hdfs/hadoop-hdfs-2.7.2-tests.jar:/home/kshanka2/p1/hadoop/share/hadoop/hdfs/hadoop-hdfs-2.7.2.jar:/home/kshanka2/p1/hadoop/share/hadoop/yarn/lib/jaxb-impl-2.2.3-1.jar:/home/kshanka2/p1/hadoop/share/hadoop/yarn/lib/jettison-1.1.jar:/home/kshanka2/p1/hadoop/share/hadoop/yarn/lib/jetty-6.1.26.jar:/home/kshanka2/p1/hadoop/share/hadoop/yarn/lib/commons-lang-2.6.jar:/home/kshanka2/p1/hadoop/share/hadoop/yarn/lib/log4j-1.2.17.jar:/home/kshanka2/p1/hadoop/share/hadoop/yarn/lib/commons-collections-3.2.2.jar:/home/kshanka2/p1/hadoop/share/hadoop/yarn/lib/stax-api-1.0-2.jar:/home/kshanka2/p1/hadoop/share/hadoop/yarn/lib/zookeeper-3.4.6.jar:/home/kshanka2/p1/hadoop/share/hadoop/yarn/lib/commons-compress-1.4.1.jar:/home/kshanka2/p1/hadoop/share/hadoop/yarn/lib/jackson-mapper-asl-1.9.13.jar:/home/kshanka2/p1/hadoop/share/hadoop/yarn/lib/aopalliance-1.0.jar:/home/kshanka2/p1/hadoop/share/hadoop/yarn/lib/jersey-guice-1.9.jar:/home/kshanka2/p1/hadoop/share/hadoop/yarn/lib/commons-cli-1.2.jar:/home/kshanka2/p1/hadoop/share/hadoop/yarn/lib/leveldbjni-all-1.8.jar:/home/kshanka2/p1/hadoop/share/hadoop/yarn/lib/jackson-jaxrs-1.9.13.jar:/home/kshanka2/p1/hadoop/share/hadoop/yarn/lib/javax.inject-1.jar:/home/kshanka2/p1/hadoop/share/hadoop/yarn/lib/jaxb-api-2.2.2.jar:/home/kshanka2/p1/hadoop/share/hadoop/yarn/lib/jersey-server-1.9.jar:/home/kshanka2/p1/hadoop/share/hadoop/yarn/lib/protobuf-java-2.5.0.jar:/home/kshanka2/p1/hadoop/share/hadoop/yarn/lib/jersey-client-1.9.jar:/home/kshanka2/p1/hadoop/share/hadoop/yarn/lib/guice-servlet-3.0.jar:/home/kshanka2/p1/hadoop/share/hadoop/yarn/lib/commons-logging-1.1.3.jar:/home/kshanka2/p1/hadoop/share/hadoop/yarn/lib/servlet-api-2.5.jar:/home/kshanka2/p1/hadoop/share/hadoop/yarn/lib/jackson-xc-1.9.13.jar:/home/kshanka2/p1/hadoop/share/hadoop/yarn/lib/commons-codec-1.4.jar:/home/kshanka2/p1/hadoop/share/hadoop/yarn/lib/jersey-json-1.9.jar:/home/kshanka2/p1/hadoop/share/hadoop/yarn/lib/guice-3.0.jar:/home/kshanka2/p1/hadoop/share/hadoop/yarn/lib/commons-io-2.4.jar:/home/kshanka2/p1/hadoop/share/hadoop/yarn/lib/jersey-core-1.9.jar:/home/kshanka2/p1/hadoop/share/hadoop/yarn/lib/jackson-core-asl-1.9.13.jar:/home/kshanka2/p1/hadoop/share/hadoop/yarn/lib/netty-3.6.2.Final.jar:/home/kshanka2/p1/hadoop/share/hadoop/yarn/lib/guava-11.0.2.jar:/home/kshanka2/p1/hadoop/share/hadoop/yarn/lib/zookeeper-3.4.6-tests.jar:/home/kshanka2/p1/hadoop/share/hadoop/yarn/lib/asm-3.2.jar:/home/kshanka2/p1/hadoop/share/hadoop/yarn/lib/activation-1.1.jar:/home/kshanka2/p1/hadoop/share/hadoop/yarn/lib/xz-1.0.jar:/home/kshanka2/p1/hadoop/share/hadoop/yarn/lib/jsr305-3.0.0.jar:/home/kshanka2/p1/hadoop/share/hadoop/yarn/lib/jetty-util-6.1.26.jar:/home/kshanka2/p1/hadoop/share/hadoop/yarn/hadoop-yarn-server-web-proxy-2.7.2.jar:/home/kshanka2/p1/hadoop/share/hadoop/yarn/hadoop-yarn-server-tests-2.7.2.jar:/home/kshanka2/p1/hadoop/share/hadoop/yarn/hadoop-yarn-applications-unmanaged-am-launcher-2.7.2.jar:/home/kshanka2/p1/hadoop/share/hadoop/yarn/hadoop-yarn-api-2.7.2.jar:/home/kshanka2/p1/hadoop/share/hadoop/yarn/hadoop-yarn-applications-distributedshell-2.7.2.jar:/home/kshanka2/p1/hadoop/share/hadoop/yarn/hadoop-yarn-client-2.7.2.jar:/home/kshanka2/p1/hadoop/share/hadoop/yarn/hadoop-yarn-server-common-2.7.2.jar:/home/kshanka2/p1/hadoop/share/hadoop/yarn/hadoop-yarn-server-resourcemanager-2.7.2.jar:/home/kshanka2/p1/hadoop/share/hadoop/yarn/hadoop-yarn-common-2.7.2.jar:/home/kshanka2/p1/hadoop/share/hadoop/yarn/hadoop-yarn-server-sharedcachemanager-2.7.2.jar:/home/kshanka2/p1/hadoop/share/hadoop/yarn/hadoop-yarn-registry-2.7.2.jar:/home/kshanka2/p1/hadoop/share/hadoop/yarn/hadoop-yarn-server-nodemanager-2.7.2.jar:/home/kshanka2/p1/hadoop/share/hadoop/yarn/hadoop-yarn-server-applicationhistoryservice-2.7.2.jar:/home/kshanka2/p1/hadoop/share/hadoop/mapreduce/lib/junit-4.11.jar:/home/kshanka2/p1/hadoop/share/hadoop/mapreduce/lib/log4j-1.2.17.jar:/home/kshanka2/p1/hadoop/share/hadoop/mapreduce/lib/commons-compress-1.4.1.jar:/home/kshanka2/p1/hadoop/share/hadoop/mapreduce/lib/jackson-mapper-asl-1.9.13.jar:/home/kshanka2/p1/hadoop/share/hadoop/mapreduce/lib/aopalliance-1.0.jar:/home/kshanka2/p1/hadoop/share/hadoop/mapreduce/lib/jersey-guice-1.9.jar:/home/kshanka2/p1/hadoop/share/hadoop/mapreduce/lib/hadoop-annotations-2.7.2.jar:/home/kshanka2/p1/hadoop/share/hadoop/mapreduce/lib/leveldbjni-all-1.8.jar:/home/kshanka2/p1/hadoop/share/hadoop/mapreduce/lib/paranamer-2.3.jar:/home/kshanka2/p1/hadoop/share/hadoop/mapreduce/lib/javax.inject-1.jar:/home/kshanka2/p1/hadoop/share/hadoop/mapreduce/lib/jersey-server-1.9.jar:/home/kshanka2/p1/hadoop/share/hadoop/mapreduce/lib/snappy-java-1.0.4.1.jar:/home/kshanka2/p1/hadoop/share/hadoop/mapreduce/lib/protobuf-java-2.5.0.jar:/home/kshanka2/p1/hadoop/share/hadoop/mapreduce/lib/guice-servlet-3.0.jar:/home/kshanka2/p1/hadoop/share/hadoop/mapreduce/lib/avro-1.7.4.jar:/home/kshanka2/p1/hadoop/share/hadoop/mapreduce/lib/hamcrest-core-1.3.jar:/home/kshanka2/p1/hadoop/share/hadoop/mapreduce/lib/guice-3.0.jar:/home/kshanka2/p1/hadoop/share/hadoop/mapreduce/lib/commons-io-2.4.jar:/home/kshanka2/p1/hadoop/share/hadoop/mapreduce/lib/jersey-core-1.9.jar:/home/kshanka2/p1/hadoop/share/hadoop/mapreduce/lib/jackson-core-asl-1.9.13.jar:/home/kshanka2/p1/hadoop/share/hadoop/mapreduce/lib/netty-3.6.2.Final.jar:/home/kshanka2/p1/hadoop/share/hadoop/mapreduce/lib/asm-3.2.jar:/home/kshanka2/p1/hadoop/share/hadoop/mapreduce/lib/xz-1.0.jar:/home/kshanka2/p1/hadoop/share/hadoop/mapreduce/hadoop-mapreduce-client-hs-plugins-2.7.2.jar:/home/kshanka2/p1/hadoop/share/hadoop/mapreduce/hadoop-mapreduce-examples-2.7.2.jar:/home/kshanka2/p1/hadoop/share/hadoop/mapreduce/hadoop-mapreduce-client-jobclient-2.7.2-tests.jar:/home/kshanka2/p1/hadoop/share/hadoop/mapreduce/hadoop-mapreduce-client-core-2.7.2.jar:/home/kshanka2/p1/hadoop/share/hadoop/mapreduce/hadoop-mapreduce-client-hs-2.7.2.jar:/home/kshanka2/p1/hadoop/share/hadoop/mapreduce/hadoop-mapreduce-client-jobclient-2.7.2.jar:/home/kshanka2/p1/hadoop/share/hadoop/mapreduce/hadoop-mapreduce-client-app-2.7.2.jar:/home/kshanka2/p1/hadoop/share/hadoop/mapreduce/hadoop-mapreduce-client-common-2.7.2.jar:/home/kshanka2/p1/hadoop/share/hadoop/mapreduce/hadoop-mapreduce-client-shuffle-2.7.2.jar
STARTUP_MSG:   build = https://git-wip-us.apache.org/repos/asf/hadoop.git -r b165c4fe8a74265c792ce23f546c64604acf0e41; compiled by 'jenkins' on 2016-01-26T00:08Z
STARTUP_MSG:   java = 1.8.0_121
************************************************************/
2020-03-14 05:12:35,849 INFO  [main] namenode.NameNode (LogAdapter.java:info(47)) - registered UNIX signal handlers for [TERM, HUP, INT]
2020-03-14 05:12:35,853 INFO  [main] namenode.NameNode (NameNode.java:createNameNode(1417)) - createNameNode []
2020-03-14 05:12:36,250 WARN  [main] impl.MetricsConfig (MetricsConfig.java:loadFirst(125)) - Cannot locate configuration: tried hadoop-metrics2-namenode.properties,hadoop-metrics2.properties
2020-03-14 05:12:36,416 INFO  [main] impl.MetricsSystemImpl (MetricsSystemImpl.java:startTimer(377)) - Scheduled snapshot period at 10 second(s).
2020-03-14 05:12:36,416 INFO  [main] impl.MetricsSystemImpl (MetricsSystemImpl.java:start(192)) - NameNode metrics system started
2020-03-14 05:12:36,420 INFO  [main] namenode.NameNode (NameNode.java:setClientNamenodeAddress(397)) - fs.defaultFS is hdfs://c73:9000
2020-03-14 05:12:36,422 INFO  [main] namenode.NameNode (NameNode.java:setClientNamenodeAddress(417)) - Clients are to use c73:9000 to access this namenode/service.
2020-03-14 05:12:36,685 INFO  [main] hdfs.DFSUtil (DFSUtil.java:httpServerTemplateForNNAndJN(1703)) - Starting Web-server for hdfs at: http://0.0.0.0:50070
2020-03-14 05:12:36,769 INFO  [main] mortbay.log (Slf4jLog.java:info(67)) - Logging to org.slf4j.impl.Log4jLoggerAdapter(org.mortbay.log) via org.mortbay.log.Slf4jLog
2020-03-14 05:12:36,782 INFO  [main] server.AuthenticationFilter (AuthenticationFilter.java:constructSecretProvider(284)) - Unable to initialize FileSignerSecretProvider, falling back to use random secrets.
2020-03-14 05:12:36,791 INFO  [main] http.HttpRequestLog (HttpRequestLog.java:getRequestLog(80)) - Http request log for http.requests.namenode is not defined
2020-03-14 05:12:36,799 INFO  [main] http.HttpServer2 (HttpServer2.java:addGlobalFilter(710)) - Added global filter 'safety' (class=org.apache.hadoop.http.HttpServer2$QuotingInputFilter)
2020-03-14 05:12:36,803 INFO  [main] http.HttpServer2 (HttpServer2.java:addFilter(685)) - Added filter static_user_filter (class=org.apache.hadoop.http.lib.StaticUserWebFilter$StaticUserFilter) to context hdfs
2020-03-14 05:12:36,803 INFO  [main] http.HttpServer2 (HttpServer2.java:addFilter(693)) - Added filter static_user_filter (class=org.apache.hadoop.http.lib.StaticUserWebFilter$StaticUserFilter) to context logs
2020-03-14 05:12:36,803 INFO  [main] http.HttpServer2 (HttpServer2.java:addFilter(693)) - Added filter static_user_filter (class=org.apache.hadoop.http.lib.StaticUserWebFilter$StaticUserFilter) to context static
2020-03-14 05:12:36,838 INFO  [main] http.HttpServer2 (NameNodeHttpServer.java:initWebHdfs(86)) - Added filter 'org.apache.hadoop.hdfs.web.AuthFilter' (class=org.apache.hadoop.hdfs.web.AuthFilter)
2020-03-14 05:12:36,840 INFO  [main] http.HttpServer2 (HttpServer2.java:addJerseyResourcePackage(609)) - addJerseyResourcePackage: packageName=org.apache.hadoop.hdfs.server.namenode.web.resources;org.apache.hadoop.hdfs.web.resources, pathSpec=/webhdfs/v1/*
2020-03-14 05:12:36,862 INFO  [main] http.HttpServer2 (HttpServer2.java:openListeners(915)) - Jetty bound to port 50070
2020-03-14 05:12:36,862 INFO  [main] mortbay.log (Slf4jLog.java:info(67)) - jetty-6.1.26
2020-03-14 05:12:36,918 WARN  [main] mortbay.log (Slf4jLog.java:warn(76)) - Can't reuse /tmp/Jetty_0_0_0_0_50070_hdfs____w2cu08, using /tmp/Jetty_0_0_0_0_50070_hdfs____w2cu08_7052136826871034665
2020-03-14 05:12:37,092 INFO  [main] mortbay.log (Slf4jLog.java:info(67)) - Started HttpServer2$SelectChannelConnectorWithSafeStartup@0.0.0.0:50070
2020-03-14 05:12:37,141 WARN  [main] common.Util (Util.java:stringAsURI(56)) - Path /tmp/kshanka2/name should be specified as a URI in configuration files. Please update hdfs configuration.
2020-03-14 05:12:37,141 WARN  [main] common.Util (Util.java:stringAsURI(56)) - Path /tmp/kshanka2/name should be specified as a URI in configuration files. Please update hdfs configuration.
2020-03-14 05:12:37,142 WARN  [main] namenode.FSNamesystem (FSNamesystem.java:checkConfiguration(647)) - Only one image storage directory (dfs.namenode.name.dir) configured. Beware of data loss due to lack of redundant storage directories!
2020-03-14 05:12:37,142 WARN  [main] namenode.FSNamesystem (FSNamesystem.java:checkConfiguration(652)) - Only one namespace edits storage directory (dfs.namenode.edits.dir) configured. Beware of data loss due to lack of redundant storage directories!
2020-03-14 05:12:37,150 WARN  [main] common.Util (Util.java:stringAsURI(56)) - Path /tmp/kshanka2/name should be specified as a URI in configuration files. Please update hdfs configuration.
2020-03-14 05:12:37,150 WARN  [main] common.Util (Util.java:stringAsURI(56)) - Path /tmp/kshanka2/name should be specified as a URI in configuration files. Please update hdfs configuration.
2020-03-14 05:12:37,197 INFO  [main] namenode.FSNamesystem (FSNamesystem.java:<init>(716)) - No KeyProvider found.
2020-03-14 05:12:37,197 INFO  [main] namenode.FSNamesystem (FSNamesystem.java:<init>(726)) - fsLock is fair:true
2020-03-14 05:12:37,291 INFO  [main] blockmanagement.DatanodeManager (DatanodeManager.java:<init>(239)) - dfs.block.invalidate.limit=1000
2020-03-14 05:12:37,292 INFO  [main] blockmanagement.DatanodeManager (DatanodeManager.java:<init>(245)) - dfs.namenode.datanode.registration.ip-hostname-check=true
2020-03-14 05:12:37,294 INFO  [main] blockmanagement.BlockManager (InvalidateBlocks.java:printBlockDeletionTime(71)) - dfs.namenode.startup.delay.block.deletion.sec is set to 000:00:00:00.000
2020-03-14 05:12:37,296 INFO  [main] blockmanagement.BlockManager (InvalidateBlocks.java:printBlockDeletionTime(76)) - The block deletion will start around 2020 Mar 14 05:12:37
2020-03-14 05:12:37,299 INFO  [main] util.GSet (LightWeightGSet.java:computeCapacity(354)) - Computing capacity for map BlocksMap
2020-03-14 05:12:37,299 INFO  [main] util.GSet (LightWeightGSet.java:computeCapacity(355)) - VM type       = 64-bit
2020-03-14 05:12:37,311 INFO  [main] util.GSet (LightWeightGSet.java:computeCapacity(356)) - 2.0% max memory 889 MB = 17.8 MB
2020-03-14 05:12:37,313 INFO  [main] util.GSet (LightWeightGSet.java:computeCapacity(361)) - capacity      = 2^21 = 2097152 entries
2020-03-14 05:12:37,329 INFO  [main] blockmanagement.BlockManager (BlockManager.java:createBlockTokenSecretManager(358)) - dfs.block.access.token.enable=false
2020-03-14 05:12:37,330 INFO  [main] blockmanagement.BlockManager (BlockManager.java:<init>(344)) - defaultReplication         = 1
2020-03-14 05:12:37,330 INFO  [main] blockmanagement.BlockManager (BlockManager.java:<init>(345)) - maxReplication             = 512
2020-03-14 05:12:37,330 INFO  [main] blockmanagement.BlockManager (BlockManager.java:<init>(346)) - minReplication             = 1
2020-03-14 05:12:37,331 INFO  [main] blockmanagement.BlockManager (BlockManager.java:<init>(347)) - maxReplicationStreams      = 2
2020-03-14 05:12:37,331 INFO  [main] blockmanagement.BlockManager (BlockManager.java:<init>(348)) - replicationRecheckInterval = 3000
2020-03-14 05:12:37,331 INFO  [main] blockmanagement.BlockManager (BlockManager.java:<init>(349)) - encryptDataTransfer        = false
2020-03-14 05:12:37,331 INFO  [main] blockmanagement.BlockManager (BlockManager.java:<init>(350)) - maxNumBlocksToLog          = 1000
2020-03-14 05:12:37,343 INFO  [main] namenode.FSNamesystem (FSNamesystem.java:<init>(746)) - fsOwner             = kshanka2 (auth:SIMPLE)
2020-03-14 05:12:37,343 INFO  [main] namenode.FSNamesystem (FSNamesystem.java:<init>(747)) - supergroup          = supergroup
2020-03-14 05:12:37,343 INFO  [main] namenode.FSNamesystem (FSNamesystem.java:<init>(748)) - isPermissionEnabled = true
2020-03-14 05:12:37,344 INFO  [main] namenode.FSNamesystem (FSNamesystem.java:<init>(759)) - HA Enabled: false
2020-03-14 05:12:37,346 INFO  [main] namenode.FSNamesystem (FSNamesystem.java:<init>(796)) - Append Enabled: true
2020-03-14 05:12:37,626 INFO  [main] util.GSet (LightWeightGSet.java:computeCapacity(354)) - Computing capacity for map INodeMap
2020-03-14 05:12:37,626 INFO  [main] util.GSet (LightWeightGSet.java:computeCapacity(355)) - VM type       = 64-bit
2020-03-14 05:12:37,627 INFO  [main] util.GSet (LightWeightGSet.java:computeCapacity(356)) - 1.0% max memory 889 MB = 8.9 MB
2020-03-14 05:12:37,627 INFO  [main] util.GSet (LightWeightGSet.java:computeCapacity(361)) - capacity      = 2^20 = 1048576 entries
2020-03-14 05:12:37,628 INFO  [main] namenode.FSDirectory (FSDirectory.java:<init>(235)) - ACLs enabled? false
2020-03-14 05:12:37,629 INFO  [main] namenode.FSDirectory (FSDirectory.java:<init>(239)) - XAttrs enabled? true
2020-03-14 05:12:37,629 INFO  [main] namenode.FSDirectory (FSDirectory.java:<init>(247)) - Maximum size of an xattr: 16384
2020-03-14 05:12:37,629 INFO  [main] namenode.NameNode (FSDirectory.java:<init>(298)) - Caching file names occuring more than 10 times
2020-03-14 05:12:37,640 INFO  [main] util.GSet (LightWeightGSet.java:computeCapacity(354)) - Computing capacity for map cachedBlocks
2020-03-14 05:12:37,640 INFO  [main] util.GSet (LightWeightGSet.java:computeCapacity(355)) - VM type       = 64-bit
2020-03-14 05:12:37,640 INFO  [main] util.GSet (LightWeightGSet.java:computeCapacity(356)) - 0.25% max memory 889 MB = 2.2 MB
2020-03-14 05:12:37,641 INFO  [main] util.GSet (LightWeightGSet.java:computeCapacity(361)) - capacity      = 2^18 = 262144 entries
2020-03-14 05:12:37,643 INFO  [main] namenode.FSNamesystem (FSNamesystem.java:<init>(5166)) - dfs.namenode.safemode.threshold-pct = 0.9990000128746033
2020-03-14 05:12:37,643 INFO  [main] namenode.FSNamesystem (FSNamesystem.java:<init>(5167)) - dfs.namenode.safemode.min.datanodes = 0
2020-03-14 05:12:37,643 INFO  [main] namenode.FSNamesystem (FSNamesystem.java:<init>(5168)) - dfs.namenode.safemode.extension     = 30000
2020-03-14 05:12:37,647 INFO  [main] metrics.TopMetrics (TopMetrics.java:logConf(65)) - NNTop conf: dfs.namenode.top.window.num.buckets = 10
2020-03-14 05:12:37,647 INFO  [main] metrics.TopMetrics (TopMetrics.java:logConf(67)) - NNTop conf: dfs.namenode.top.num.users = 10
2020-03-14 05:12:37,648 INFO  [main] metrics.TopMetrics (TopMetrics.java:logConf(69)) - NNTop conf: dfs.namenode.top.windows.minutes = 1,5,25
2020-03-14 05:12:37,649 INFO  [main] namenode.FSNamesystem (FSNamesystem.java:initRetryCache(905)) - Retry cache on namenode is enabled
2020-03-14 05:12:37,650 INFO  [main] namenode.FSNamesystem (FSNamesystem.java:initRetryCache(913)) - Retry cache will use 0.03 of total heap and retry cache entry expiry time is 600000 millis
2020-03-14 05:12:37,653 INFO  [main] util.GSet (LightWeightGSet.java:computeCapacity(354)) - Computing capacity for map NameNodeRetryCache
2020-03-14 05:12:37,653 INFO  [main] util.GSet (LightWeightGSet.java:computeCapacity(355)) - VM type       = 64-bit
2020-03-14 05:12:37,653 INFO  [main] util.GSet (LightWeightGSet.java:computeCapacity(356)) - 0.029999999329447746% max memory 889 MB = 273.1 KB
2020-03-14 05:12:37,653 INFO  [main] util.GSet (LightWeightGSet.java:computeCapacity(361)) - capacity      = 2^15 = 32768 entries
2020-03-14 05:12:37,696 INFO  [main] common.Storage (Storage.java:tryLock(715)) - Lock on /tmp/kshanka2/name/in_use.lock acquired by nodename 17507@c73.localdomain
2020-03-14 05:12:37,805 INFO  [main] namenode.FileJournalManager (FileJournalManager.java:recoverUnfinalizedSegments(362)) - Recovering unfinalized segments in /tmp/kshanka2/name/current
2020-03-14 05:12:37,806 INFO  [main] namenode.FSImage (FSImage.java:loadFSImage(669)) - No edit log streams selected.
2020-03-14 05:12:37,858 INFO  [main] namenode.FSImageFormatPBINode (FSImageFormatPBINode.java:loadINodeSection(255)) - Loading 1 INodes.
2020-03-14 05:12:37,901 INFO  [main] namenode.FSImageFormatProtobuf (FSImageFormatProtobuf.java:load(181)) - Loaded FSImage in 0 seconds.
2020-03-14 05:12:37,901 INFO  [main] namenode.FSImage (FSImage.java:loadFSImage(970)) - Loaded image for txid 0 from /tmp/kshanka2/name/current/fsimage_0000000000000000000
2020-03-14 05:12:37,914 INFO  [main] namenode.FSNamesystem (FSNamesystem.java:loadFSImage(982)) - Need to save fs image? false (staleImage=false, haEnabled=false, isRollingUpgrade=false)
2020-03-14 05:12:37,915 INFO  [main] namenode.FSEditLog (FSEditLog.java:startLogSegment(1218)) - Starting log segment at 1
2020-03-14 05:12:38,247 INFO  [main] namenode.NameCache (NameCache.java:initialized(143)) - initialized with 0 entries 0 lookups
2020-03-14 05:12:38,248 INFO  [main] namenode.FSNamesystem (FSNamesystem.java:loadFromDisk(688)) - Finished loading FSImage in 589 msecs
2020-03-14 05:12:38,639 INFO  [main] namenode.NameNode (NameNodeRpcServer.java:<init>(342)) - RPC server is binding to c73:9000
2020-03-14 05:12:38,649 INFO  [main] ipc.CallQueueManager (CallQueueManager.java:<init>(53)) - Using callQueue class java.util.concurrent.LinkedBlockingQueue
2020-03-14 05:12:38,666 INFO  [Socket Reader #1 for port 9000] ipc.Server (Server.java:run(606)) - Starting Socket Reader #1 for port 9000
2020-03-14 05:12:38,707 INFO  [main] namenode.FSNamesystem (FSNamesystem.java:registerMBean(6031)) - Registered FSNamesystemState MBean
2020-03-14 05:12:38,709 WARN  [main] common.Util (Util.java:stringAsURI(56)) - Path /tmp/kshanka2/name should be specified as a URI in configuration files. Please update hdfs configuration.
2020-03-14 05:12:38,725 INFO  [main] namenode.LeaseManager (LeaseManager.java:getNumUnderConstructionBlocks(136)) - Number of blocks under construction: 0
2020-03-14 05:12:38,725 INFO  [main] namenode.LeaseManager (LeaseManager.java:getNumUnderConstructionBlocks(136)) - Number of blocks under construction: 0
2020-03-14 05:12:38,726 INFO  [main] namenode.FSNamesystem (FSNamesystem.java:initializeReplQueues(1182)) - initializing replication queues
2020-03-14 05:12:38,726 INFO  [main] hdfs.StateChange (FSNamesystem.java:leave(5241)) - STATE* Leaving safe mode after 1 secs
2020-03-14 05:12:38,727 INFO  [main] hdfs.StateChange (FSNamesystem.java:leave(5253)) - STATE* Network topology has 0 racks and 0 datanodes
2020-03-14 05:12:38,727 INFO  [main] hdfs.StateChange (FSNamesystem.java:leave(5256)) - STATE* UnderReplicatedBlocks has 0 blocks
2020-03-14 05:12:38,741 INFO  [main] blockmanagement.DatanodeDescriptor (DatanodeDescriptor.java:updateHeartbeatState(451)) - Number of failed storage changes from 0 to 0
2020-03-14 05:12:38,757 INFO  [Replication Queue Initializer] blockmanagement.BlockManager (BlockManager.java:processMisReplicatesAsync(2763)) - Total number of blocks            = 0
2020-03-14 05:12:38,758 INFO  [Replication Queue Initializer] blockmanagement.BlockManager (BlockManager.java:processMisReplicatesAsync(2764)) - Number of invalid blocks          = 0
2020-03-14 05:12:38,758 INFO  [Replication Queue Initializer] blockmanagement.BlockManager (BlockManager.java:processMisReplicatesAsync(2765)) - Number of under-replicated blocks = 0
2020-03-14 05:12:38,758 INFO  [Replication Queue Initializer] blockmanagement.BlockManager (BlockManager.java:processMisReplicatesAsync(2766)) - Number of  over-replicated blocks = 0
2020-03-14 05:12:38,758 INFO  [Replication Queue Initializer] blockmanagement.BlockManager (BlockManager.java:processMisReplicatesAsync(2768)) - Number of blocks being written    = 0
2020-03-14 05:12:38,758 INFO  [Replication Queue Initializer] hdfs.StateChange (BlockManager.java:processMisReplicatesAsync(2769)) - STATE* Replication Queue initialization scan for invalid, over- and under-replicated blocks completed in 32 msec
2020-03-14 05:12:38,787 INFO  [IPC Server Responder] ipc.Server (Server.java:run(836)) - IPC Server Responder: starting
2020-03-14 05:12:38,788 INFO  [IPC Server listener on 9000] ipc.Server (Server.java:run(676)) - IPC Server listener on 9000: starting
2020-03-14 05:12:38,792 INFO  [main] namenode.NameNode (NameNode.java:startCommonServices(695)) - NameNode RPC up at: c73/10.4.1.74:9000
2020-03-14 05:12:38,792 INFO  [main] namenode.FSNamesystem (FSNamesystem.java:startActiveServices(1103)) - Starting services required for active state
2020-03-14 05:12:38,798 INFO  [CacheReplicationMonitor(56965877)] blockmanagement.CacheReplicationMonitor (CacheReplicationMonitor.java:run(160)) - Starting CacheReplicationMonitor with interval 30000 milliseconds
2020-03-14 05:12:43,797 INFO  [IPC Server handler 2 on 9000] hdfs.StateChange (DatanodeManager.java:registerDatanode(879)) - BLOCK* registerDatanode: from DatanodeRegistration(10.4.1.77:50010, datanodeUuid=95f7ffd0-b0ef-4739-9be8-ec68feca75fa, infoPort=50075, infoSecurePort=0, ipcPort=50020, storageInfo=lv=-56;cid=CID-d8368a3d-8620-495f-a9a5-363e9f751081;nsid=1011855723;c=0) storage 95f7ffd0-b0ef-4739-9be8-ec68feca75fa
2020-03-14 05:12:43,798 INFO  [IPC Server handler 2 on 9000] blockmanagement.DatanodeDescriptor (DatanodeDescriptor.java:updateHeartbeatState(451)) - Number of failed storage changes from 0 to 0
2020-03-14 05:12:43,799 INFO  [IPC Server handler 2 on 9000] net.NetworkTopology (NetworkTopology.java:add(419)) - Adding a new node: /default-rack/10.4.1.77:50010
2020-03-14 05:12:43,803 INFO  [IPC Server handler 1 on 9000] hdfs.StateChange (DatanodeManager.java:registerDatanode(879)) - BLOCK* registerDatanode: from DatanodeRegistration(10.4.1.74:50010, datanodeUuid=8c2208a7-2100-4964-bce1-b0e17b2501b6, infoPort=50075, infoSecurePort=0, ipcPort=50020, storageInfo=lv=-56;cid=CID-d8368a3d-8620-495f-a9a5-363e9f751081;nsid=1011855723;c=0) storage 8c2208a7-2100-4964-bce1-b0e17b2501b6
2020-03-14 05:12:43,803 INFO  [IPC Server handler 1 on 9000] blockmanagement.DatanodeDescriptor (DatanodeDescriptor.java:updateHeartbeatState(451)) - Number of failed storage changes from 0 to 0
2020-03-14 05:12:43,804 INFO  [IPC Server handler 1 on 9000] net.NetworkTopology (NetworkTopology.java:add(419)) - Adding a new node: /default-rack/10.4.1.74:50010
2020-03-14 05:12:43,807 INFO  [IPC Server handler 6 on 9000] hdfs.StateChange (DatanodeManager.java:registerDatanode(879)) - BLOCK* registerDatanode: from DatanodeRegistration(10.4.1.76:50010, datanodeUuid=e468acb1-58eb-4503-9458-501f6b050d5a, infoPort=50075, infoSecurePort=0, ipcPort=50020, storageInfo=lv=-56;cid=CID-d8368a3d-8620-495f-a9a5-363e9f751081;nsid=1011855723;c=0) storage e468acb1-58eb-4503-9458-501f6b050d5a
2020-03-14 05:12:43,807 INFO  [IPC Server handler 6 on 9000] blockmanagement.DatanodeDescriptor (DatanodeDescriptor.java:updateHeartbeatState(451)) - Number of failed storage changes from 0 to 0
2020-03-14 05:12:43,809 INFO  [IPC Server handler 6 on 9000] net.NetworkTopology (NetworkTopology.java:add(419)) - Adding a new node: /default-rack/10.4.1.76:50010
2020-03-14 05:12:43,811 INFO  [IPC Server handler 3 on 9000] hdfs.StateChange (DatanodeManager.java:registerDatanode(879)) - BLOCK* registerDatanode: from DatanodeRegistration(10.4.1.75:50010, datanodeUuid=7b5d5526-4456-4d36-b010-2c0298f9d949, infoPort=50075, infoSecurePort=0, ipcPort=50020, storageInfo=lv=-56;cid=CID-d8368a3d-8620-495f-a9a5-363e9f751081;nsid=1011855723;c=0) storage 7b5d5526-4456-4d36-b010-2c0298f9d949
2020-03-14 05:12:43,812 INFO  [IPC Server handler 3 on 9000] blockmanagement.DatanodeDescriptor (DatanodeDescriptor.java:updateHeartbeatState(451)) - Number of failed storage changes from 0 to 0
2020-03-14 05:12:43,814 INFO  [IPC Server handler 3 on 9000] net.NetworkTopology (NetworkTopology.java:add(419)) - Adding a new node: /default-rack/10.4.1.75:50010
2020-03-14 05:12:43,924 INFO  [IPC Server handler 5 on 9000] blockmanagement.DatanodeDescriptor (DatanodeDescriptor.java:updateHeartbeatState(451)) - Number of failed storage changes from 0 to 0
2020-03-14 05:12:43,924 INFO  [IPC Server handler 5 on 9000] blockmanagement.DatanodeDescriptor (DatanodeDescriptor.java:updateStorage(867)) - Adding new storage ID DS-9adb3818-3e02-4629-ab07-4246326eaf43 for DN 10.4.1.74:50010
2020-03-14 05:12:43,925 INFO  [IPC Server handler 0 on 9000] blockmanagement.DatanodeDescriptor (DatanodeDescriptor.java:updateHeartbeatState(451)) - Number of failed storage changes from 0 to 0
2020-03-14 05:12:43,926 INFO  [IPC Server handler 0 on 9000] blockmanagement.DatanodeDescriptor (DatanodeDescriptor.java:updateStorage(867)) - Adding new storage ID DS-3ceae387-6a92-4219-81b9-40959dd7c897 for DN 10.4.1.77:50010
2020-03-14 05:12:43,926 INFO  [IPC Server handler 7 on 9000] blockmanagement.DatanodeDescriptor (DatanodeDescriptor.java:updateHeartbeatState(451)) - Number of failed storage changes from 0 to 0
2020-03-14 05:12:43,927 INFO  [IPC Server handler 7 on 9000] blockmanagement.DatanodeDescriptor (DatanodeDescriptor.java:updateStorage(867)) - Adding new storage ID DS-68be6217-3042-4848-8d52-45f41eed3ac2 for DN 10.4.1.75:50010
2020-03-14 05:12:43,927 INFO  [IPC Server handler 4 on 9000] blockmanagement.DatanodeDescriptor (DatanodeDescriptor.java:updateHeartbeatState(451)) - Number of failed storage changes from 0 to 0
2020-03-14 05:12:43,928 INFO  [IPC Server handler 4 on 9000] blockmanagement.DatanodeDescriptor (DatanodeDescriptor.java:updateStorage(867)) - Adding new storage ID DS-64ab99c1-65a3-47be-b5b2-887fe0909e2c for DN 10.4.1.76:50010
2020-03-14 05:12:43,993 INFO  [IPC Server handler 9 on 9000] BlockStateChange (BlockManager.java:processReport(1859)) - BLOCK* processReport: from storage DS-64ab99c1-65a3-47be-b5b2-887fe0909e2c node DatanodeRegistration(10.4.1.76:50010, datanodeUuid=e468acb1-58eb-4503-9458-501f6b050d5a, infoPort=50075, infoSecurePort=0, ipcPort=50020, storageInfo=lv=-56;cid=CID-d8368a3d-8620-495f-a9a5-363e9f751081;nsid=1011855723;c=0), blocks: 0, hasStaleStorage: false, processing time: 2 msecs
2020-03-14 05:12:43,994 INFO  [IPC Server handler 1 on 9000] BlockStateChange (BlockManager.java:processReport(1859)) - BLOCK* processReport: from storage DS-3ceae387-6a92-4219-81b9-40959dd7c897 node DatanodeRegistration(10.4.1.77:50010, datanodeUuid=95f7ffd0-b0ef-4739-9be8-ec68feca75fa, infoPort=50075, infoSecurePort=0, ipcPort=50020, storageInfo=lv=-56;cid=CID-d8368a3d-8620-495f-a9a5-363e9f751081;nsid=1011855723;c=0), blocks: 0, hasStaleStorage: false, processing time: 1 msecs
2020-03-14 05:12:43,995 INFO  [IPC Server handler 8 on 9000] BlockStateChange (BlockManager.java:processReport(1859)) - BLOCK* processReport: from storage DS-9adb3818-3e02-4629-ab07-4246326eaf43 node DatanodeRegistration(10.4.1.74:50010, datanodeUuid=8c2208a7-2100-4964-bce1-b0e17b2501b6, infoPort=50075, infoSecurePort=0, ipcPort=50020, storageInfo=lv=-56;cid=CID-d8368a3d-8620-495f-a9a5-363e9f751081;nsid=1011855723;c=0), blocks: 0, hasStaleStorage: false, processing time: 0 msecs
2020-03-14 05:12:43,994 INFO  [IPC Server handler 6 on 9000] BlockStateChange (BlockManager.java:processReport(1859)) - BLOCK* processReport: from storage DS-68be6217-3042-4848-8d52-45f41eed3ac2 node DatanodeRegistration(10.4.1.75:50010, datanodeUuid=7b5d5526-4456-4d36-b010-2c0298f9d949, infoPort=50075, infoSecurePort=0, ipcPort=50020, storageInfo=lv=-56;cid=CID-d8368a3d-8620-495f-a9a5-363e9f751081;nsid=1011855723;c=0), blocks: 0, hasStaleStorage: false, processing time: 0 msecs
2020-03-14 05:12:55,548 INFO  [IPC Server handler 2 on 9000] FSNamesystem.audit (FSNamesystem.java:logAuditMessage(8249)) - allowed=true	ugi=kshanka2 (auth:SIMPLE)	ip=/10.4.1.74	cmd=getfileinfo	src=/user	dst=null	perm=null	proto=rpc
2020-03-14 05:12:55,598 INFO  [IPC Server handler 3 on 9000] FSNamesystem.audit (FSNamesystem.java:logAuditMessage(8249)) - allowed=true	ugi=kshanka2 (auth:SIMPLE)	ip=/10.4.1.74	cmd=getfileinfo	src=/	dst=null	perm=null	proto=rpc
2020-03-14 05:12:55,699 INFO  [IPC Server handler 0 on 9000] FSNamesystem.audit (FSNamesystem.java:logAuditMessage(8249)) - allowed=true	ugi=kshanka2 (auth:SIMPLE)	ip=/10.4.1.74	cmd=mkdirs	src=/user	dst=null	perm=kshanka2:supergroup:rwxr-xr-x	proto=rpc
2020-03-14 05:12:58,368 INFO  [IPC Server handler 2 on 9000] FSNamesystem.audit (FSNamesystem.java:logAuditMessage(8249)) - allowed=true	ugi=kshanka2 (auth:SIMPLE)	ip=/10.4.1.74	cmd=getfileinfo	src=/user/kshanka2	dst=null	perm=null	proto=rpc
2020-03-14 05:12:58,415 INFO  [IPC Server handler 3 on 9000] FSNamesystem.audit (FSNamesystem.java:logAuditMessage(8249)) - allowed=true	ugi=kshanka2 (auth:SIMPLE)	ip=/10.4.1.74	cmd=getfileinfo	src=/user	dst=null	perm=null	proto=rpc
2020-03-14 05:12:58,473 INFO  [IPC Server handler 0 on 9000] FSNamesystem.audit (FSNamesystem.java:logAuditMessage(8249)) - allowed=true	ugi=kshanka2 (auth:SIMPLE)	ip=/10.4.1.74	cmd=mkdirs	src=/user/kshanka2	dst=null	perm=kshanka2:supergroup:rwxr-xr-x	proto=rpc
