2020-03-25 03:24:02,641 INFO  [main] namenode.NameNode (LogAdapter.java:info(47)) - STARTUP_MSG: 
/************************************************************
STARTUP_MSG: Starting NameNode
STARTUP_MSG:   host = c101.localdomain/10.4.1.102
STARTUP_MSG:   args = []
STARTUP_MSG:   version = 2.7.2
STARTUP_MSG:   classpath = /home/kshanka2/p1/hadoop/etc/hadoop:/home/kshanka2/p1/hadoop/share/hadoop/common/lib/commons-digester-1.8.jar:/home/kshanka2/p1/hadoop/share/hadoop/common/lib/htrace-core-3.1.0-incubating.jar:/home/kshanka2/p1/hadoop/share/hadoop/common/lib/zookeeper-3.4.6.jar:/home/kshanka2/p1/hadoop/share/hadoop/common/lib/xz-1.0.jar:/home/kshanka2/p1/hadoop/share/hadoop/common/lib/jackson-jaxrs-1.9.13.jar:/home/kshanka2/p1/hadoop/share/hadoop/common/lib/jersey-json-1.9.jar:/home/kshanka2/p1/hadoop/share/hadoop/common/lib/jaxb-api-2.2.2.jar:/home/kshanka2/p1/hadoop/share/hadoop/common/lib/jaxb-impl-2.2.3-1.jar:/home/kshanka2/p1/hadoop/share/hadoop/common/lib/jackson-xc-1.9.13.jar:/home/kshanka2/p1/hadoop/share/hadoop/common/lib/gson-2.2.4.jar:/home/kshanka2/p1/hadoop/share/hadoop/common/lib/curator-client-2.7.1.jar:/home/kshanka2/p1/hadoop/share/hadoop/common/lib/asm-3.2.jar:/home/kshanka2/p1/hadoop/share/hadoop/common/lib/xmlenc-0.52.jar:/home/kshanka2/p1/hadoop/share/hadoop/common/lib/commons-net-3.1.jar:/home/kshanka2/p1/hadoop/share/hadoop/common/lib/hamcrest-core-1.3.jar:/home/kshanka2/p1/hadoop/share/hadoop/common/lib/jetty-util-6.1.26.jar:/home/kshanka2/p1/hadoop/share/hadoop/common/lib/jsch-0.1.42.jar:/home/kshanka2/p1/hadoop/share/hadoop/common/lib/commons-beanutils-core-1.8.0.jar:/home/kshanka2/p1/hadoop/share/hadoop/common/lib/apacheds-i18n-2.0.0-M15.jar:/home/kshanka2/p1/hadoop/share/hadoop/common/lib/hadoop-annotations-2.7.2.jar:/home/kshanka2/p1/hadoop/share/hadoop/common/lib/jets3t-0.9.0.jar:/home/kshanka2/p1/hadoop/share/hadoop/common/lib/junit-4.11.jar:/home/kshanka2/p1/hadoop/share/hadoop/common/lib/commons-io-2.4.jar:/home/kshanka2/p1/hadoop/share/hadoop/common/lib/curator-recipes-2.7.1.jar:/home/kshanka2/p1/hadoop/share/hadoop/common/lib/avro-1.7.4.jar:/home/kshanka2/p1/hadoop/share/hadoop/common/lib/curator-framework-2.7.1.jar:/home/kshanka2/p1/hadoop/share/hadoop/common/lib/java-xmlbuilder-0.4.jar:/home/kshanka2/p1/hadoop/share/hadoop/common/lib/mockito-all-1.8.5.jar:/home/kshanka2/p1/hadoop/share/hadoop/common/lib/commons-codec-1.4.jar:/home/kshanka2/p1/hadoop/share/hadoop/common/lib/jettison-1.1.jar:/home/kshanka2/p1/hadoop/share/hadoop/common/lib/jersey-core-1.9.jar:/home/kshanka2/p1/hadoop/share/hadoop/common/lib/jackson-core-asl-1.9.13.jar:/home/kshanka2/p1/hadoop/share/hadoop/common/lib/commons-beanutils-1.7.0.jar:/home/kshanka2/p1/hadoop/share/hadoop/common/lib/apacheds-kerberos-codec-2.0.0-M15.jar:/home/kshanka2/p1/hadoop/share/hadoop/common/lib/api-util-1.0.0-M20.jar:/home/kshanka2/p1/hadoop/share/hadoop/common/lib/commons-math3-3.1.1.jar:/home/kshanka2/p1/hadoop/share/hadoop/common/lib/jersey-server-1.9.jar:/home/kshanka2/p1/hadoop/share/hadoop/common/lib/netty-3.6.2.Final.jar:/home/kshanka2/p1/hadoop/share/hadoop/common/lib/activation-1.1.jar:/home/kshanka2/p1/hadoop/share/hadoop/common/lib/stax-api-1.0-2.jar:/home/kshanka2/p1/hadoop/share/hadoop/common/lib/slf4j-api-1.7.10.jar:/home/kshanka2/p1/hadoop/share/hadoop/common/lib/commons-cli-1.2.jar:/home/kshanka2/p1/hadoop/share/hadoop/common/lib/httpclient-4.2.5.jar:/home/kshanka2/p1/hadoop/share/hadoop/common/lib/commons-compress-1.4.1.jar:/home/kshanka2/p1/hadoop/share/hadoop/common/lib/hadoop-auth-2.7.2.jar:/home/kshanka2/p1/hadoop/share/hadoop/common/lib/jsr305-3.0.0.jar:/home/kshanka2/p1/hadoop/share/hadoop/common/lib/jetty-6.1.26.jar:/home/kshanka2/p1/hadoop/share/hadoop/common/lib/commons-lang-2.6.jar:/home/kshanka2/p1/hadoop/share/hadoop/common/lib/protobuf-java-2.5.0.jar:/home/kshanka2/p1/hadoop/share/hadoop/common/lib/snappy-java-1.0.4.1.jar:/home/kshanka2/p1/hadoop/share/hadoop/common/lib/jsp-api-2.1.jar:/home/kshanka2/p1/hadoop/share/hadoop/common/lib/slf4j-log4j12-1.7.10.jar:/home/kshanka2/p1/hadoop/share/hadoop/common/lib/commons-httpclient-3.1.jar:/home/kshanka2/p1/hadoop/share/hadoop/common/lib/commons-collections-3.2.2.jar:/home/kshanka2/p1/hadoop/share/hadoop/common/lib/commons-configuration-1.6.jar:/home/kshanka2/p1/hadoop/share/hadoop/common/lib/httpcore-4.2.5.jar:/home/kshanka2/p1/hadoop/share/hadoop/common/lib/guava-11.0.2.jar:/home/kshanka2/p1/hadoop/share/hadoop/common/lib/log4j-1.2.17.jar:/home/kshanka2/p1/hadoop/share/hadoop/common/lib/servlet-api-2.5.jar:/home/kshanka2/p1/hadoop/share/hadoop/common/lib/commons-logging-1.1.3.jar:/home/kshanka2/p1/hadoop/share/hadoop/common/lib/jackson-mapper-asl-1.9.13.jar:/home/kshanka2/p1/hadoop/share/hadoop/common/lib/api-asn1-api-1.0.0-M20.jar:/home/kshanka2/p1/hadoop/share/hadoop/common/lib/paranamer-2.3.jar:/home/kshanka2/p1/hadoop/share/hadoop/common/hadoop-nfs-2.7.2.jar:/home/kshanka2/p1/hadoop/share/hadoop/common/hadoop-common-2.7.2-tests.jar:/home/kshanka2/p1/hadoop/share/hadoop/common/hadoop-common-2.7.2.jar:/home/kshanka2/p1/hadoop/share/hadoop/hdfs:/home/kshanka2/p1/hadoop/share/hadoop/hdfs/lib/htrace-core-3.1.0-incubating.jar:/home/kshanka2/p1/hadoop/share/hadoop/hdfs/lib/xercesImpl-2.9.1.jar:/home/kshanka2/p1/hadoop/share/hadoop/hdfs/lib/asm-3.2.jar:/home/kshanka2/p1/hadoop/share/hadoop/hdfs/lib/xmlenc-0.52.jar:/home/kshanka2/p1/hadoop/share/hadoop/hdfs/lib/netty-all-4.0.23.Final.jar:/home/kshanka2/p1/hadoop/share/hadoop/hdfs/lib/jetty-util-6.1.26.jar:/home/kshanka2/p1/hadoop/share/hadoop/hdfs/lib/commons-io-2.4.jar:/home/kshanka2/p1/hadoop/share/hadoop/hdfs/lib/commons-daemon-1.0.13.jar:/home/kshanka2/p1/hadoop/share/hadoop/hdfs/lib/xml-apis-1.3.04.jar:/home/kshanka2/p1/hadoop/share/hadoop/hdfs/lib/commons-codec-1.4.jar:/home/kshanka2/p1/hadoop/share/hadoop/hdfs/lib/jersey-core-1.9.jar:/home/kshanka2/p1/hadoop/share/hadoop/hdfs/lib/leveldbjni-all-1.8.jar:/home/kshanka2/p1/hadoop/share/hadoop/hdfs/lib/jackson-core-asl-1.9.13.jar:/home/kshanka2/p1/hadoop/share/hadoop/hdfs/lib/jersey-server-1.9.jar:/home/kshanka2/p1/hadoop/share/hadoop/hdfs/lib/netty-3.6.2.Final.jar:/home/kshanka2/p1/hadoop/share/hadoop/hdfs/lib/commons-cli-1.2.jar:/home/kshanka2/p1/hadoop/share/hadoop/hdfs/lib/jsr305-3.0.0.jar:/home/kshanka2/p1/hadoop/share/hadoop/hdfs/lib/jetty-6.1.26.jar:/home/kshanka2/p1/hadoop/share/hadoop/hdfs/lib/commons-lang-2.6.jar:/home/kshanka2/p1/hadoop/share/hadoop/hdfs/lib/protobuf-java-2.5.0.jar:/home/kshanka2/p1/hadoop/share/hadoop/hdfs/lib/guava-11.0.2.jar:/home/kshanka2/p1/hadoop/share/hadoop/hdfs/lib/log4j-1.2.17.jar:/home/kshanka2/p1/hadoop/share/hadoop/hdfs/lib/servlet-api-2.5.jar:/home/kshanka2/p1/hadoop/share/hadoop/hdfs/lib/commons-logging-1.1.3.jar:/home/kshanka2/p1/hadoop/share/hadoop/hdfs/lib/jackson-mapper-asl-1.9.13.jar:/home/kshanka2/p1/hadoop/share/hadoop/hdfs/hadoop-hdfs-nfs-2.7.2.jar:/home/kshanka2/p1/hadoop/share/hadoop/hdfs/hadoop-hdfs-2.7.2.jar:/home/kshanka2/p1/hadoop/share/hadoop/hdfs/hadoop-hdfs-2.7.2-tests.jar:/home/kshanka2/p1/hadoop/share/hadoop/yarn/lib/zookeeper-3.4.6.jar:/home/kshanka2/p1/hadoop/share/hadoop/yarn/lib/xz-1.0.jar:/home/kshanka2/p1/hadoop/share/hadoop/yarn/lib/jackson-jaxrs-1.9.13.jar:/home/kshanka2/p1/hadoop/share/hadoop/yarn/lib/jersey-json-1.9.jar:/home/kshanka2/p1/hadoop/share/hadoop/yarn/lib/jaxb-api-2.2.2.jar:/home/kshanka2/p1/hadoop/share/hadoop/yarn/lib/jaxb-impl-2.2.3-1.jar:/home/kshanka2/p1/hadoop/share/hadoop/yarn/lib/jackson-xc-1.9.13.jar:/home/kshanka2/p1/hadoop/share/hadoop/yarn/lib/asm-3.2.jar:/home/kshanka2/p1/hadoop/share/hadoop/yarn/lib/jetty-util-6.1.26.jar:/home/kshanka2/p1/hadoop/share/hadoop/yarn/lib/zookeeper-3.4.6-tests.jar:/home/kshanka2/p1/hadoop/share/hadoop/yarn/lib/commons-io-2.4.jar:/home/kshanka2/p1/hadoop/share/hadoop/yarn/lib/guice-3.0.jar:/home/kshanka2/p1/hadoop/share/hadoop/yarn/lib/commons-codec-1.4.jar:/home/kshanka2/p1/hadoop/share/hadoop/yarn/lib/jettison-1.1.jar:/home/kshanka2/p1/hadoop/share/hadoop/yarn/lib/jersey-core-1.9.jar:/home/kshanka2/p1/hadoop/share/hadoop/yarn/lib/leveldbjni-all-1.8.jar:/home/kshanka2/p1/hadoop/share/hadoop/yarn/lib/jackson-core-asl-1.9.13.jar:/home/kshanka2/p1/hadoop/share/hadoop/yarn/lib/jersey-client-1.9.jar:/home/kshanka2/p1/hadoop/share/hadoop/yarn/lib/javax.inject-1.jar:/home/kshanka2/p1/hadoop/share/hadoop/yarn/lib/jersey-server-1.9.jar:/home/kshanka2/p1/hadoop/share/hadoop/yarn/lib/netty-3.6.2.Final.jar:/home/kshanka2/p1/hadoop/share/hadoop/yarn/lib/activation-1.1.jar:/home/kshanka2/p1/hadoop/share/hadoop/yarn/lib/stax-api-1.0-2.jar:/home/kshanka2/p1/hadoop/share/hadoop/yarn/lib/jersey-guice-1.9.jar:/home/kshanka2/p1/hadoop/share/hadoop/yarn/lib/guice-servlet-3.0.jar:/home/kshanka2/p1/hadoop/share/hadoop/yarn/lib/commons-cli-1.2.jar:/home/kshanka2/p1/hadoop/share/hadoop/yarn/lib/commons-compress-1.4.1.jar:/home/kshanka2/p1/hadoop/share/hadoop/yarn/lib/jsr305-3.0.0.jar:/home/kshanka2/p1/hadoop/share/hadoop/yarn/lib/jetty-6.1.26.jar:/home/kshanka2/p1/hadoop/share/hadoop/yarn/lib/commons-lang-2.6.jar:/home/kshanka2/p1/hadoop/share/hadoop/yarn/lib/protobuf-java-2.5.0.jar:/home/kshanka2/p1/hadoop/share/hadoop/yarn/lib/commons-collections-3.2.2.jar:/home/kshanka2/p1/hadoop/share/hadoop/yarn/lib/guava-11.0.2.jar:/home/kshanka2/p1/hadoop/share/hadoop/yarn/lib/log4j-1.2.17.jar:/home/kshanka2/p1/hadoop/share/hadoop/yarn/lib/servlet-api-2.5.jar:/home/kshanka2/p1/hadoop/share/hadoop/yarn/lib/commons-logging-1.1.3.jar:/home/kshanka2/p1/hadoop/share/hadoop/yarn/lib/jackson-mapper-asl-1.9.13.jar:/home/kshanka2/p1/hadoop/share/hadoop/yarn/lib/aopalliance-1.0.jar:/home/kshanka2/p1/hadoop/share/hadoop/yarn/hadoop-yarn-api-2.7.2.jar:/home/kshanka2/p1/hadoop/share/hadoop/yarn/hadoop-yarn-applications-unmanaged-am-launcher-2.7.2.jar:/home/kshanka2/p1/hadoop/share/hadoop/yarn/hadoop-yarn-server-nodemanager-2.7.2.jar:/home/kshanka2/p1/hadoop/share/hadoop/yarn/hadoop-yarn-server-applicationhistoryservice-2.7.2.jar:/home/kshanka2/p1/hadoop/share/hadoop/yarn/hadoop-yarn-server-web-proxy-2.7.2.jar:/home/kshanka2/p1/hadoop/share/hadoop/yarn/hadoop-yarn-client-2.7.2.jar:/home/kshanka2/p1/hadoop/share/hadoop/yarn/hadoop-yarn-server-common-2.7.2.jar:/home/kshanka2/p1/hadoop/share/hadoop/yarn/hadoop-yarn-registry-2.7.2.jar:/home/kshanka2/p1/hadoop/share/hadoop/yarn/hadoop-yarn-applications-distributedshell-2.7.2.jar:/home/kshanka2/p1/hadoop/share/hadoop/yarn/hadoop-yarn-server-tests-2.7.2.jar:/home/kshanka2/p1/hadoop/share/hadoop/yarn/hadoop-yarn-server-resourcemanager-2.7.2.jar:/home/kshanka2/p1/hadoop/share/hadoop/yarn/hadoop-yarn-server-sharedcachemanager-2.7.2.jar:/home/kshanka2/p1/hadoop/share/hadoop/yarn/hadoop-yarn-common-2.7.2.jar:/home/kshanka2/p1/hadoop/share/hadoop/mapreduce/lib/xz-1.0.jar:/home/kshanka2/p1/hadoop/share/hadoop/mapreduce/lib/asm-3.2.jar:/home/kshanka2/p1/hadoop/share/hadoop/mapreduce/lib/hamcrest-core-1.3.jar:/home/kshanka2/p1/hadoop/share/hadoop/mapreduce/lib/hadoop-annotations-2.7.2.jar:/home/kshanka2/p1/hadoop/share/hadoop/mapreduce/lib/junit-4.11.jar:/home/kshanka2/p1/hadoop/share/hadoop/mapreduce/lib/commons-io-2.4.jar:/home/kshanka2/p1/hadoop/share/hadoop/mapreduce/lib/avro-1.7.4.jar:/home/kshanka2/p1/hadoop/share/hadoop/mapreduce/lib/guice-3.0.jar:/home/kshanka2/p1/hadoop/share/hadoop/mapreduce/lib/jersey-core-1.9.jar:/home/kshanka2/p1/hadoop/share/hadoop/mapreduce/lib/leveldbjni-all-1.8.jar:/home/kshanka2/p1/hadoop/share/hadoop/mapreduce/lib/jackson-core-asl-1.9.13.jar:/home/kshanka2/p1/hadoop/share/hadoop/mapreduce/lib/javax.inject-1.jar:/home/kshanka2/p1/hadoop/share/hadoop/mapreduce/lib/jersey-server-1.9.jar:/home/kshanka2/p1/hadoop/share/hadoop/mapreduce/lib/netty-3.6.2.Final.jar:/home/kshanka2/p1/hadoop/share/hadoop/mapreduce/lib/jersey-guice-1.9.jar:/home/kshanka2/p1/hadoop/share/hadoop/mapreduce/lib/guice-servlet-3.0.jar:/home/kshanka2/p1/hadoop/share/hadoop/mapreduce/lib/commons-compress-1.4.1.jar:/home/kshanka2/p1/hadoop/share/hadoop/mapreduce/lib/protobuf-java-2.5.0.jar:/home/kshanka2/p1/hadoop/share/hadoop/mapreduce/lib/snappy-java-1.0.4.1.jar:/home/kshanka2/p1/hadoop/share/hadoop/mapreduce/lib/log4j-1.2.17.jar:/home/kshanka2/p1/hadoop/share/hadoop/mapreduce/lib/jackson-mapper-asl-1.9.13.jar:/home/kshanka2/p1/hadoop/share/hadoop/mapreduce/lib/aopalliance-1.0.jar:/home/kshanka2/p1/hadoop/share/hadoop/mapreduce/lib/paranamer-2.3.jar:/home/kshanka2/p1/hadoop/share/hadoop/mapreduce/hadoop-mapreduce-client-app-2.7.2.jar:/home/kshanka2/p1/hadoop/share/hadoop/mapreduce/hadoop-mapreduce-examples-2.7.2.jar:/home/kshanka2/p1/hadoop/share/hadoop/mapreduce/hadoop-mapreduce-client-hs-plugins-2.7.2.jar:/home/kshanka2/p1/hadoop/share/hadoop/mapreduce/hadoop-mapreduce-client-common-2.7.2.jar:/home/kshanka2/p1/hadoop/share/hadoop/mapreduce/hadoop-mapreduce-client-hs-2.7.2.jar:/home/kshanka2/p1/hadoop/share/hadoop/mapreduce/hadoop-mapreduce-client-core-2.7.2.jar:/home/kshanka2/p1/hadoop/share/hadoop/mapreduce/hadoop-mapreduce-client-jobclient-2.7.2.jar:/home/kshanka2/p1/hadoop/share/hadoop/mapreduce/hadoop-mapreduce-client-jobclient-2.7.2-tests.jar:/home/kshanka2/p1/hadoop/share/hadoop/mapreduce/hadoop-mapreduce-client-shuffle-2.7.2.jar
STARTUP_MSG:   build = https://git-wip-us.apache.org/repos/asf/hadoop.git -r b165c4fe8a74265c792ce23f546c64604acf0e41; compiled by 'jenkins' on 2016-01-26T00:08Z
STARTUP_MSG:   java = 1.8.0_121
************************************************************/
2020-03-25 03:24:02,657 INFO  [main] namenode.NameNode (LogAdapter.java:info(47)) - registered UNIX signal handlers for [TERM, HUP, INT]
2020-03-25 03:24:02,660 INFO  [main] namenode.NameNode (NameNode.java:createNameNode(1417)) - createNameNode []
2020-03-25 03:24:03,164 WARN  [main] impl.MetricsConfig (MetricsConfig.java:loadFirst(125)) - Cannot locate configuration: tried hadoop-metrics2-namenode.properties,hadoop-metrics2.properties
2020-03-25 03:24:03,445 INFO  [main] impl.MetricsSystemImpl (MetricsSystemImpl.java:startTimer(377)) - Scheduled snapshot period at 10 second(s).
2020-03-25 03:24:03,445 INFO  [main] impl.MetricsSystemImpl (MetricsSystemImpl.java:start(192)) - NameNode metrics system started
2020-03-25 03:24:03,450 INFO  [main] namenode.NameNode (NameNode.java:setClientNamenodeAddress(397)) - fs.defaultFS is hdfs://c101:9000
2020-03-25 03:24:03,451 INFO  [main] namenode.NameNode (NameNode.java:setClientNamenodeAddress(417)) - Clients are to use c101:9000 to access this namenode/service.
2020-03-25 03:24:03,800 INFO  [main] hdfs.DFSUtil (DFSUtil.java:httpServerTemplateForNNAndJN(1703)) - Starting Web-server for hdfs at: http://0.0.0.0:50070
2020-03-25 03:24:03,919 INFO  [main] mortbay.log (Slf4jLog.java:info(67)) - Logging to org.slf4j.impl.Log4jLoggerAdapter(org.mortbay.log) via org.mortbay.log.Slf4jLog
2020-03-25 03:24:03,933 INFO  [main] server.AuthenticationFilter (AuthenticationFilter.java:constructSecretProvider(284)) - Unable to initialize FileSignerSecretProvider, falling back to use random secrets.
2020-03-25 03:24:03,942 INFO  [main] http.HttpRequestLog (HttpRequestLog.java:getRequestLog(80)) - Http request log for http.requests.namenode is not defined
2020-03-25 03:24:03,951 INFO  [main] http.HttpServer2 (HttpServer2.java:addGlobalFilter(710)) - Added global filter 'safety' (class=org.apache.hadoop.http.HttpServer2$QuotingInputFilter)
2020-03-25 03:24:03,954 INFO  [main] http.HttpServer2 (HttpServer2.java:addFilter(685)) - Added filter static_user_filter (class=org.apache.hadoop.http.lib.StaticUserWebFilter$StaticUserFilter) to context hdfs
2020-03-25 03:24:03,955 INFO  [main] http.HttpServer2 (HttpServer2.java:addFilter(693)) - Added filter static_user_filter (class=org.apache.hadoop.http.lib.StaticUserWebFilter$StaticUserFilter) to context logs
2020-03-25 03:24:03,955 INFO  [main] http.HttpServer2 (HttpServer2.java:addFilter(693)) - Added filter static_user_filter (class=org.apache.hadoop.http.lib.StaticUserWebFilter$StaticUserFilter) to context static
2020-03-25 03:24:04,041 INFO  [main] http.HttpServer2 (NameNodeHttpServer.java:initWebHdfs(86)) - Added filter 'org.apache.hadoop.hdfs.web.AuthFilter' (class=org.apache.hadoop.hdfs.web.AuthFilter)
2020-03-25 03:24:04,043 INFO  [main] http.HttpServer2 (HttpServer2.java:addJerseyResourcePackage(609)) - addJerseyResourcePackage: packageName=org.apache.hadoop.hdfs.server.namenode.web.resources;org.apache.hadoop.hdfs.web.resources, pathSpec=/webhdfs/v1/*
2020-03-25 03:24:04,084 INFO  [main] http.HttpServer2 (HttpServer2.java:openListeners(915)) - Jetty bound to port 50070
2020-03-25 03:24:04,084 INFO  [main] mortbay.log (Slf4jLog.java:info(67)) - jetty-6.1.26
2020-03-25 03:24:04,212 WARN  [main] mortbay.log (Slf4jLog.java:warn(76)) - Can't reuse /tmp/Jetty_0_0_0_0_50070_hdfs____w2cu08, using /tmp/Jetty_0_0_0_0_50070_hdfs____w2cu08_3584725143750214789
2020-03-25 03:24:04,582 INFO  [main] mortbay.log (Slf4jLog.java:info(67)) - Started HttpServer2$SelectChannelConnectorWithSafeStartup@0.0.0.0:50070
2020-03-25 03:24:04,631 WARN  [main] common.Util (Util.java:stringAsURI(56)) - Path /tmp/kshanka2/name should be specified as a URI in configuration files. Please update hdfs configuration.
2020-03-25 03:24:04,632 WARN  [main] common.Util (Util.java:stringAsURI(56)) - Path /tmp/kshanka2/name should be specified as a URI in configuration files. Please update hdfs configuration.
2020-03-25 03:24:04,633 WARN  [main] namenode.FSNamesystem (FSNamesystem.java:checkConfiguration(647)) - Only one image storage directory (dfs.namenode.name.dir) configured. Beware of data loss due to lack of redundant storage directories!
2020-03-25 03:24:04,633 WARN  [main] namenode.FSNamesystem (FSNamesystem.java:checkConfiguration(652)) - Only one namespace edits storage directory (dfs.namenode.edits.dir) configured. Beware of data loss due to lack of redundant storage directories!
2020-03-25 03:24:04,645 WARN  [main] common.Util (Util.java:stringAsURI(56)) - Path /tmp/kshanka2/name should be specified as a URI in configuration files. Please update hdfs configuration.
2020-03-25 03:24:04,645 WARN  [main] common.Util (Util.java:stringAsURI(56)) - Path /tmp/kshanka2/name should be specified as a URI in configuration files. Please update hdfs configuration.
2020-03-25 03:24:04,735 INFO  [main] namenode.FSNamesystem (FSNamesystem.java:<init>(716)) - No KeyProvider found.
2020-03-25 03:24:04,736 INFO  [main] namenode.FSNamesystem (FSNamesystem.java:<init>(726)) - fsLock is fair:true
2020-03-25 03:24:04,807 INFO  [main] blockmanagement.DatanodeManager (DatanodeManager.java:<init>(239)) - dfs.block.invalidate.limit=1000
2020-03-25 03:24:04,807 INFO  [main] blockmanagement.DatanodeManager (DatanodeManager.java:<init>(245)) - dfs.namenode.datanode.registration.ip-hostname-check=true
2020-03-25 03:24:04,809 INFO  [main] blockmanagement.BlockManager (InvalidateBlocks.java:printBlockDeletionTime(71)) - dfs.namenode.startup.delay.block.deletion.sec is set to 000:00:00:00.000
2020-03-25 03:24:04,812 INFO  [main] blockmanagement.BlockManager (InvalidateBlocks.java:printBlockDeletionTime(76)) - The block deletion will start around 2020 Mar 25 03:24:04
2020-03-25 03:24:04,815 INFO  [main] util.GSet (LightWeightGSet.java:computeCapacity(354)) - Computing capacity for map BlocksMap
2020-03-25 03:24:04,815 INFO  [main] util.GSet (LightWeightGSet.java:computeCapacity(355)) - VM type       = 64-bit
2020-03-25 03:24:04,819 INFO  [main] util.GSet (LightWeightGSet.java:computeCapacity(356)) - 2.0% max memory 889 MB = 17.8 MB
2020-03-25 03:24:04,820 INFO  [main] util.GSet (LightWeightGSet.java:computeCapacity(361)) - capacity      = 2^21 = 2097152 entries
2020-03-25 03:24:04,834 INFO  [main] blockmanagement.BlockManager (BlockManager.java:createBlockTokenSecretManager(358)) - dfs.block.access.token.enable=false
2020-03-25 03:24:04,835 INFO  [main] blockmanagement.BlockManager (BlockManager.java:<init>(344)) - defaultReplication         = 1
2020-03-25 03:24:04,835 INFO  [main] blockmanagement.BlockManager (BlockManager.java:<init>(345)) - maxReplication             = 512
2020-03-25 03:24:04,835 INFO  [main] blockmanagement.BlockManager (BlockManager.java:<init>(346)) - minReplication             = 1
2020-03-25 03:24:04,835 INFO  [main] blockmanagement.BlockManager (BlockManager.java:<init>(347)) - maxReplicationStreams      = 2
2020-03-25 03:24:04,835 INFO  [main] blockmanagement.BlockManager (BlockManager.java:<init>(348)) - replicationRecheckInterval = 3000
2020-03-25 03:24:04,835 INFO  [main] blockmanagement.BlockManager (BlockManager.java:<init>(349)) - encryptDataTransfer        = false
2020-03-25 03:24:04,836 INFO  [main] blockmanagement.BlockManager (BlockManager.java:<init>(350)) - maxNumBlocksToLog          = 1000
2020-03-25 03:24:04,846 INFO  [main] namenode.FSNamesystem (FSNamesystem.java:<init>(746)) - fsOwner             = kshanka2 (auth:SIMPLE)
2020-03-25 03:24:04,846 INFO  [main] namenode.FSNamesystem (FSNamesystem.java:<init>(747)) - supergroup          = supergroup
2020-03-25 03:24:04,846 INFO  [main] namenode.FSNamesystem (FSNamesystem.java:<init>(748)) - isPermissionEnabled = true
2020-03-25 03:24:04,846 INFO  [main] namenode.FSNamesystem (FSNamesystem.java:<init>(759)) - HA Enabled: false
2020-03-25 03:24:04,849 INFO  [main] namenode.FSNamesystem (FSNamesystem.java:<init>(796)) - Append Enabled: true
2020-03-25 03:24:05,139 INFO  [main] util.GSet (LightWeightGSet.java:computeCapacity(354)) - Computing capacity for map INodeMap
2020-03-25 03:24:05,140 INFO  [main] util.GSet (LightWeightGSet.java:computeCapacity(355)) - VM type       = 64-bit
2020-03-25 03:24:05,140 INFO  [main] util.GSet (LightWeightGSet.java:computeCapacity(356)) - 1.0% max memory 889 MB = 8.9 MB
2020-03-25 03:24:05,140 INFO  [main] util.GSet (LightWeightGSet.java:computeCapacity(361)) - capacity      = 2^20 = 1048576 entries
2020-03-25 03:24:05,142 INFO  [main] namenode.FSDirectory (FSDirectory.java:<init>(235)) - ACLs enabled? false
2020-03-25 03:24:05,142 INFO  [main] namenode.FSDirectory (FSDirectory.java:<init>(239)) - XAttrs enabled? true
2020-03-25 03:24:05,142 INFO  [main] namenode.FSDirectory (FSDirectory.java:<init>(247)) - Maximum size of an xattr: 16384
2020-03-25 03:24:05,142 INFO  [main] namenode.NameNode (FSDirectory.java:<init>(298)) - Caching file names occuring more than 10 times
2020-03-25 03:24:05,154 INFO  [main] util.GSet (LightWeightGSet.java:computeCapacity(354)) - Computing capacity for map cachedBlocks
2020-03-25 03:24:05,154 INFO  [main] util.GSet (LightWeightGSet.java:computeCapacity(355)) - VM type       = 64-bit
2020-03-25 03:24:05,154 INFO  [main] util.GSet (LightWeightGSet.java:computeCapacity(356)) - 0.25% max memory 889 MB = 2.2 MB
2020-03-25 03:24:05,154 INFO  [main] util.GSet (LightWeightGSet.java:computeCapacity(361)) - capacity      = 2^18 = 262144 entries
2020-03-25 03:24:05,157 INFO  [main] namenode.FSNamesystem (FSNamesystem.java:<init>(5166)) - dfs.namenode.safemode.threshold-pct = 0.9990000128746033
2020-03-25 03:24:05,157 INFO  [main] namenode.FSNamesystem (FSNamesystem.java:<init>(5167)) - dfs.namenode.safemode.min.datanodes = 0
2020-03-25 03:24:05,157 INFO  [main] namenode.FSNamesystem (FSNamesystem.java:<init>(5168)) - dfs.namenode.safemode.extension     = 30000
2020-03-25 03:24:05,161 INFO  [main] metrics.TopMetrics (TopMetrics.java:logConf(65)) - NNTop conf: dfs.namenode.top.window.num.buckets = 10
2020-03-25 03:24:05,162 INFO  [main] metrics.TopMetrics (TopMetrics.java:logConf(67)) - NNTop conf: dfs.namenode.top.num.users = 10
2020-03-25 03:24:05,162 INFO  [main] metrics.TopMetrics (TopMetrics.java:logConf(69)) - NNTop conf: dfs.namenode.top.windows.minutes = 1,5,25
2020-03-25 03:24:05,164 INFO  [main] namenode.FSNamesystem (FSNamesystem.java:initRetryCache(905)) - Retry cache on namenode is enabled
2020-03-25 03:24:05,164 INFO  [main] namenode.FSNamesystem (FSNamesystem.java:initRetryCache(913)) - Retry cache will use 0.03 of total heap and retry cache entry expiry time is 600000 millis
2020-03-25 03:24:05,167 INFO  [main] util.GSet (LightWeightGSet.java:computeCapacity(354)) - Computing capacity for map NameNodeRetryCache
2020-03-25 03:24:05,167 INFO  [main] util.GSet (LightWeightGSet.java:computeCapacity(355)) - VM type       = 64-bit
2020-03-25 03:24:05,167 INFO  [main] util.GSet (LightWeightGSet.java:computeCapacity(356)) - 0.029999999329447746% max memory 889 MB = 273.1 KB
2020-03-25 03:24:05,168 INFO  [main] util.GSet (LightWeightGSet.java:computeCapacity(361)) - capacity      = 2^15 = 32768 entries
2020-03-25 03:24:05,217 INFO  [main] common.Storage (Storage.java:tryLock(715)) - Lock on /tmp/kshanka2/name/in_use.lock acquired by nodename 27234@c101.localdomain
2020-03-25 03:24:05,294 INFO  [main] namenode.FileJournalManager (FileJournalManager.java:recoverUnfinalizedSegments(362)) - Recovering unfinalized segments in /tmp/kshanka2/name/current
2020-03-25 03:24:05,295 INFO  [main] namenode.FSImage (FSImage.java:loadFSImage(669)) - No edit log streams selected.
2020-03-25 03:24:05,365 INFO  [main] namenode.FSImageFormatPBINode (FSImageFormatPBINode.java:loadINodeSection(255)) - Loading 1 INodes.
2020-03-25 03:24:05,410 INFO  [main] namenode.FSImageFormatProtobuf (FSImageFormatProtobuf.java:load(181)) - Loaded FSImage in 0 seconds.
2020-03-25 03:24:05,411 INFO  [main] namenode.FSImage (FSImage.java:loadFSImage(970)) - Loaded image for txid 0 from /tmp/kshanka2/name/current/fsimage_0000000000000000000
2020-03-25 03:24:05,424 INFO  [main] namenode.FSNamesystem (FSNamesystem.java:loadFSImage(982)) - Need to save fs image? false (staleImage=false, haEnabled=false, isRollingUpgrade=false)
2020-03-25 03:24:05,424 INFO  [main] namenode.FSEditLog (FSEditLog.java:startLogSegment(1218)) - Starting log segment at 1
2020-03-25 03:24:05,751 INFO  [main] namenode.NameCache (NameCache.java:initialized(143)) - initialized with 0 entries 0 lookups
2020-03-25 03:24:05,752 INFO  [main] namenode.FSNamesystem (FSNamesystem.java:loadFromDisk(688)) - Finished loading FSImage in 580 msecs
2020-03-25 03:24:06,277 INFO  [main] namenode.NameNode (NameNodeRpcServer.java:<init>(342)) - RPC server is binding to c101:9000
2020-03-25 03:24:06,287 INFO  [main] ipc.CallQueueManager (CallQueueManager.java:<init>(53)) - Using callQueue class java.util.concurrent.LinkedBlockingQueue
2020-03-25 03:24:06,305 INFO  [Socket Reader #1 for port 9000] ipc.Server (Server.java:run(606)) - Starting Socket Reader #1 for port 9000
2020-03-25 03:24:06,374 INFO  [main] namenode.FSNamesystem (FSNamesystem.java:registerMBean(6031)) - Registered FSNamesystemState MBean
2020-03-25 03:24:06,376 WARN  [main] common.Util (Util.java:stringAsURI(56)) - Path /tmp/kshanka2/name should be specified as a URI in configuration files. Please update hdfs configuration.
2020-03-25 03:24:06,414 INFO  [main] namenode.LeaseManager (LeaseManager.java:getNumUnderConstructionBlocks(136)) - Number of blocks under construction: 0
2020-03-25 03:24:06,415 INFO  [main] namenode.LeaseManager (LeaseManager.java:getNumUnderConstructionBlocks(136)) - Number of blocks under construction: 0
2020-03-25 03:24:06,415 INFO  [main] namenode.FSNamesystem (FSNamesystem.java:initializeReplQueues(1182)) - initializing replication queues
2020-03-25 03:24:06,416 INFO  [main] hdfs.StateChange (FSNamesystem.java:leave(5241)) - STATE* Leaving safe mode after 1 secs
2020-03-25 03:24:06,416 INFO  [main] hdfs.StateChange (FSNamesystem.java:leave(5253)) - STATE* Network topology has 0 racks and 0 datanodes
2020-03-25 03:24:06,416 INFO  [main] hdfs.StateChange (FSNamesystem.java:leave(5256)) - STATE* UnderReplicatedBlocks has 0 blocks
2020-03-25 03:24:06,428 INFO  [main] blockmanagement.DatanodeDescriptor (DatanodeDescriptor.java:updateHeartbeatState(451)) - Number of failed storage changes from 0 to 0
2020-03-25 03:24:06,444 INFO  [Replication Queue Initializer] blockmanagement.BlockManager (BlockManager.java:processMisReplicatesAsync(2763)) - Total number of blocks            = 0
2020-03-25 03:24:06,445 INFO  [Replication Queue Initializer] blockmanagement.BlockManager (BlockManager.java:processMisReplicatesAsync(2764)) - Number of invalid blocks          = 0
2020-03-25 03:24:06,445 INFO  [Replication Queue Initializer] blockmanagement.BlockManager (BlockManager.java:processMisReplicatesAsync(2765)) - Number of under-replicated blocks = 0
2020-03-25 03:24:06,445 INFO  [Replication Queue Initializer] blockmanagement.BlockManager (BlockManager.java:processMisReplicatesAsync(2766)) - Number of  over-replicated blocks = 0
2020-03-25 03:24:06,445 INFO  [Replication Queue Initializer] blockmanagement.BlockManager (BlockManager.java:processMisReplicatesAsync(2768)) - Number of blocks being written    = 0
2020-03-25 03:24:06,445 INFO  [Replication Queue Initializer] hdfs.StateChange (BlockManager.java:processMisReplicatesAsync(2769)) - STATE* Replication Queue initialization scan for invalid, over- and under-replicated blocks completed in 29 msec
2020-03-25 03:24:06,486 INFO  [IPC Server Responder] ipc.Server (Server.java:run(836)) - IPC Server Responder: starting
2020-03-25 03:24:06,486 INFO  [IPC Server listener on 9000] ipc.Server (Server.java:run(676)) - IPC Server listener on 9000: starting
2020-03-25 03:24:06,498 INFO  [main] namenode.NameNode (NameNode.java:startCommonServices(695)) - NameNode RPC up at: c101/10.4.1.102:9000
2020-03-25 03:24:06,498 INFO  [main] namenode.FSNamesystem (FSNamesystem.java:startActiveServices(1103)) - Starting services required for active state
2020-03-25 03:24:06,514 INFO  [CacheReplicationMonitor(1266883491)] blockmanagement.CacheReplicationMonitor (CacheReplicationMonitor.java:run(160)) - Starting CacheReplicationMonitor with interval 30000 milliseconds
2020-03-25 03:24:11,083 INFO  [IPC Server handler 1 on 9000] hdfs.StateChange (DatanodeManager.java:registerDatanode(879)) - BLOCK* registerDatanode: from DatanodeRegistration(10.4.1.102:50010, datanodeUuid=4a881d3c-8980-43d3-b59b-307b33173557, infoPort=50075, infoSecurePort=0, ipcPort=50020, storageInfo=lv=-56;cid=CID-0b287321-810f-4e64-a224-1496e0ed13d2;nsid=132661680;c=0) storage 4a881d3c-8980-43d3-b59b-307b33173557
2020-03-25 03:24:11,084 INFO  [IPC Server handler 1 on 9000] blockmanagement.DatanodeDescriptor (DatanodeDescriptor.java:updateHeartbeatState(451)) - Number of failed storage changes from 0 to 0
2020-03-25 03:24:11,086 INFO  [IPC Server handler 1 on 9000] net.NetworkTopology (NetworkTopology.java:add(419)) - Adding a new node: /default-rack/10.4.1.102:50010
2020-03-25 03:24:11,223 INFO  [IPC Server handler 0 on 9000] blockmanagement.DatanodeDescriptor (DatanodeDescriptor.java:updateHeartbeatState(451)) - Number of failed storage changes from 0 to 0
2020-03-25 03:24:11,223 INFO  [IPC Server handler 0 on 9000] blockmanagement.DatanodeDescriptor (DatanodeDescriptor.java:updateStorage(867)) - Adding new storage ID DS-88a56ff3-5a6b-4f0e-a699-37c67b6d4fdc for DN 10.4.1.102:50010
2020-03-25 03:24:11,306 INFO  [IPC Server handler 2 on 9000] BlockStateChange (BlockManager.java:processReport(1859)) - BLOCK* processReport: from storage DS-88a56ff3-5a6b-4f0e-a699-37c67b6d4fdc node DatanodeRegistration(10.4.1.102:50010, datanodeUuid=4a881d3c-8980-43d3-b59b-307b33173557, infoPort=50075, infoSecurePort=0, ipcPort=50020, storageInfo=lv=-56;cid=CID-0b287321-810f-4e64-a224-1496e0ed13d2;nsid=132661680;c=0), blocks: 0, hasStaleStorage: false, processing time: 2 msecs
2020-03-25 03:24:16,223 INFO  [IPC Server handler 2 on 9000] hdfs.StateChange (DatanodeManager.java:registerDatanode(879)) - BLOCK* registerDatanode: from DatanodeRegistration(10.4.1.105:50010, datanodeUuid=0ff075d6-2bd0-4153-8396-b7b81a40a0bd, infoPort=50075, infoSecurePort=0, ipcPort=50020, storageInfo=lv=-56;cid=CID-0b287321-810f-4e64-a224-1496e0ed13d2;nsid=132661680;c=0) storage 0ff075d6-2bd0-4153-8396-b7b81a40a0bd
2020-03-25 03:24:16,224 INFO  [IPC Server handler 2 on 9000] blockmanagement.DatanodeDescriptor (DatanodeDescriptor.java:updateHeartbeatState(451)) - Number of failed storage changes from 0 to 0
2020-03-25 03:24:16,225 INFO  [IPC Server handler 2 on 9000] net.NetworkTopology (NetworkTopology.java:add(419)) - Adding a new node: /default-rack/10.4.1.105:50010
2020-03-25 03:24:16,318 INFO  [IPC Server handler 3 on 9000] blockmanagement.DatanodeDescriptor (DatanodeDescriptor.java:updateHeartbeatState(451)) - Number of failed storage changes from 0 to 0
2020-03-25 03:24:16,319 INFO  [IPC Server handler 3 on 9000] blockmanagement.DatanodeDescriptor (DatanodeDescriptor.java:updateStorage(867)) - Adding new storage ID DS-40e2ed09-a448-4ed6-a492-b0f000af028f for DN 10.4.1.105:50010
2020-03-25 03:24:16,371 INFO  [IPC Server handler 4 on 9000] BlockStateChange (BlockManager.java:processReport(1859)) - BLOCK* processReport: from storage DS-40e2ed09-a448-4ed6-a492-b0f000af028f node DatanodeRegistration(10.4.1.105:50010, datanodeUuid=0ff075d6-2bd0-4153-8396-b7b81a40a0bd, infoPort=50075, infoSecurePort=0, ipcPort=50020, storageInfo=lv=-56;cid=CID-0b287321-810f-4e64-a224-1496e0ed13d2;nsid=132661680;c=0), blocks: 0, hasStaleStorage: false, processing time: 0 msecs
2020-03-25 03:24:16,591 INFO  [IPC Server handler 1 on 9000] hdfs.StateChange (DatanodeManager.java:registerDatanode(879)) - BLOCK* registerDatanode: from DatanodeRegistration(10.4.1.104:50010, datanodeUuid=45da3719-1edc-433d-ba54-e03a2d0d8a50, infoPort=50075, infoSecurePort=0, ipcPort=50020, storageInfo=lv=-56;cid=CID-0b287321-810f-4e64-a224-1496e0ed13d2;nsid=132661680;c=0) storage 45da3719-1edc-433d-ba54-e03a2d0d8a50
2020-03-25 03:24:16,592 INFO  [IPC Server handler 1 on 9000] blockmanagement.DatanodeDescriptor (DatanodeDescriptor.java:updateHeartbeatState(451)) - Number of failed storage changes from 0 to 0
2020-03-25 03:24:16,593 INFO  [IPC Server handler 1 on 9000] net.NetworkTopology (NetworkTopology.java:add(419)) - Adding a new node: /default-rack/10.4.1.104:50010
2020-03-25 03:24:16,748 INFO  [IPC Server handler 0 on 9000] blockmanagement.DatanodeDescriptor (DatanodeDescriptor.java:updateHeartbeatState(451)) - Number of failed storage changes from 0 to 0
2020-03-25 03:24:16,749 INFO  [IPC Server handler 0 on 9000] blockmanagement.DatanodeDescriptor (DatanodeDescriptor.java:updateStorage(867)) - Adding new storage ID DS-e921d089-b2f2-4bd8-8c3c-9ed88cf7dcef for DN 10.4.1.104:50010
2020-03-25 03:24:16,794 INFO  [IPC Server handler 2 on 9000] BlockStateChange (BlockManager.java:processReport(1859)) - BLOCK* processReport: from storage DS-e921d089-b2f2-4bd8-8c3c-9ed88cf7dcef node DatanodeRegistration(10.4.1.104:50010, datanodeUuid=45da3719-1edc-433d-ba54-e03a2d0d8a50, infoPort=50075, infoSecurePort=0, ipcPort=50020, storageInfo=lv=-56;cid=CID-0b287321-810f-4e64-a224-1496e0ed13d2;nsid=132661680;c=0), blocks: 0, hasStaleStorage: false, processing time: 0 msecs
2020-03-25 03:24:17,530 INFO  [IPC Server handler 1 on 9000] hdfs.StateChange (DatanodeManager.java:registerDatanode(879)) - BLOCK* registerDatanode: from DatanodeRegistration(10.4.1.103:50010, datanodeUuid=f886ac73-dc47-4560-b572-5f89b02e8b62, infoPort=50075, infoSecurePort=0, ipcPort=50020, storageInfo=lv=-56;cid=CID-0b287321-810f-4e64-a224-1496e0ed13d2;nsid=132661680;c=0) storage f886ac73-dc47-4560-b572-5f89b02e8b62
2020-03-25 03:24:17,531 INFO  [IPC Server handler 1 on 9000] blockmanagement.DatanodeDescriptor (DatanodeDescriptor.java:updateHeartbeatState(451)) - Number of failed storage changes from 0 to 0
2020-03-25 03:24:17,534 INFO  [IPC Server handler 1 on 9000] net.NetworkTopology (NetworkTopology.java:add(419)) - Adding a new node: /default-rack/10.4.1.103:50010
2020-03-25 03:24:17,621 INFO  [IPC Server handler 0 on 9000] blockmanagement.DatanodeDescriptor (DatanodeDescriptor.java:updateHeartbeatState(451)) - Number of failed storage changes from 0 to 0
2020-03-25 03:24:17,621 INFO  [IPC Server handler 0 on 9000] blockmanagement.DatanodeDescriptor (DatanodeDescriptor.java:updateStorage(867)) - Adding new storage ID DS-d1ab51fe-993d-4cff-a3f1-07ceeae741ac for DN 10.4.1.103:50010
2020-03-25 03:24:17,660 INFO  [IPC Server handler 2 on 9000] BlockStateChange (BlockManager.java:processReport(1859)) - BLOCK* processReport: from storage DS-d1ab51fe-993d-4cff-a3f1-07ceeae741ac node DatanodeRegistration(10.4.1.103:50010, datanodeUuid=f886ac73-dc47-4560-b572-5f89b02e8b62, infoPort=50075, infoSecurePort=0, ipcPort=50020, storageInfo=lv=-56;cid=CID-0b287321-810f-4e64-a224-1496e0ed13d2;nsid=132661680;c=0), blocks: 0, hasStaleStorage: false, processing time: 0 msecs
2020-03-25 03:24:22,619 INFO  [IPC Server handler 2 on 9000] FSNamesystem.audit (FSNamesystem.java:logAuditMessage(8249)) - allowed=true	ugi=kshanka2 (auth:SIMPLE)	ip=/10.4.1.102	cmd=getfileinfo	src=/user	dst=null	perm=null	proto=rpc
2020-03-25 03:24:22,669 INFO  [IPC Server handler 4 on 9000] FSNamesystem.audit (FSNamesystem.java:logAuditMessage(8249)) - allowed=true	ugi=kshanka2 (auth:SIMPLE)	ip=/10.4.1.102	cmd=getfileinfo	src=/	dst=null	perm=null	proto=rpc
2020-03-25 03:24:22,767 INFO  [IPC Server handler 5 on 9000] FSNamesystem.audit (FSNamesystem.java:logAuditMessage(8249)) - allowed=true	ugi=kshanka2 (auth:SIMPLE)	ip=/10.4.1.102	cmd=mkdirs	src=/user	dst=null	perm=kshanka2:supergroup:rwxr-xr-x	proto=rpc
2020-03-25 03:24:25,541 INFO  [IPC Server handler 0 on 9000] FSNamesystem.audit (FSNamesystem.java:logAuditMessage(8249)) - allowed=true	ugi=kshanka2 (auth:SIMPLE)	ip=/10.4.1.102	cmd=getfileinfo	src=/user/kshanka2	dst=null	perm=null	proto=rpc
2020-03-25 03:24:25,584 INFO  [IPC Server handler 3 on 9000] FSNamesystem.audit (FSNamesystem.java:logAuditMessage(8249)) - allowed=true	ugi=kshanka2 (auth:SIMPLE)	ip=/10.4.1.102	cmd=getfileinfo	src=/user	dst=null	perm=null	proto=rpc
2020-03-25 03:24:25,646 INFO  [IPC Server handler 4 on 9000] FSNamesystem.audit (FSNamesystem.java:logAuditMessage(8249)) - allowed=true	ugi=kshanka2 (auth:SIMPLE)	ip=/10.4.1.102	cmd=mkdirs	src=/user/kshanka2	dst=null	perm=kshanka2:supergroup:rwxr-xr-x	proto=rpc
2020-03-25 03:25:16,400 INFO  [IPC Server handler 1 on 9000] namenode.FSNamesystem (FSNamesystem.java:rollEditLog(5830)) - Roll Edit Log from 10.4.1.102
2020-03-25 03:25:16,401 INFO  [IPC Server handler 1 on 9000] namenode.FSEditLog (FSEditLog.java:rollEditLog(1202)) - Rolling edit logs
2020-03-25 03:25:16,402 INFO  [IPC Server handler 1 on 9000] namenode.FSEditLog (FSEditLog.java:endCurrentLogSegment(1259)) - Ending log segment 1
2020-03-25 03:25:16,402 INFO  [IPC Server handler 1 on 9000] namenode.FSEditLog (FSEditLog.java:printStatistics(699)) - Number of transactions: 4 Total time for transactions(ms): 19 Number of transactions batched in Syncs: 0 Number of syncs: 4 SyncTimes(ms): 103 
2020-03-25 03:25:16,415 INFO  [IPC Server handler 1 on 9000] namenode.FSEditLog (FSEditLog.java:printStatistics(699)) - Number of transactions: 4 Total time for transactions(ms): 19 Number of transactions batched in Syncs: 0 Number of syncs: 5 SyncTimes(ms): 115 
2020-03-25 03:25:16,419 INFO  [IPC Server handler 1 on 9000] namenode.FileJournalManager (FileJournalManager.java:finalizeLogSegment(133)) - Finalizing edits file /tmp/kshanka2/name/current/edits_inprogress_0000000000000000001 -> /tmp/kshanka2/name/current/edits_0000000000000000001-0000000000000000004
2020-03-25 03:25:16,428 INFO  [IPC Server handler 1 on 9000] namenode.FSEditLog (FSEditLog.java:startLogSegment(1218)) - Starting log segment at 5
2020-03-25 03:26:16,590 INFO  [IPC Server handler 5 on 9000] namenode.FSNamesystem (FSNamesystem.java:rollEditLog(5830)) - Roll Edit Log from 10.4.1.102
2020-03-25 03:26:16,591 INFO  [IPC Server handler 5 on 9000] namenode.FSEditLog (FSEditLog.java:rollEditLog(1202)) - Rolling edit logs
2020-03-25 03:26:16,591 INFO  [IPC Server handler 5 on 9000] namenode.FSEditLog (FSEditLog.java:endCurrentLogSegment(1259)) - Ending log segment 5
2020-03-25 03:26:16,592 INFO  [IPC Server handler 5 on 9000] namenode.FSEditLog (FSEditLog.java:printStatistics(699)) - Number of transactions: 2 Total time for transactions(ms): 0 Number of transactions batched in Syncs: 0 Number of syncs: 2 SyncTimes(ms): 56 
2020-03-25 03:26:16,609 INFO  [IPC Server handler 5 on 9000] namenode.FSEditLog (FSEditLog.java:printStatistics(699)) - Number of transactions: 2 Total time for transactions(ms): 0 Number of transactions batched in Syncs: 0 Number of syncs: 3 SyncTimes(ms): 73 
2020-03-25 03:26:16,612 INFO  [IPC Server handler 5 on 9000] namenode.FileJournalManager (FileJournalManager.java:finalizeLogSegment(133)) - Finalizing edits file /tmp/kshanka2/name/current/edits_inprogress_0000000000000000005 -> /tmp/kshanka2/name/current/edits_0000000000000000005-0000000000000000006
2020-03-25 03:26:16,612 INFO  [IPC Server handler 5 on 9000] namenode.FSEditLog (FSEditLog.java:startLogSegment(1218)) - Starting log segment at 7
2020-03-25 03:26:35,188 INFO  [IPC Server handler 1 on 9000] FSNamesystem.audit (FSNamesystem.java:logAuditMessage(8249)) - allowed=true	ugi=kshanka2 (auth:SIMPLE)	ip=/10.4.1.102	cmd=getfileinfo	src=/user/kshanka2/input0	dst=null	perm=null	proto=rpc
2020-03-25 03:26:35,244 INFO  [IPC Server handler 0 on 9000] FSNamesystem.audit (FSNamesystem.java:logAuditMessage(8249)) - allowed=true	ugi=kshanka2 (auth:SIMPLE)	ip=/10.4.1.102	cmd=getfileinfo	src=/user/kshanka2	dst=null	perm=null	proto=rpc
2020-03-25 03:26:35,304 INFO  [IPC Server handler 3 on 9000] FSNamesystem.audit (FSNamesystem.java:logAuditMessage(8249)) - allowed=true	ugi=kshanka2 (auth:SIMPLE)	ip=/10.4.1.102	cmd=mkdirs	src=/user/kshanka2/input0	dst=null	perm=kshanka2:supergroup:rwxr-xr-x	proto=rpc
2020-03-25 03:26:35,315 INFO  [IPC Server handler 2 on 9000] FSNamesystem.audit (FSNamesystem.java:logAuditMessage(8249)) - allowed=true	ugi=kshanka2 (auth:SIMPLE)	ip=/10.4.1.102	cmd=getfileinfo	src=/user/kshanka2/input0	dst=null	perm=null	proto=rpc
2020-03-25 03:26:35,323 INFO  [IPC Server handler 4 on 9000] FSNamesystem.audit (FSNamesystem.java:logAuditMessage(8249)) - allowed=true	ugi=kshanka2 (auth:SIMPLE)	ip=/10.4.1.102	cmd=getfileinfo	src=/user/kshanka2/input0/al-green.txt	dst=null	perm=null	proto=rpc
2020-03-25 03:26:35,334 INFO  [IPC Server handler 6 on 9000] FSNamesystem.audit (FSNamesystem.java:logAuditMessage(8249)) - allowed=true	ugi=kshanka2 (auth:SIMPLE)	ip=/10.4.1.102	cmd=getfileinfo	src=/user/kshanka2/input0/al-green.txt._COPYING_	dst=null	perm=null	proto=rpc
2020-03-25 03:26:35,445 INFO  [IPC Server handler 7 on 9000] FSNamesystem.audit (FSNamesystem.java:logAuditMessage(8249)) - allowed=true	ugi=kshanka2 (auth:SIMPLE)	ip=/10.4.1.102	cmd=create	src=/user/kshanka2/input0/al-green.txt._COPYING_	dst=null	perm=kshanka2:supergroup:rw-r--r--	proto=rpc
2020-03-25 03:26:35,479 INFO  [IPC Server handler 5 on 9000] FSNamesystem.audit (FSNamesystem.java:logAuditMessage(8249)) - allowed=true	ugi=kshanka2 (auth:SIMPLE)	ip=/10.4.1.102	cmd=getfileinfo	src=/user/kshanka2/input0/al-green.txt._COPYING_	dst=null	perm=null	proto=rpc
2020-03-25 03:26:35,529 INFO  [IPC Server handler 8 on 9000] hdfs.StateChange (FSNamesystem.java:saveAllocatedBlock(3572)) - BLOCK* allocate blk_1073741825_1001{UCState=UNDER_CONSTRUCTION, truncateBlock=null, primaryNodeIndex=-1, replicas=[ReplicaUC[[DISK]DS-88a56ff3-5a6b-4f0e-a699-37c67b6d4fdc:NORMAL:10.4.1.102:50010|RBW]]} for /user/kshanka2/input0/al-green.txt._COPYING_
2020-03-25 03:26:35,927 INFO  [IPC Server handler 0 on 9000] namenode.FSNamesystem (FSNamesystem.java:isCompleteBlock(3616)) - BLOCK* blk_1073741825_1001{UCState=COMMITTED, truncateBlock=null, primaryNodeIndex=-1, replicas=[ReplicaUC[[DISK]DS-88a56ff3-5a6b-4f0e-a699-37c67b6d4fdc:NORMAL:10.4.1.102:50010|RBW]]} is not COMPLETE (ucState = COMMITTED, replication# = 0 <  minimum = 1) in file /user/kshanka2/input0/al-green.txt._COPYING_
2020-03-25 03:26:35,928 INFO  [IPC Server handler 0 on 9000] namenode.EditLogFileOutputStream (EditLogFileOutputStream.java:flushAndSync(200)) - Nothing to flush
2020-03-25 03:26:35,947 INFO  [IPC Server handler 3 on 9000] BlockStateChange (BlockManager.java:logAddStoredBlock(2621)) - BLOCK* addStoredBlock: blockMap updated: 10.4.1.102:50010 is added to blk_1073741825_1001{UCState=COMMITTED, truncateBlock=null, primaryNodeIndex=-1, replicas=[ReplicaUC[[DISK]DS-88a56ff3-5a6b-4f0e-a699-37c67b6d4fdc:NORMAL:10.4.1.102:50010|RBW]]} size 80413
2020-03-25 03:26:36,353 INFO  [IPC Server handler 7 on 9000] hdfs.StateChange (FSNamesystem.java:completeFile(3492)) - DIR* completeFile: /user/kshanka2/input0/al-green.txt._COPYING_ is closed by DFSClient_NONMAPREDUCE_-1894361926_1
2020-03-25 03:26:36,387 INFO  [IPC Server handler 5 on 9000] FSNamesystem.audit (FSNamesystem.java:logAuditMessage(8249)) - allowed=true	ugi=kshanka2 (auth:SIMPLE)	ip=/10.4.1.102	cmd=rename	src=/user/kshanka2/input0/al-green.txt._COPYING_	dst=/user/kshanka2/input0/al-green.txt	perm=kshanka2:supergroup:rw-r--r--	proto=rpc
2020-03-25 03:26:36,405 INFO  [IPC Server handler 9 on 9000] FSNamesystem.audit (FSNamesystem.java:logAuditMessage(8249)) - allowed=true	ugi=kshanka2 (auth:SIMPLE)	ip=/10.4.1.102	cmd=getfileinfo	src=/user/kshanka2/input0/bruce-springsteen.txt	dst=null	perm=null	proto=rpc
2020-03-25 03:26:36,411 INFO  [IPC Server handler 8 on 9000] FSNamesystem.audit (FSNamesystem.java:logAuditMessage(8249)) - allowed=true	ugi=kshanka2 (auth:SIMPLE)	ip=/10.4.1.102	cmd=getfileinfo	src=/user/kshanka2/input0/bruce-springsteen.txt._COPYING_	dst=null	perm=null	proto=rpc
2020-03-25 03:26:36,420 INFO  [IPC Server handler 1 on 9000] FSNamesystem.audit (FSNamesystem.java:logAuditMessage(8249)) - allowed=true	ugi=kshanka2 (auth:SIMPLE)	ip=/10.4.1.102	cmd=create	src=/user/kshanka2/input0/bruce-springsteen.txt._COPYING_	dst=null	perm=kshanka2:supergroup:rw-r--r--	proto=rpc
2020-03-25 03:26:36,426 INFO  [IPC Server handler 0 on 9000] FSNamesystem.audit (FSNamesystem.java:logAuditMessage(8249)) - allowed=true	ugi=kshanka2 (auth:SIMPLE)	ip=/10.4.1.102	cmd=getfileinfo	src=/user/kshanka2/input0/bruce-springsteen.txt._COPYING_	dst=null	perm=null	proto=rpc
2020-03-25 03:26:36,439 INFO  [IPC Server handler 3 on 9000] hdfs.StateChange (FSNamesystem.java:saveAllocatedBlock(3572)) - BLOCK* allocate blk_1073741826_1002{UCState=UNDER_CONSTRUCTION, truncateBlock=null, primaryNodeIndex=-1, replicas=[ReplicaUC[[DISK]DS-88a56ff3-5a6b-4f0e-a699-37c67b6d4fdc:NORMAL:10.4.1.102:50010|RBW]]} for /user/kshanka2/input0/bruce-springsteen.txt._COPYING_
2020-03-25 03:26:36,467 INFO  [IPC Server handler 2 on 9000] BlockStateChange (BlockManager.java:logAddStoredBlock(2621)) - BLOCK* addStoredBlock: blockMap updated: 10.4.1.102:50010 is added to blk_1073741826_1002{UCState=UNDER_CONSTRUCTION, truncateBlock=null, primaryNodeIndex=-1, replicas=[ReplicaUC[[DISK]DS-88a56ff3-5a6b-4f0e-a699-37c67b6d4fdc:NORMAL:10.4.1.102:50010|RBW]]} size 0
2020-03-25 03:26:36,478 INFO  [IPC Server handler 4 on 9000] hdfs.StateChange (FSNamesystem.java:completeFile(3492)) - DIR* completeFile: /user/kshanka2/input0/bruce-springsteen.txt._COPYING_ is closed by DFSClient_NONMAPREDUCE_-1894361926_1
2020-03-25 03:26:36,487 INFO  [IPC Server handler 6 on 9000] FSNamesystem.audit (FSNamesystem.java:logAuditMessage(8249)) - allowed=true	ugi=kshanka2 (auth:SIMPLE)	ip=/10.4.1.102	cmd=rename	src=/user/kshanka2/input0/bruce-springsteen.txt._COPYING_	dst=/user/kshanka2/input0/bruce-springsteen.txt	perm=kshanka2:supergroup:rw-r--r--	proto=rpc
2020-03-25 03:26:36,491 INFO  [IPC Server handler 7 on 9000] FSNamesystem.audit (FSNamesystem.java:logAuditMessage(8249)) - allowed=true	ugi=kshanka2 (auth:SIMPLE)	ip=/10.4.1.102	cmd=getfileinfo	src=/user/kshanka2/input0/janisjoplin.txt	dst=null	perm=null	proto=rpc
2020-03-25 03:26:36,496 INFO  [IPC Server handler 5 on 9000] FSNamesystem.audit (FSNamesystem.java:logAuditMessage(8249)) - allowed=true	ugi=kshanka2 (auth:SIMPLE)	ip=/10.4.1.102	cmd=getfileinfo	src=/user/kshanka2/input0/janisjoplin.txt._COPYING_	dst=null	perm=null	proto=rpc
2020-03-25 03:26:36,512 INFO  [IPC Server handler 9 on 9000] FSNamesystem.audit (FSNamesystem.java:logAuditMessage(8249)) - allowed=true	ugi=kshanka2 (auth:SIMPLE)	ip=/10.4.1.102	cmd=create	src=/user/kshanka2/input0/janisjoplin.txt._COPYING_	dst=null	perm=kshanka2:supergroup:rw-r--r--	proto=rpc
2020-03-25 03:26:36,517 INFO  [IPC Server handler 8 on 9000] FSNamesystem.audit (FSNamesystem.java:logAuditMessage(8249)) - allowed=true	ugi=kshanka2 (auth:SIMPLE)	ip=/10.4.1.102	cmd=getfileinfo	src=/user/kshanka2/input0/janisjoplin.txt._COPYING_	dst=null	perm=null	proto=rpc
2020-03-25 03:26:36,528 INFO  [IPC Server handler 1 on 9000] hdfs.StateChange (FSNamesystem.java:saveAllocatedBlock(3572)) - BLOCK* allocate blk_1073741827_1003{UCState=UNDER_CONSTRUCTION, truncateBlock=null, primaryNodeIndex=-1, replicas=[ReplicaUC[[DISK]DS-88a56ff3-5a6b-4f0e-a699-37c67b6d4fdc:NORMAL:10.4.1.102:50010|RBW]]} for /user/kshanka2/input0/janisjoplin.txt._COPYING_
2020-03-25 03:26:36,554 INFO  [IPC Server handler 0 on 9000] BlockStateChange (BlockManager.java:logAddStoredBlock(2621)) - BLOCK* addStoredBlock: blockMap updated: 10.4.1.102:50010 is added to blk_1073741827_1003{UCState=UNDER_CONSTRUCTION, truncateBlock=null, primaryNodeIndex=-1, replicas=[ReplicaUC[[DISK]DS-88a56ff3-5a6b-4f0e-a699-37c67b6d4fdc:NORMAL:10.4.1.102:50010|RBW]]} size 0
2020-03-25 03:26:36,562 INFO  [IPC Server handler 3 on 9000] hdfs.StateChange (FSNamesystem.java:completeFile(3492)) - DIR* completeFile: /user/kshanka2/input0/janisjoplin.txt._COPYING_ is closed by DFSClient_NONMAPREDUCE_-1894361926_1
2020-03-25 03:26:36,570 INFO  [IPC Server handler 2 on 9000] FSNamesystem.audit (FSNamesystem.java:logAuditMessage(8249)) - allowed=true	ugi=kshanka2 (auth:SIMPLE)	ip=/10.4.1.102	cmd=rename	src=/user/kshanka2/input0/janisjoplin.txt._COPYING_	dst=/user/kshanka2/input0/janisjoplin.txt	perm=kshanka2:supergroup:rw-r--r--	proto=rpc
2020-03-25 03:26:44,899 INFO  [IPC Server handler 7 on 9000] FSNamesystem.audit (FSNamesystem.java:logAuditMessage(8249)) - allowed=true	ugi=kshanka2 (auth:SIMPLE)	ip=/10.4.1.102	cmd=getfileinfo	src=/user/kshanka2/input1	dst=null	perm=null	proto=rpc
2020-03-25 03:26:44,949 INFO  [IPC Server handler 5 on 9000] FSNamesystem.audit (FSNamesystem.java:logAuditMessage(8249)) - allowed=true	ugi=kshanka2 (auth:SIMPLE)	ip=/10.4.1.102	cmd=getfileinfo	src=/user/kshanka2	dst=null	perm=null	proto=rpc
2020-03-25 03:26:45,012 INFO  [IPC Server handler 9 on 9000] FSNamesystem.audit (FSNamesystem.java:logAuditMessage(8249)) - allowed=true	ugi=kshanka2 (auth:SIMPLE)	ip=/10.4.1.102	cmd=mkdirs	src=/user/kshanka2/input1	dst=null	perm=kshanka2:supergroup:rwxr-xr-x	proto=rpc
2020-03-25 03:26:45,019 INFO  [IPC Server handler 8 on 9000] FSNamesystem.audit (FSNamesystem.java:logAuditMessage(8249)) - allowed=true	ugi=kshanka2 (auth:SIMPLE)	ip=/10.4.1.102	cmd=getfileinfo	src=/user/kshanka2/input1	dst=null	perm=null	proto=rpc
2020-03-25 03:26:45,027 INFO  [IPC Server handler 1 on 9000] FSNamesystem.audit (FSNamesystem.java:logAuditMessage(8249)) - allowed=true	ugi=kshanka2 (auth:SIMPLE)	ip=/10.4.1.102	cmd=getfileinfo	src=/user/kshanka2/input1/alicia-keys.txt	dst=null	perm=null	proto=rpc
2020-03-25 03:26:45,040 INFO  [IPC Server handler 0 on 9000] FSNamesystem.audit (FSNamesystem.java:logAuditMessage(8249)) - allowed=true	ugi=kshanka2 (auth:SIMPLE)	ip=/10.4.1.102	cmd=getfileinfo	src=/user/kshanka2/input1/alicia-keys.txt._COPYING_	dst=null	perm=null	proto=rpc
2020-03-25 03:26:45,095 INFO  [IPC Server handler 3 on 9000] FSNamesystem.audit (FSNamesystem.java:logAuditMessage(8249)) - allowed=true	ugi=kshanka2 (auth:SIMPLE)	ip=/10.4.1.102	cmd=create	src=/user/kshanka2/input1/alicia-keys.txt._COPYING_	dst=null	perm=kshanka2:supergroup:rw-r--r--	proto=rpc
2020-03-25 03:26:45,127 INFO  [IPC Server handler 2 on 9000] FSNamesystem.audit (FSNamesystem.java:logAuditMessage(8249)) - allowed=true	ugi=kshanka2 (auth:SIMPLE)	ip=/10.4.1.102	cmd=getfileinfo	src=/user/kshanka2/input1/alicia-keys.txt._COPYING_	dst=null	perm=null	proto=rpc
2020-03-25 03:26:45,160 INFO  [IPC Server handler 4 on 9000] hdfs.StateChange (FSNamesystem.java:saveAllocatedBlock(3572)) - BLOCK* allocate blk_1073741828_1004{UCState=UNDER_CONSTRUCTION, truncateBlock=null, primaryNodeIndex=-1, replicas=[ReplicaUC[[DISK]DS-88a56ff3-5a6b-4f0e-a699-37c67b6d4fdc:NORMAL:10.4.1.102:50010|RBW]]} for /user/kshanka2/input1/alicia-keys.txt._COPYING_
2020-03-25 03:26:45,387 INFO  [IPC Server handler 7 on 9000] BlockStateChange (BlockManager.java:logAddStoredBlock(2621)) - BLOCK* addStoredBlock: blockMap updated: 10.4.1.102:50010 is added to blk_1073741828_1004{UCState=UNDER_CONSTRUCTION, truncateBlock=null, primaryNodeIndex=-1, replicas=[ReplicaUC[[DISK]DS-88a56ff3-5a6b-4f0e-a699-37c67b6d4fdc:NORMAL:10.4.1.102:50010|RBW]]} size 0
2020-03-25 03:26:45,403 INFO  [IPC Server handler 5 on 9000] hdfs.StateChange (FSNamesystem.java:completeFile(3492)) - DIR* completeFile: /user/kshanka2/input1/alicia-keys.txt._COPYING_ is closed by DFSClient_NONMAPREDUCE_-152356844_1
2020-03-25 03:26:45,420 INFO  [IPC Server handler 9 on 9000] FSNamesystem.audit (FSNamesystem.java:logAuditMessage(8249)) - allowed=true	ugi=kshanka2 (auth:SIMPLE)	ip=/10.4.1.102	cmd=rename	src=/user/kshanka2/input1/alicia-keys.txt._COPYING_	dst=/user/kshanka2/input1/alicia-keys.txt	perm=kshanka2:supergroup:rw-r--r--	proto=rpc
2020-03-25 03:26:45,426 INFO  [IPC Server handler 8 on 9000] FSNamesystem.audit (FSNamesystem.java:logAuditMessage(8249)) - allowed=true	ugi=kshanka2 (auth:SIMPLE)	ip=/10.4.1.102	cmd=getfileinfo	src=/user/kshanka2/input1/bruno-mars.txt	dst=null	perm=null	proto=rpc
2020-03-25 03:26:45,432 INFO  [IPC Server handler 1 on 9000] FSNamesystem.audit (FSNamesystem.java:logAuditMessage(8249)) - allowed=true	ugi=kshanka2 (auth:SIMPLE)	ip=/10.4.1.102	cmd=getfileinfo	src=/user/kshanka2/input1/bruno-mars.txt._COPYING_	dst=null	perm=null	proto=rpc
2020-03-25 03:26:45,445 INFO  [IPC Server handler 0 on 9000] FSNamesystem.audit (FSNamesystem.java:logAuditMessage(8249)) - allowed=true	ugi=kshanka2 (auth:SIMPLE)	ip=/10.4.1.102	cmd=create	src=/user/kshanka2/input1/bruno-mars.txt._COPYING_	dst=null	perm=kshanka2:supergroup:rw-r--r--	proto=rpc
2020-03-25 03:26:45,450 INFO  [IPC Server handler 3 on 9000] FSNamesystem.audit (FSNamesystem.java:logAuditMessage(8249)) - allowed=true	ugi=kshanka2 (auth:SIMPLE)	ip=/10.4.1.102	cmd=getfileinfo	src=/user/kshanka2/input1/bruno-mars.txt._COPYING_	dst=null	perm=null	proto=rpc
2020-03-25 03:26:45,463 INFO  [IPC Server handler 2 on 9000] hdfs.StateChange (FSNamesystem.java:saveAllocatedBlock(3572)) - BLOCK* allocate blk_1073741829_1005{UCState=UNDER_CONSTRUCTION, truncateBlock=null, primaryNodeIndex=-1, replicas=[ReplicaUC[[DISK]DS-88a56ff3-5a6b-4f0e-a699-37c67b6d4fdc:NORMAL:10.4.1.102:50010|RBW]]} for /user/kshanka2/input1/bruno-mars.txt._COPYING_
2020-03-25 03:26:45,492 INFO  [IPC Server handler 4 on 9000] BlockStateChange (BlockManager.java:logAddStoredBlock(2621)) - BLOCK* addStoredBlock: blockMap updated: 10.4.1.102:50010 is added to blk_1073741829_1005{UCState=UNDER_CONSTRUCTION, truncateBlock=null, primaryNodeIndex=-1, replicas=[ReplicaUC[[DISK]DS-88a56ff3-5a6b-4f0e-a699-37c67b6d4fdc:NORMAL:10.4.1.102:50010|RBW]]} size 0
2020-03-25 03:26:45,503 INFO  [IPC Server handler 6 on 9000] hdfs.StateChange (FSNamesystem.java:completeFile(3492)) - DIR* completeFile: /user/kshanka2/input1/bruno-mars.txt._COPYING_ is closed by DFSClient_NONMAPREDUCE_-152356844_1
2020-03-25 03:26:45,512 INFO  [IPC Server handler 7 on 9000] FSNamesystem.audit (FSNamesystem.java:logAuditMessage(8249)) - allowed=true	ugi=kshanka2 (auth:SIMPLE)	ip=/10.4.1.102	cmd=rename	src=/user/kshanka2/input1/bruno-mars.txt._COPYING_	dst=/user/kshanka2/input1/bruno-mars.txt	perm=kshanka2:supergroup:rw-r--r--	proto=rpc
2020-03-25 03:26:45,516 INFO  [IPC Server handler 5 on 9000] FSNamesystem.audit (FSNamesystem.java:logAuditMessage(8249)) - allowed=true	ugi=kshanka2 (auth:SIMPLE)	ip=/10.4.1.102	cmd=getfileinfo	src=/user/kshanka2/input1/jimi-hendrix.txt	dst=null	perm=null	proto=rpc
2020-03-25 03:26:45,521 INFO  [IPC Server handler 9 on 9000] FSNamesystem.audit (FSNamesystem.java:logAuditMessage(8249)) - allowed=true	ugi=kshanka2 (auth:SIMPLE)	ip=/10.4.1.102	cmd=getfileinfo	src=/user/kshanka2/input1/jimi-hendrix.txt._COPYING_	dst=null	perm=null	proto=rpc
2020-03-25 03:26:45,537 INFO  [IPC Server handler 8 on 9000] FSNamesystem.audit (FSNamesystem.java:logAuditMessage(8249)) - allowed=true	ugi=kshanka2 (auth:SIMPLE)	ip=/10.4.1.102	cmd=create	src=/user/kshanka2/input1/jimi-hendrix.txt._COPYING_	dst=null	perm=kshanka2:supergroup:rw-r--r--	proto=rpc
2020-03-25 03:26:45,541 INFO  [IPC Server handler 1 on 9000] FSNamesystem.audit (FSNamesystem.java:logAuditMessage(8249)) - allowed=true	ugi=kshanka2 (auth:SIMPLE)	ip=/10.4.1.102	cmd=getfileinfo	src=/user/kshanka2/input1/jimi-hendrix.txt._COPYING_	dst=null	perm=null	proto=rpc
2020-03-25 03:26:45,551 INFO  [IPC Server handler 0 on 9000] hdfs.StateChange (FSNamesystem.java:saveAllocatedBlock(3572)) - BLOCK* allocate blk_1073741830_1006{UCState=UNDER_CONSTRUCTION, truncateBlock=null, primaryNodeIndex=-1, replicas=[ReplicaUC[[DISK]DS-88a56ff3-5a6b-4f0e-a699-37c67b6d4fdc:NORMAL:10.4.1.102:50010|RBW]]} for /user/kshanka2/input1/jimi-hendrix.txt._COPYING_
2020-03-25 03:26:45,580 INFO  [IPC Server handler 3 on 9000] BlockStateChange (BlockManager.java:logAddStoredBlock(2621)) - BLOCK* addStoredBlock: blockMap updated: 10.4.1.102:50010 is added to blk_1073741830_1006{UCState=UNDER_CONSTRUCTION, truncateBlock=null, primaryNodeIndex=-1, replicas=[ReplicaUC[[DISK]DS-88a56ff3-5a6b-4f0e-a699-37c67b6d4fdc:NORMAL:10.4.1.102:50010|RBW]]} size 0
2020-03-25 03:26:45,587 INFO  [IPC Server handler 2 on 9000] hdfs.StateChange (FSNamesystem.java:completeFile(3492)) - DIR* completeFile: /user/kshanka2/input1/jimi-hendrix.txt._COPYING_ is closed by DFSClient_NONMAPREDUCE_-152356844_1
2020-03-25 03:26:45,595 INFO  [IPC Server handler 4 on 9000] FSNamesystem.audit (FSNamesystem.java:logAuditMessage(8249)) - allowed=true	ugi=kshanka2 (auth:SIMPLE)	ip=/10.4.1.102	cmd=rename	src=/user/kshanka2/input1/jimi-hendrix.txt._COPYING_	dst=/user/kshanka2/input1/jimi-hendrix.txt	perm=kshanka2:supergroup:rw-r--r--	proto=rpc
2020-03-25 03:26:57,788 INFO  [IPC Server handler 7 on 9000] FSNamesystem.audit (FSNamesystem.java:logAuditMessage(8249)) - allowed=true	ugi=kshanka2 (auth:SIMPLE)	ip=/10.4.1.102	cmd=listStatus	src=/user/kshanka2/input0	dst=null	perm=null	proto=rpc
2020-03-25 03:26:57,888 INFO  [IPC Server handler 5 on 9000] FSNamesystem.audit (FSNamesystem.java:logAuditMessage(8249)) - allowed=true	ugi=kshanka2 (auth:SIMPLE)	ip=/10.4.1.102	cmd=getfileinfo	src=/user/kshanka2/output0/WordCount	dst=null	perm=null	proto=rpc
2020-03-25 03:26:58,005 INFO  [IPC Server handler 9 on 9000] FSNamesystem.audit (FSNamesystem.java:logAuditMessage(8249)) - allowed=true	ugi=kshanka2 (auth:SIMPLE)	ip=/10.4.1.102	cmd=getfileinfo	src=/user/kshanka2/output0/WordCount	dst=null	perm=null	proto=rpc
2020-03-25 03:26:58,423 INFO  [IPC Server handler 1 on 9000] FSNamesystem.audit (FSNamesystem.java:logAuditMessage(8249)) - allowed=true	ugi=kshanka2 (auth:SIMPLE)	ip=/10.4.1.102	cmd=getfileinfo	src=/user/kshanka2/input0	dst=null	perm=null	proto=rpc
2020-03-25 03:26:58,437 INFO  [IPC Server handler 0 on 9000] FSNamesystem.audit (FSNamesystem.java:logAuditMessage(8249)) - allowed=true	ugi=kshanka2 (auth:SIMPLE)	ip=/10.4.1.102	cmd=listStatus	src=/user/kshanka2/input0	dst=null	perm=null	proto=rpc
2020-03-25 03:26:59,220 INFO  [IPC Server handler 1 on 9000] FSNamesystem.audit (FSNamesystem.java:logAuditMessage(8249)) - allowed=true	ugi=kshanka2 (auth:SIMPLE)	ip=/10.4.1.102	cmd=mkdirs	src=/user/kshanka2/output0/WordCount/_temporary/0	dst=null	perm=kshanka2:supergroup:rwxr-xr-x	proto=rpc
2020-03-25 03:26:59,502 INFO  [IPC Server handler 3 on 9000] FSNamesystem.audit (FSNamesystem.java:logAuditMessage(8249)) - allowed=true	ugi=kshanka2 (auth:SIMPLE)	ip=/10.4.1.102	cmd=open	src=/user/kshanka2/input0/bruce-springsteen.txt	dst=null	perm=null	proto=rpc
2020-03-25 03:26:59,960 INFO  [IPC Server handler 9 on 9000] FSNamesystem.audit (FSNamesystem.java:logAuditMessage(8249)) - allowed=true	ugi=kshanka2 (auth:SIMPLE)	ip=/10.4.1.102	cmd=getfileinfo	src=/user/kshanka2/output0/WordCount/_temporary/0/_temporary/attempt_local219139683_0001_m_000000_0	dst=null	perm=null	proto=rpc
2020-03-25 03:27:00,036 INFO  [IPC Server handler 8 on 9000] FSNamesystem.audit (FSNamesystem.java:logAuditMessage(8249)) - allowed=true	ugi=kshanka2 (auth:SIMPLE)	ip=/10.4.1.102	cmd=open	src=/user/kshanka2/input0/janisjoplin.txt	dst=null	perm=null	proto=rpc
2020-03-25 03:27:00,201 INFO  [IPC Server handler 1 on 9000] FSNamesystem.audit (FSNamesystem.java:logAuditMessage(8249)) - allowed=true	ugi=kshanka2 (auth:SIMPLE)	ip=/10.4.1.102	cmd=getfileinfo	src=/user/kshanka2/output0/WordCount/_temporary/0/_temporary/attempt_local219139683_0001_m_000001_0	dst=null	perm=null	proto=rpc
2020-03-25 03:27:00,246 INFO  [IPC Server handler 0 on 9000] FSNamesystem.audit (FSNamesystem.java:logAuditMessage(8249)) - allowed=true	ugi=kshanka2 (auth:SIMPLE)	ip=/10.4.1.102	cmd=open	src=/user/kshanka2/input0/al-green.txt	dst=null	perm=null	proto=rpc
2020-03-25 03:27:00,506 INFO  [IPC Server handler 3 on 9000] FSNamesystem.audit (FSNamesystem.java:logAuditMessage(8249)) - allowed=true	ugi=kshanka2 (auth:SIMPLE)	ip=/10.4.1.102	cmd=getfileinfo	src=/user/kshanka2/output0/WordCount/_temporary/0/_temporary/attempt_local219139683_0001_m_000002_0	dst=null	perm=null	proto=rpc
2020-03-25 03:27:00,712 INFO  [IPC Server handler 7 on 9000] FSNamesystem.audit (FSNamesystem.java:logAuditMessage(8249)) - allowed=true	ugi=kshanka2 (auth:SIMPLE)	ip=/10.4.1.102	cmd=create	src=/user/kshanka2/output0/WordCount/_temporary/0/_temporary/attempt_local219139683_0001_r_000000_0/part-r-00000	dst=null	perm=kshanka2:supergroup:rw-r--r--	proto=rpc
2020-03-25 03:27:00,804 INFO  [IPC Server handler 5 on 9000] hdfs.StateChange (FSNamesystem.java:saveAllocatedBlock(3572)) - BLOCK* allocate blk_1073741831_1007{UCState=UNDER_CONSTRUCTION, truncateBlock=null, primaryNodeIndex=-1, replicas=[ReplicaUC[[DISK]DS-88a56ff3-5a6b-4f0e-a699-37c67b6d4fdc:NORMAL:10.4.1.102:50010|RBW]]} for /user/kshanka2/output0/WordCount/_temporary/0/_temporary/attempt_local219139683_0001_r_000000_0/part-r-00000
2020-03-25 03:27:00,941 INFO  [IPC Server handler 9 on 9000] BlockStateChange (BlockManager.java:logAddStoredBlock(2621)) - BLOCK* addStoredBlock: blockMap updated: 10.4.1.102:50010 is added to blk_1073741831_1007{UCState=UNDER_CONSTRUCTION, truncateBlock=null, primaryNodeIndex=-1, replicas=[ReplicaUC[[DISK]DS-88a56ff3-5a6b-4f0e-a699-37c67b6d4fdc:NORMAL:10.4.1.102:50010|RBW]]} size 0
2020-03-25 03:27:00,953 INFO  [IPC Server handler 8 on 9000] hdfs.StateChange (FSNamesystem.java:completeFile(3492)) - DIR* completeFile: /user/kshanka2/output0/WordCount/_temporary/0/_temporary/attempt_local219139683_0001_r_000000_0/part-r-00000 is closed by DFSClient_NONMAPREDUCE_-57515575_1
2020-03-25 03:27:00,964 INFO  [IPC Server handler 1 on 9000] FSNamesystem.audit (FSNamesystem.java:logAuditMessage(8249)) - allowed=true	ugi=kshanka2 (auth:SIMPLE)	ip=/10.4.1.102	cmd=getfileinfo	src=/user/kshanka2/output0/WordCount/_temporary/0/_temporary/attempt_local219139683_0001_r_000000_0	dst=null	perm=null	proto=rpc
2020-03-25 03:27:00,970 INFO  [IPC Server handler 0 on 9000] FSNamesystem.audit (FSNamesystem.java:logAuditMessage(8249)) - allowed=true	ugi=kshanka2 (auth:SIMPLE)	ip=/10.4.1.102	cmd=getfileinfo	src=/user/kshanka2/output0/WordCount/_temporary/0/_temporary/attempt_local219139683_0001_r_000000_0	dst=null	perm=null	proto=rpc
2020-03-25 03:27:00,975 INFO  [IPC Server handler 3 on 9000] FSNamesystem.audit (FSNamesystem.java:logAuditMessage(8249)) - allowed=true	ugi=kshanka2 (auth:SIMPLE)	ip=/10.4.1.102	cmd=getfileinfo	src=/user/kshanka2/output0/WordCount/_temporary/0/task_local219139683_0001_r_000000	dst=null	perm=null	proto=rpc
2020-03-25 03:27:00,987 INFO  [IPC Server handler 2 on 9000] FSNamesystem.audit (FSNamesystem.java:logAuditMessage(8249)) - allowed=true	ugi=kshanka2 (auth:SIMPLE)	ip=/10.4.1.102	cmd=rename	src=/user/kshanka2/output0/WordCount/_temporary/0/_temporary/attempt_local219139683_0001_r_000000_0	dst=/user/kshanka2/output0/WordCount/_temporary/0/task_local219139683_0001_r_000000	perm=kshanka2:supergroup:rwxr-xr-x	proto=rpc
2020-03-25 03:27:01,002 INFO  [IPC Server handler 4 on 9000] FSNamesystem.audit (FSNamesystem.java:logAuditMessage(8249)) - allowed=true	ugi=kshanka2 (auth:SIMPLE)	ip=/10.4.1.102	cmd=listStatus	src=/user/kshanka2/output0/WordCount/_temporary/0	dst=null	perm=null	proto=rpc
2020-03-25 03:27:01,006 INFO  [IPC Server handler 6 on 9000] FSNamesystem.audit (FSNamesystem.java:logAuditMessage(8249)) - allowed=true	ugi=kshanka2 (auth:SIMPLE)	ip=/10.4.1.102	cmd=getfileinfo	src=/user/kshanka2/output0/WordCount	dst=null	perm=null	proto=rpc
2020-03-25 03:27:01,010 INFO  [IPC Server handler 7 on 9000] FSNamesystem.audit (FSNamesystem.java:logAuditMessage(8249)) - allowed=true	ugi=kshanka2 (auth:SIMPLE)	ip=/10.4.1.102	cmd=listStatus	src=/user/kshanka2/output0/WordCount/_temporary/0/task_local219139683_0001_r_000000	dst=null	perm=null	proto=rpc
2020-03-25 03:27:01,013 INFO  [IPC Server handler 5 on 9000] FSNamesystem.audit (FSNamesystem.java:logAuditMessage(8249)) - allowed=true	ugi=kshanka2 (auth:SIMPLE)	ip=/10.4.1.102	cmd=getfileinfo	src=/user/kshanka2/output0/WordCount/part-r-00000	dst=null	perm=null	proto=rpc
2020-03-25 03:27:01,020 INFO  [IPC Server handler 9 on 9000] FSNamesystem.audit (FSNamesystem.java:logAuditMessage(8249)) - allowed=true	ugi=kshanka2 (auth:SIMPLE)	ip=/10.4.1.102	cmd=rename	src=/user/kshanka2/output0/WordCount/_temporary/0/task_local219139683_0001_r_000000/part-r-00000	dst=/user/kshanka2/output0/WordCount/part-r-00000	perm=kshanka2:supergroup:rw-r--r--	proto=rpc
2020-03-25 03:27:01,045 INFO  [IPC Server handler 8 on 9000] FSNamesystem.audit (FSNamesystem.java:logAuditMessage(8249)) - allowed=true	ugi=kshanka2 (auth:SIMPLE)	ip=/10.4.1.102	cmd=delete	src=/user/kshanka2/output0/WordCount/_temporary	dst=null	perm=null	proto=rpc
2020-03-25 03:27:01,062 INFO  [IPC Server handler 1 on 9000] FSNamesystem.audit (FSNamesystem.java:logAuditMessage(8249)) - allowed=true	ugi=kshanka2 (auth:SIMPLE)	ip=/10.4.1.102	cmd=create	src=/user/kshanka2/output0/WordCount/_SUCCESS	dst=null	perm=kshanka2:supergroup:rw-r--r--	proto=rpc
2020-03-25 03:27:01,070 INFO  [IPC Server handler 0 on 9000] hdfs.StateChange (FSNamesystem.java:completeFile(3492)) - DIR* completeFile: /user/kshanka2/output0/WordCount/_SUCCESS is closed by DFSClient_NONMAPREDUCE_-57515575_1
2020-03-25 03:27:01,255 INFO  [IPC Server handler 2 on 9000] FSNamesystem.audit (FSNamesystem.java:logAuditMessage(8249)) - allowed=true	ugi=kshanka2 (auth:SIMPLE)	ip=/10.4.1.102	cmd=listStatus	src=/user/kshanka2/input1	dst=null	perm=null	proto=rpc
2020-03-25 03:27:01,259 INFO  [IPC Server handler 4 on 9000] FSNamesystem.audit (FSNamesystem.java:logAuditMessage(8249)) - allowed=true	ugi=kshanka2 (auth:SIMPLE)	ip=/10.4.1.102	cmd=getfileinfo	src=/user/kshanka2/output1/WordCount	dst=null	perm=null	proto=rpc
2020-03-25 03:27:01,271 INFO  [IPC Server handler 6 on 9000] FSNamesystem.audit (FSNamesystem.java:logAuditMessage(8249)) - allowed=true	ugi=kshanka2 (auth:SIMPLE)	ip=/10.4.1.102	cmd=getfileinfo	src=/user/kshanka2/output1/WordCount	dst=null	perm=null	proto=rpc
2020-03-25 03:27:01,279 INFO  [IPC Server handler 7 on 9000] FSNamesystem.audit (FSNamesystem.java:logAuditMessage(8249)) - allowed=true	ugi=kshanka2 (auth:SIMPLE)	ip=/10.4.1.102	cmd=getfileinfo	src=/user/kshanka2/input1	dst=null	perm=null	proto=rpc
2020-03-25 03:27:01,282 INFO  [IPC Server handler 5 on 9000] FSNamesystem.audit (FSNamesystem.java:logAuditMessage(8249)) - allowed=true	ugi=kshanka2 (auth:SIMPLE)	ip=/10.4.1.102	cmd=listStatus	src=/user/kshanka2/input1	dst=null	perm=null	proto=rpc
2020-03-25 03:27:01,437 INFO  [IPC Server handler 9 on 9000] FSNamesystem.audit (FSNamesystem.java:logAuditMessage(8249)) - allowed=true	ugi=kshanka2 (auth:SIMPLE)	ip=/10.4.1.102	cmd=mkdirs	src=/user/kshanka2/output1/WordCount/_temporary/0	dst=null	perm=kshanka2:supergroup:rwxr-xr-x	proto=rpc
2020-03-25 03:27:01,517 INFO  [IPC Server handler 8 on 9000] FSNamesystem.audit (FSNamesystem.java:logAuditMessage(8249)) - allowed=true	ugi=kshanka2 (auth:SIMPLE)	ip=/10.4.1.102	cmd=open	src=/user/kshanka2/input1/bruno-mars.txt	dst=null	perm=null	proto=rpc
2020-03-25 03:27:01,659 INFO  [IPC Server handler 0 on 9000] FSNamesystem.audit (FSNamesystem.java:logAuditMessage(8249)) - allowed=true	ugi=kshanka2 (auth:SIMPLE)	ip=/10.4.1.102	cmd=getfileinfo	src=/user/kshanka2/output1/WordCount/_temporary/0/_temporary/attempt_local801769013_0002_m_000000_0	dst=null	perm=null	proto=rpc
2020-03-25 03:27:01,743 INFO  [IPC Server handler 3 on 9000] FSNamesystem.audit (FSNamesystem.java:logAuditMessage(8249)) - allowed=true	ugi=kshanka2 (auth:SIMPLE)	ip=/10.4.1.102	cmd=open	src=/user/kshanka2/input1/alicia-keys.txt	dst=null	perm=null	proto=rpc
2020-03-25 03:27:01,859 INFO  [IPC Server handler 2 on 9000] FSNamesystem.audit (FSNamesystem.java:logAuditMessage(8249)) - allowed=true	ugi=kshanka2 (auth:SIMPLE)	ip=/10.4.1.102	cmd=getfileinfo	src=/user/kshanka2/output1/WordCount/_temporary/0/_temporary/attempt_local801769013_0002_m_000001_0	dst=null	perm=null	proto=rpc
2020-03-25 03:27:01,928 INFO  [IPC Server handler 4 on 9000] FSNamesystem.audit (FSNamesystem.java:logAuditMessage(8249)) - allowed=true	ugi=kshanka2 (auth:SIMPLE)	ip=/10.4.1.102	cmd=open	src=/user/kshanka2/input1/jimi-hendrix.txt	dst=null	perm=null	proto=rpc
2020-03-25 03:27:02,001 INFO  [IPC Server handler 6 on 9000] FSNamesystem.audit (FSNamesystem.java:logAuditMessage(8249)) - allowed=true	ugi=kshanka2 (auth:SIMPLE)	ip=/10.4.1.102	cmd=getfileinfo	src=/user/kshanka2/output1/WordCount/_temporary/0/_temporary/attempt_local801769013_0002_m_000002_0	dst=null	perm=null	proto=rpc
2020-03-25 03:27:02,095 INFO  [IPC Server handler 7 on 9000] FSNamesystem.audit (FSNamesystem.java:logAuditMessage(8249)) - allowed=true	ugi=kshanka2 (auth:SIMPLE)	ip=/10.4.1.102	cmd=create	src=/user/kshanka2/output1/WordCount/_temporary/0/_temporary/attempt_local801769013_0002_r_000000_0/part-r-00000	dst=null	perm=kshanka2:supergroup:rw-r--r--	proto=rpc
2020-03-25 03:27:02,128 INFO  [IPC Server handler 5 on 9000] hdfs.StateChange (FSNamesystem.java:saveAllocatedBlock(3572)) - BLOCK* allocate blk_1073741832_1008{UCState=UNDER_CONSTRUCTION, truncateBlock=null, primaryNodeIndex=-1, replicas=[ReplicaUC[[DISK]DS-88a56ff3-5a6b-4f0e-a699-37c67b6d4fdc:NORMAL:10.4.1.102:50010|RBW]]} for /user/kshanka2/output1/WordCount/_temporary/0/_temporary/attempt_local801769013_0002_r_000000_0/part-r-00000
2020-03-25 03:27:02,158 INFO  [IPC Server handler 8 on 9000] BlockStateChange (BlockManager.java:logAddStoredBlock(2621)) - BLOCK* addStoredBlock: blockMap updated: 10.4.1.102:50010 is added to blk_1073741832_1008{UCState=UNDER_CONSTRUCTION, truncateBlock=null, primaryNodeIndex=-1, replicas=[ReplicaUC[[DISK]DS-88a56ff3-5a6b-4f0e-a699-37c67b6d4fdc:NORMAL:10.4.1.102:50010|RBW]]} size 0
2020-03-25 03:27:02,170 INFO  [IPC Server handler 1 on 9000] hdfs.StateChange (FSNamesystem.java:completeFile(3492)) - DIR* completeFile: /user/kshanka2/output1/WordCount/_temporary/0/_temporary/attempt_local801769013_0002_r_000000_0/part-r-00000 is closed by DFSClient_NONMAPREDUCE_-57515575_1
2020-03-25 03:27:02,177 INFO  [IPC Server handler 0 on 9000] FSNamesystem.audit (FSNamesystem.java:logAuditMessage(8249)) - allowed=true	ugi=kshanka2 (auth:SIMPLE)	ip=/10.4.1.102	cmd=getfileinfo	src=/user/kshanka2/output1/WordCount/_temporary/0/_temporary/attempt_local801769013_0002_r_000000_0	dst=null	perm=null	proto=rpc
2020-03-25 03:27:02,183 INFO  [IPC Server handler 3 on 9000] FSNamesystem.audit (FSNamesystem.java:logAuditMessage(8249)) - allowed=true	ugi=kshanka2 (auth:SIMPLE)	ip=/10.4.1.102	cmd=getfileinfo	src=/user/kshanka2/output1/WordCount/_temporary/0/_temporary/attempt_local801769013_0002_r_000000_0	dst=null	perm=null	proto=rpc
2020-03-25 03:27:02,188 INFO  [IPC Server handler 2 on 9000] FSNamesystem.audit (FSNamesystem.java:logAuditMessage(8249)) - allowed=true	ugi=kshanka2 (auth:SIMPLE)	ip=/10.4.1.102	cmd=getfileinfo	src=/user/kshanka2/output1/WordCount/_temporary/0/task_local801769013_0002_r_000000	dst=null	perm=null	proto=rpc
2020-03-25 03:27:02,195 INFO  [IPC Server handler 4 on 9000] FSNamesystem.audit (FSNamesystem.java:logAuditMessage(8249)) - allowed=true	ugi=kshanka2 (auth:SIMPLE)	ip=/10.4.1.102	cmd=rename	src=/user/kshanka2/output1/WordCount/_temporary/0/_temporary/attempt_local801769013_0002_r_000000_0	dst=/user/kshanka2/output1/WordCount/_temporary/0/task_local801769013_0002_r_000000	perm=kshanka2:supergroup:rwxr-xr-x	proto=rpc
2020-03-25 03:27:02,206 INFO  [IPC Server handler 6 on 9000] FSNamesystem.audit (FSNamesystem.java:logAuditMessage(8249)) - allowed=true	ugi=kshanka2 (auth:SIMPLE)	ip=/10.4.1.102	cmd=listStatus	src=/user/kshanka2/output1/WordCount/_temporary/0	dst=null	perm=null	proto=rpc
2020-03-25 03:27:02,209 INFO  [IPC Server handler 7 on 9000] FSNamesystem.audit (FSNamesystem.java:logAuditMessage(8249)) - allowed=true	ugi=kshanka2 (auth:SIMPLE)	ip=/10.4.1.102	cmd=getfileinfo	src=/user/kshanka2/output1/WordCount	dst=null	perm=null	proto=rpc
2020-03-25 03:27:02,212 INFO  [IPC Server handler 9 on 9000] FSNamesystem.audit (FSNamesystem.java:logAuditMessage(8249)) - allowed=true	ugi=kshanka2 (auth:SIMPLE)	ip=/10.4.1.102	cmd=listStatus	src=/user/kshanka2/output1/WordCount/_temporary/0/task_local801769013_0002_r_000000	dst=null	perm=null	proto=rpc
2020-03-25 03:27:02,215 INFO  [IPC Server handler 5 on 9000] FSNamesystem.audit (FSNamesystem.java:logAuditMessage(8249)) - allowed=true	ugi=kshanka2 (auth:SIMPLE)	ip=/10.4.1.102	cmd=getfileinfo	src=/user/kshanka2/output1/WordCount/part-r-00000	dst=null	perm=null	proto=rpc
2020-03-25 03:27:02,229 INFO  [IPC Server handler 8 on 9000] FSNamesystem.audit (FSNamesystem.java:logAuditMessage(8249)) - allowed=true	ugi=kshanka2 (auth:SIMPLE)	ip=/10.4.1.102	cmd=rename	src=/user/kshanka2/output1/WordCount/_temporary/0/task_local801769013_0002_r_000000/part-r-00000	dst=/user/kshanka2/output1/WordCount/part-r-00000	perm=kshanka2:supergroup:rw-r--r--	proto=rpc
2020-03-25 03:27:02,237 INFO  [IPC Server handler 1 on 9000] FSNamesystem.audit (FSNamesystem.java:logAuditMessage(8249)) - allowed=true	ugi=kshanka2 (auth:SIMPLE)	ip=/10.4.1.102	cmd=delete	src=/user/kshanka2/output1/WordCount/_temporary	dst=null	perm=null	proto=rpc
2020-03-25 03:27:02,245 INFO  [IPC Server handler 0 on 9000] FSNamesystem.audit (FSNamesystem.java:logAuditMessage(8249)) - allowed=true	ugi=kshanka2 (auth:SIMPLE)	ip=/10.4.1.102	cmd=create	src=/user/kshanka2/output1/WordCount/_SUCCESS	dst=null	perm=kshanka2:supergroup:rw-r--r--	proto=rpc
2020-03-25 03:27:02,253 INFO  [IPC Server handler 3 on 9000] hdfs.StateChange (FSNamesystem.java:completeFile(3492)) - DIR* completeFile: /user/kshanka2/output1/WordCount/_SUCCESS is closed by DFSClient_NONMAPREDUCE_-57515575_1
2020-03-25 03:27:16,729 INFO  [IPC Server handler 5 on 9000] namenode.FSNamesystem (FSNamesystem.java:rollEditLog(5830)) - Roll Edit Log from 10.4.1.102
2020-03-25 03:27:16,730 INFO  [IPC Server handler 5 on 9000] namenode.FSEditLog (FSEditLog.java:rollEditLog(1202)) - Rolling edit logs
2020-03-25 03:27:16,730 INFO  [IPC Server handler 5 on 9000] namenode.FSEditLog (FSEditLog.java:endCurrentLogSegment(1259)) - Ending log segment 7
2020-03-25 03:27:16,731 INFO  [IPC Server handler 5 on 9000] namenode.FSEditLog (FSEditLog.java:printStatistics(699)) - Number of transactions: 72 Total time for transactions(ms): 17 Number of transactions batched in Syncs: 0 Number of syncs: 47 SyncTimes(ms): 376 
2020-03-25 03:27:16,745 INFO  [IPC Server handler 5 on 9000] namenode.FSEditLog (FSEditLog.java:printStatistics(699)) - Number of transactions: 72 Total time for transactions(ms): 17 Number of transactions batched in Syncs: 0 Number of syncs: 48 SyncTimes(ms): 390 
2020-03-25 03:27:16,747 INFO  [IPC Server handler 5 on 9000] namenode.FileJournalManager (FileJournalManager.java:finalizeLogSegment(133)) - Finalizing edits file /tmp/kshanka2/name/current/edits_inprogress_0000000000000000007 -> /tmp/kshanka2/name/current/edits_0000000000000000007-0000000000000000078
2020-03-25 03:27:16,747 INFO  [IPC Server handler 5 on 9000] namenode.FSEditLog (FSEditLog.java:startLogSegment(1218)) - Starting log segment at 79
2020-03-25 03:27:25,716 INFO  [IPC Server handler 5 on 9000] FSNamesystem.audit (FSNamesystem.java:logAuditMessage(8249)) - allowed=true	ugi=kshanka2 (auth:SIMPLE)	ip=/10.4.1.102	cmd=getfileinfo	src=/user/kshanka2/output0	dst=null	perm=null	proto=rpc
2020-03-25 03:27:25,802 INFO  [IPC Server handler 8 on 9000] FSNamesystem.audit (FSNamesystem.java:logAuditMessage(8249)) - allowed=true	ugi=kshanka2 (auth:SIMPLE)	ip=/10.4.1.102	cmd=listStatus	src=/user/kshanka2/output0	dst=null	perm=null	proto=rpc
2020-03-25 03:27:25,815 INFO  [IPC Server handler 1 on 9000] FSNamesystem.audit (FSNamesystem.java:logAuditMessage(8249)) - allowed=true	ugi=kshanka2 (auth:SIMPLE)	ip=/10.4.1.102	cmd=listStatus	src=/user/kshanka2/output0/WordCount	dst=null	perm=null	proto=rpc
2020-03-25 03:27:25,831 INFO  [IPC Server handler 0 on 9000] FSNamesystem.audit (FSNamesystem.java:logAuditMessage(8249)) - allowed=true	ugi=kshanka2 (auth:SIMPLE)	ip=/10.4.1.102	cmd=open	src=/user/kshanka2/output0/WordCount/_SUCCESS	dst=null	perm=null	proto=rpc
2020-03-25 03:27:25,904 INFO  [IPC Server handler 3 on 9000] FSNamesystem.audit (FSNamesystem.java:logAuditMessage(8249)) - allowed=true	ugi=kshanka2 (auth:SIMPLE)	ip=/10.4.1.102	cmd=open	src=/user/kshanka2/output0/WordCount/part-r-00000	dst=null	perm=null	proto=rpc
2020-03-25 03:27:30,548 INFO  [IPC Server handler 7 on 9000] FSNamesystem.audit (FSNamesystem.java:logAuditMessage(8249)) - allowed=true	ugi=kshanka2 (auth:SIMPLE)	ip=/10.4.1.102	cmd=getfileinfo	src=/user/kshanka2/output1	dst=null	perm=null	proto=rpc
2020-03-25 03:27:30,627 INFO  [IPC Server handler 5 on 9000] FSNamesystem.audit (FSNamesystem.java:logAuditMessage(8249)) - allowed=true	ugi=kshanka2 (auth:SIMPLE)	ip=/10.4.1.102	cmd=listStatus	src=/user/kshanka2/output1	dst=null	perm=null	proto=rpc
2020-03-25 03:27:30,642 INFO  [IPC Server handler 8 on 9000] FSNamesystem.audit (FSNamesystem.java:logAuditMessage(8249)) - allowed=true	ugi=kshanka2 (auth:SIMPLE)	ip=/10.4.1.102	cmd=listStatus	src=/user/kshanka2/output1/WordCount	dst=null	perm=null	proto=rpc
2020-03-25 03:27:30,657 INFO  [IPC Server handler 1 on 9000] FSNamesystem.audit (FSNamesystem.java:logAuditMessage(8249)) - allowed=true	ugi=kshanka2 (auth:SIMPLE)	ip=/10.4.1.102	cmd=open	src=/user/kshanka2/output1/WordCount/_SUCCESS	dst=null	perm=null	proto=rpc
2020-03-25 03:27:30,731 INFO  [IPC Server handler 0 on 9000] FSNamesystem.audit (FSNamesystem.java:logAuditMessage(8249)) - allowed=true	ugi=kshanka2 (auth:SIMPLE)	ip=/10.4.1.102	cmd=open	src=/user/kshanka2/output1/WordCount/part-r-00000	dst=null	perm=null	proto=rpc
