2020-03-25 02:19:13,563 INFO  [main] namenode.NameNode (LogAdapter.java:info(47)) - STARTUP_MSG: 
/************************************************************
STARTUP_MSG: Starting NameNode
STARTUP_MSG:   host = c38.localdomain/10.4.1.39
STARTUP_MSG:   args = []
STARTUP_MSG:   version = 2.7.2
STARTUP_MSG:   classpath = /home/kshanka2/p1/hadoop/etc/hadoop:/home/kshanka2/p1/hadoop/share/hadoop/common/lib/api-util-1.0.0-M20.jar:/home/kshanka2/p1/hadoop/share/hadoop/common/lib/jsch-0.1.42.jar:/home/kshanka2/p1/hadoop/share/hadoop/common/lib/jersey-json-1.9.jar:/home/kshanka2/p1/hadoop/share/hadoop/common/lib/apacheds-i18n-2.0.0-M15.jar:/home/kshanka2/p1/hadoop/share/hadoop/common/lib/curator-recipes-2.7.1.jar:/home/kshanka2/p1/hadoop/share/hadoop/common/lib/servlet-api-2.5.jar:/home/kshanka2/p1/hadoop/share/hadoop/common/lib/commons-configuration-1.6.jar:/home/kshanka2/p1/hadoop/share/hadoop/common/lib/junit-4.11.jar:/home/kshanka2/p1/hadoop/share/hadoop/common/lib/jackson-jaxrs-1.9.13.jar:/home/kshanka2/p1/hadoop/share/hadoop/common/lib/jaxb-impl-2.2.3-1.jar:/home/kshanka2/p1/hadoop/share/hadoop/common/lib/jackson-mapper-asl-1.9.13.jar:/home/kshanka2/p1/hadoop/share/hadoop/common/lib/commons-codec-1.4.jar:/home/kshanka2/p1/hadoop/share/hadoop/common/lib/java-xmlbuilder-0.4.jar:/home/kshanka2/p1/hadoop/share/hadoop/common/lib/commons-cli-1.2.jar:/home/kshanka2/p1/hadoop/share/hadoop/common/lib/netty-3.6.2.Final.jar:/home/kshanka2/p1/hadoop/share/hadoop/common/lib/xz-1.0.jar:/home/kshanka2/p1/hadoop/share/hadoop/common/lib/commons-io-2.4.jar:/home/kshanka2/p1/hadoop/share/hadoop/common/lib/httpcore-4.2.5.jar:/home/kshanka2/p1/hadoop/share/hadoop/common/lib/jackson-xc-1.9.13.jar:/home/kshanka2/p1/hadoop/share/hadoop/common/lib/hadoop-annotations-2.7.2.jar:/home/kshanka2/p1/hadoop/share/hadoop/common/lib/activation-1.1.jar:/home/kshanka2/p1/hadoop/share/hadoop/common/lib/jersey-server-1.9.jar:/home/kshanka2/p1/hadoop/share/hadoop/common/lib/commons-httpclient-3.1.jar:/home/kshanka2/p1/hadoop/share/hadoop/common/lib/xmlenc-0.52.jar:/home/kshanka2/p1/hadoop/share/hadoop/common/lib/httpclient-4.2.5.jar:/home/kshanka2/p1/hadoop/share/hadoop/common/lib/jersey-core-1.9.jar:/home/kshanka2/p1/hadoop/share/hadoop/common/lib/jaxb-api-2.2.2.jar:/home/kshanka2/p1/hadoop/share/hadoop/common/lib/slf4j-api-1.7.10.jar:/home/kshanka2/p1/hadoop/share/hadoop/common/lib/curator-client-2.7.1.jar:/home/kshanka2/p1/hadoop/share/hadoop/common/lib/protobuf-java-2.5.0.jar:/home/kshanka2/p1/hadoop/share/hadoop/common/lib/curator-framework-2.7.1.jar:/home/kshanka2/p1/hadoop/share/hadoop/common/lib/hadoop-auth-2.7.2.jar:/home/kshanka2/p1/hadoop/share/hadoop/common/lib/log4j-1.2.17.jar:/home/kshanka2/p1/hadoop/share/hadoop/common/lib/commons-lang-2.6.jar:/home/kshanka2/p1/hadoop/share/hadoop/common/lib/hamcrest-core-1.3.jar:/home/kshanka2/p1/hadoop/share/hadoop/common/lib/apacheds-kerberos-codec-2.0.0-M15.jar:/home/kshanka2/p1/hadoop/share/hadoop/common/lib/guava-11.0.2.jar:/home/kshanka2/p1/hadoop/share/hadoop/common/lib/jsr305-3.0.0.jar:/home/kshanka2/p1/hadoop/share/hadoop/common/lib/commons-collections-3.2.2.jar:/home/kshanka2/p1/hadoop/share/hadoop/common/lib/htrace-core-3.1.0-incubating.jar:/home/kshanka2/p1/hadoop/share/hadoop/common/lib/zookeeper-3.4.6.jar:/home/kshanka2/p1/hadoop/share/hadoop/common/lib/commons-compress-1.4.1.jar:/home/kshanka2/p1/hadoop/share/hadoop/common/lib/jets3t-0.9.0.jar:/home/kshanka2/p1/hadoop/share/hadoop/common/lib/slf4j-log4j12-1.7.10.jar:/home/kshanka2/p1/hadoop/share/hadoop/common/lib/commons-beanutils-1.7.0.jar:/home/kshanka2/p1/hadoop/share/hadoop/common/lib/paranamer-2.3.jar:/home/kshanka2/p1/hadoop/share/hadoop/common/lib/commons-digester-1.8.jar:/home/kshanka2/p1/hadoop/share/hadoop/common/lib/avro-1.7.4.jar:/home/kshanka2/p1/hadoop/share/hadoop/common/lib/commons-net-3.1.jar:/home/kshanka2/p1/hadoop/share/hadoop/common/lib/jetty-util-6.1.26.jar:/home/kshanka2/p1/hadoop/share/hadoop/common/lib/mockito-all-1.8.5.jar:/home/kshanka2/p1/hadoop/share/hadoop/common/lib/jackson-core-asl-1.9.13.jar:/home/kshanka2/p1/hadoop/share/hadoop/common/lib/commons-logging-1.1.3.jar:/home/kshanka2/p1/hadoop/share/hadoop/common/lib/jetty-6.1.26.jar:/home/kshanka2/p1/hadoop/share/hadoop/common/lib/api-asn1-api-1.0.0-M20.jar:/home/kshanka2/p1/hadoop/share/hadoop/common/lib/jsp-api-2.1.jar:/home/kshanka2/p1/hadoop/share/hadoop/common/lib/commons-math3-3.1.1.jar:/home/kshanka2/p1/hadoop/share/hadoop/common/lib/gson-2.2.4.jar:/home/kshanka2/p1/hadoop/share/hadoop/common/lib/stax-api-1.0-2.jar:/home/kshanka2/p1/hadoop/share/hadoop/common/lib/commons-beanutils-core-1.8.0.jar:/home/kshanka2/p1/hadoop/share/hadoop/common/lib/snappy-java-1.0.4.1.jar:/home/kshanka2/p1/hadoop/share/hadoop/common/lib/jettison-1.1.jar:/home/kshanka2/p1/hadoop/share/hadoop/common/lib/asm-3.2.jar:/home/kshanka2/p1/hadoop/share/hadoop/common/hadoop-nfs-2.7.2.jar:/home/kshanka2/p1/hadoop/share/hadoop/common/hadoop-common-2.7.2-tests.jar:/home/kshanka2/p1/hadoop/share/hadoop/common/hadoop-common-2.7.2.jar:/home/kshanka2/p1/hadoop/share/hadoop/hdfs:/home/kshanka2/p1/hadoop/share/hadoop/hdfs/lib/commons-daemon-1.0.13.jar:/home/kshanka2/p1/hadoop/share/hadoop/hdfs/lib/servlet-api-2.5.jar:/home/kshanka2/p1/hadoop/share/hadoop/hdfs/lib/jackson-mapper-asl-1.9.13.jar:/home/kshanka2/p1/hadoop/share/hadoop/hdfs/lib/commons-codec-1.4.jar:/home/kshanka2/p1/hadoop/share/hadoop/hdfs/lib/commons-cli-1.2.jar:/home/kshanka2/p1/hadoop/share/hadoop/hdfs/lib/netty-all-4.0.23.Final.jar:/home/kshanka2/p1/hadoop/share/hadoop/hdfs/lib/netty-3.6.2.Final.jar:/home/kshanka2/p1/hadoop/share/hadoop/hdfs/lib/leveldbjni-all-1.8.jar:/home/kshanka2/p1/hadoop/share/hadoop/hdfs/lib/commons-io-2.4.jar:/home/kshanka2/p1/hadoop/share/hadoop/hdfs/lib/jersey-server-1.9.jar:/home/kshanka2/p1/hadoop/share/hadoop/hdfs/lib/xmlenc-0.52.jar:/home/kshanka2/p1/hadoop/share/hadoop/hdfs/lib/jersey-core-1.9.jar:/home/kshanka2/p1/hadoop/share/hadoop/hdfs/lib/protobuf-java-2.5.0.jar:/home/kshanka2/p1/hadoop/share/hadoop/hdfs/lib/log4j-1.2.17.jar:/home/kshanka2/p1/hadoop/share/hadoop/hdfs/lib/commons-lang-2.6.jar:/home/kshanka2/p1/hadoop/share/hadoop/hdfs/lib/guava-11.0.2.jar:/home/kshanka2/p1/hadoop/share/hadoop/hdfs/lib/jsr305-3.0.0.jar:/home/kshanka2/p1/hadoop/share/hadoop/hdfs/lib/htrace-core-3.1.0-incubating.jar:/home/kshanka2/p1/hadoop/share/hadoop/hdfs/lib/xercesImpl-2.9.1.jar:/home/kshanka2/p1/hadoop/share/hadoop/hdfs/lib/jetty-util-6.1.26.jar:/home/kshanka2/p1/hadoop/share/hadoop/hdfs/lib/jackson-core-asl-1.9.13.jar:/home/kshanka2/p1/hadoop/share/hadoop/hdfs/lib/commons-logging-1.1.3.jar:/home/kshanka2/p1/hadoop/share/hadoop/hdfs/lib/jetty-6.1.26.jar:/home/kshanka2/p1/hadoop/share/hadoop/hdfs/lib/xml-apis-1.3.04.jar:/home/kshanka2/p1/hadoop/share/hadoop/hdfs/lib/asm-3.2.jar:/home/kshanka2/p1/hadoop/share/hadoop/hdfs/hadoop-hdfs-nfs-2.7.2.jar:/home/kshanka2/p1/hadoop/share/hadoop/hdfs/hadoop-hdfs-2.7.2.jar:/home/kshanka2/p1/hadoop/share/hadoop/hdfs/hadoop-hdfs-2.7.2-tests.jar:/home/kshanka2/p1/hadoop/share/hadoop/yarn/lib/jersey-guice-1.9.jar:/home/kshanka2/p1/hadoop/share/hadoop/yarn/lib/jersey-json-1.9.jar:/home/kshanka2/p1/hadoop/share/hadoop/yarn/lib/servlet-api-2.5.jar:/home/kshanka2/p1/hadoop/share/hadoop/yarn/lib/jackson-jaxrs-1.9.13.jar:/home/kshanka2/p1/hadoop/share/hadoop/yarn/lib/jaxb-impl-2.2.3-1.jar:/home/kshanka2/p1/hadoop/share/hadoop/yarn/lib/jackson-mapper-asl-1.9.13.jar:/home/kshanka2/p1/hadoop/share/hadoop/yarn/lib/commons-codec-1.4.jar:/home/kshanka2/p1/hadoop/share/hadoop/yarn/lib/commons-cli-1.2.jar:/home/kshanka2/p1/hadoop/share/hadoop/yarn/lib/netty-3.6.2.Final.jar:/home/kshanka2/p1/hadoop/share/hadoop/yarn/lib/leveldbjni-all-1.8.jar:/home/kshanka2/p1/hadoop/share/hadoop/yarn/lib/xz-1.0.jar:/home/kshanka2/p1/hadoop/share/hadoop/yarn/lib/commons-io-2.4.jar:/home/kshanka2/p1/hadoop/share/hadoop/yarn/lib/jackson-xc-1.9.13.jar:/home/kshanka2/p1/hadoop/share/hadoop/yarn/lib/activation-1.1.jar:/home/kshanka2/p1/hadoop/share/hadoop/yarn/lib/jersey-server-1.9.jar:/home/kshanka2/p1/hadoop/share/hadoop/yarn/lib/guice-servlet-3.0.jar:/home/kshanka2/p1/hadoop/share/hadoop/yarn/lib/jersey-core-1.9.jar:/home/kshanka2/p1/hadoop/share/hadoop/yarn/lib/guice-3.0.jar:/home/kshanka2/p1/hadoop/share/hadoop/yarn/lib/jaxb-api-2.2.2.jar:/home/kshanka2/p1/hadoop/share/hadoop/yarn/lib/protobuf-java-2.5.0.jar:/home/kshanka2/p1/hadoop/share/hadoop/yarn/lib/log4j-1.2.17.jar:/home/kshanka2/p1/hadoop/share/hadoop/yarn/lib/commons-lang-2.6.jar:/home/kshanka2/p1/hadoop/share/hadoop/yarn/lib/guava-11.0.2.jar:/home/kshanka2/p1/hadoop/share/hadoop/yarn/lib/jsr305-3.0.0.jar:/home/kshanka2/p1/hadoop/share/hadoop/yarn/lib/commons-collections-3.2.2.jar:/home/kshanka2/p1/hadoop/share/hadoop/yarn/lib/zookeeper-3.4.6.jar:/home/kshanka2/p1/hadoop/share/hadoop/yarn/lib/commons-compress-1.4.1.jar:/home/kshanka2/p1/hadoop/share/hadoop/yarn/lib/jetty-util-6.1.26.jar:/home/kshanka2/p1/hadoop/share/hadoop/yarn/lib/jackson-core-asl-1.9.13.jar:/home/kshanka2/p1/hadoop/share/hadoop/yarn/lib/commons-logging-1.1.3.jar:/home/kshanka2/p1/hadoop/share/hadoop/yarn/lib/jetty-6.1.26.jar:/home/kshanka2/p1/hadoop/share/hadoop/yarn/lib/zookeeper-3.4.6-tests.jar:/home/kshanka2/p1/hadoop/share/hadoop/yarn/lib/jersey-client-1.9.jar:/home/kshanka2/p1/hadoop/share/hadoop/yarn/lib/aopalliance-1.0.jar:/home/kshanka2/p1/hadoop/share/hadoop/yarn/lib/javax.inject-1.jar:/home/kshanka2/p1/hadoop/share/hadoop/yarn/lib/stax-api-1.0-2.jar:/home/kshanka2/p1/hadoop/share/hadoop/yarn/lib/jettison-1.1.jar:/home/kshanka2/p1/hadoop/share/hadoop/yarn/lib/asm-3.2.jar:/home/kshanka2/p1/hadoop/share/hadoop/yarn/hadoop-yarn-server-sharedcachemanager-2.7.2.jar:/home/kshanka2/p1/hadoop/share/hadoop/yarn/hadoop-yarn-registry-2.7.2.jar:/home/kshanka2/p1/hadoop/share/hadoop/yarn/hadoop-yarn-api-2.7.2.jar:/home/kshanka2/p1/hadoop/share/hadoop/yarn/hadoop-yarn-server-tests-2.7.2.jar:/home/kshanka2/p1/hadoop/share/hadoop/yarn/hadoop-yarn-applications-unmanaged-am-launcher-2.7.2.jar:/home/kshanka2/p1/hadoop/share/hadoop/yarn/hadoop-yarn-server-nodemanager-2.7.2.jar:/home/kshanka2/p1/hadoop/share/hadoop/yarn/hadoop-yarn-applications-distributedshell-2.7.2.jar:/home/kshanka2/p1/hadoop/share/hadoop/yarn/hadoop-yarn-client-2.7.2.jar:/home/kshanka2/p1/hadoop/share/hadoop/yarn/hadoop-yarn-server-common-2.7.2.jar:/home/kshanka2/p1/hadoop/share/hadoop/yarn/hadoop-yarn-server-web-proxy-2.7.2.jar:/home/kshanka2/p1/hadoop/share/hadoop/yarn/hadoop-yarn-server-resourcemanager-2.7.2.jar:/home/kshanka2/p1/hadoop/share/hadoop/yarn/hadoop-yarn-common-2.7.2.jar:/home/kshanka2/p1/hadoop/share/hadoop/yarn/hadoop-yarn-server-applicationhistoryservice-2.7.2.jar:/home/kshanka2/p1/hadoop/share/hadoop/mapreduce/lib/jersey-guice-1.9.jar:/home/kshanka2/p1/hadoop/share/hadoop/mapreduce/lib/junit-4.11.jar:/home/kshanka2/p1/hadoop/share/hadoop/mapreduce/lib/jackson-mapper-asl-1.9.13.jar:/home/kshanka2/p1/hadoop/share/hadoop/mapreduce/lib/netty-3.6.2.Final.jar:/home/kshanka2/p1/hadoop/share/hadoop/mapreduce/lib/leveldbjni-all-1.8.jar:/home/kshanka2/p1/hadoop/share/hadoop/mapreduce/lib/xz-1.0.jar:/home/kshanka2/p1/hadoop/share/hadoop/mapreduce/lib/commons-io-2.4.jar:/home/kshanka2/p1/hadoop/share/hadoop/mapreduce/lib/hadoop-annotations-2.7.2.jar:/home/kshanka2/p1/hadoop/share/hadoop/mapreduce/lib/jersey-server-1.9.jar:/home/kshanka2/p1/hadoop/share/hadoop/mapreduce/lib/guice-servlet-3.0.jar:/home/kshanka2/p1/hadoop/share/hadoop/mapreduce/lib/jersey-core-1.9.jar:/home/kshanka2/p1/hadoop/share/hadoop/mapreduce/lib/guice-3.0.jar:/home/kshanka2/p1/hadoop/share/hadoop/mapreduce/lib/protobuf-java-2.5.0.jar:/home/kshanka2/p1/hadoop/share/hadoop/mapreduce/lib/log4j-1.2.17.jar:/home/kshanka2/p1/hadoop/share/hadoop/mapreduce/lib/hamcrest-core-1.3.jar:/home/kshanka2/p1/hadoop/share/hadoop/mapreduce/lib/commons-compress-1.4.1.jar:/home/kshanka2/p1/hadoop/share/hadoop/mapreduce/lib/paranamer-2.3.jar:/home/kshanka2/p1/hadoop/share/hadoop/mapreduce/lib/avro-1.7.4.jar:/home/kshanka2/p1/hadoop/share/hadoop/mapreduce/lib/jackson-core-asl-1.9.13.jar:/home/kshanka2/p1/hadoop/share/hadoop/mapreduce/lib/aopalliance-1.0.jar:/home/kshanka2/p1/hadoop/share/hadoop/mapreduce/lib/javax.inject-1.jar:/home/kshanka2/p1/hadoop/share/hadoop/mapreduce/lib/snappy-java-1.0.4.1.jar:/home/kshanka2/p1/hadoop/share/hadoop/mapreduce/lib/asm-3.2.jar:/home/kshanka2/p1/hadoop/share/hadoop/mapreduce/hadoop-mapreduce-client-shuffle-2.7.2.jar:/home/kshanka2/p1/hadoop/share/hadoop/mapreduce/hadoop-mapreduce-client-core-2.7.2.jar:/home/kshanka2/p1/hadoop/share/hadoop/mapreduce/hadoop-mapreduce-client-jobclient-2.7.2.jar:/home/kshanka2/p1/hadoop/share/hadoop/mapreduce/hadoop-mapreduce-examples-2.7.2.jar:/home/kshanka2/p1/hadoop/share/hadoop/mapreduce/hadoop-mapreduce-client-common-2.7.2.jar:/home/kshanka2/p1/hadoop/share/hadoop/mapreduce/hadoop-mapreduce-client-app-2.7.2.jar:/home/kshanka2/p1/hadoop/share/hadoop/mapreduce/hadoop-mapreduce-client-hs-2.7.2.jar:/home/kshanka2/p1/hadoop/share/hadoop/mapreduce/hadoop-mapreduce-client-jobclient-2.7.2-tests.jar:/home/kshanka2/p1/hadoop/share/hadoop/mapreduce/hadoop-mapreduce-client-hs-plugins-2.7.2.jar
STARTUP_MSG:   build = https://git-wip-us.apache.org/repos/asf/hadoop.git -r b165c4fe8a74265c792ce23f546c64604acf0e41; compiled by 'jenkins' on 2016-01-26T00:08Z
STARTUP_MSG:   java = 1.8.0_121
************************************************************/
2020-03-25 02:19:13,579 INFO  [main] namenode.NameNode (LogAdapter.java:info(47)) - registered UNIX signal handlers for [TERM, HUP, INT]
2020-03-25 02:19:13,582 INFO  [main] namenode.NameNode (NameNode.java:createNameNode(1417)) - createNameNode []
2020-03-25 02:19:14,125 WARN  [main] impl.MetricsConfig (MetricsConfig.java:loadFirst(125)) - Cannot locate configuration: tried hadoop-metrics2-namenode.properties,hadoop-metrics2.properties
2020-03-25 02:19:14,394 INFO  [main] impl.MetricsSystemImpl (MetricsSystemImpl.java:startTimer(377)) - Scheduled snapshot period at 10 second(s).
2020-03-25 02:19:14,394 INFO  [main] impl.MetricsSystemImpl (MetricsSystemImpl.java:start(192)) - NameNode metrics system started
2020-03-25 02:19:14,398 INFO  [main] namenode.NameNode (NameNode.java:setClientNamenodeAddress(397)) - fs.defaultFS is hdfs://c38:9000
2020-03-25 02:19:14,399 INFO  [main] namenode.NameNode (NameNode.java:setClientNamenodeAddress(417)) - Clients are to use c38:9000 to access this namenode/service.
2020-03-25 02:19:14,754 INFO  [main] hdfs.DFSUtil (DFSUtil.java:httpServerTemplateForNNAndJN(1703)) - Starting Web-server for hdfs at: http://0.0.0.0:50070
2020-03-25 02:19:14,883 INFO  [main] mortbay.log (Slf4jLog.java:info(67)) - Logging to org.slf4j.impl.Log4jLoggerAdapter(org.mortbay.log) via org.mortbay.log.Slf4jLog
2020-03-25 02:19:14,897 INFO  [main] server.AuthenticationFilter (AuthenticationFilter.java:constructSecretProvider(284)) - Unable to initialize FileSignerSecretProvider, falling back to use random secrets.
2020-03-25 02:19:14,906 INFO  [main] http.HttpRequestLog (HttpRequestLog.java:getRequestLog(80)) - Http request log for http.requests.namenode is not defined
2020-03-25 02:19:14,915 INFO  [main] http.HttpServer2 (HttpServer2.java:addGlobalFilter(710)) - Added global filter 'safety' (class=org.apache.hadoop.http.HttpServer2$QuotingInputFilter)
2020-03-25 02:19:14,919 INFO  [main] http.HttpServer2 (HttpServer2.java:addFilter(685)) - Added filter static_user_filter (class=org.apache.hadoop.http.lib.StaticUserWebFilter$StaticUserFilter) to context hdfs
2020-03-25 02:19:14,919 INFO  [main] http.HttpServer2 (HttpServer2.java:addFilter(693)) - Added filter static_user_filter (class=org.apache.hadoop.http.lib.StaticUserWebFilter$StaticUserFilter) to context logs
2020-03-25 02:19:14,920 INFO  [main] http.HttpServer2 (HttpServer2.java:addFilter(693)) - Added filter static_user_filter (class=org.apache.hadoop.http.lib.StaticUserWebFilter$StaticUserFilter) to context static
2020-03-25 02:19:15,019 INFO  [main] http.HttpServer2 (NameNodeHttpServer.java:initWebHdfs(86)) - Added filter 'org.apache.hadoop.hdfs.web.AuthFilter' (class=org.apache.hadoop.hdfs.web.AuthFilter)
2020-03-25 02:19:15,021 INFO  [main] http.HttpServer2 (HttpServer2.java:addJerseyResourcePackage(609)) - addJerseyResourcePackage: packageName=org.apache.hadoop.hdfs.server.namenode.web.resources;org.apache.hadoop.hdfs.web.resources, pathSpec=/webhdfs/v1/*
2020-03-25 02:19:15,063 INFO  [main] http.HttpServer2 (HttpServer2.java:openListeners(915)) - Jetty bound to port 50070
2020-03-25 02:19:15,063 INFO  [main] mortbay.log (Slf4jLog.java:info(67)) - jetty-6.1.26
2020-03-25 02:19:15,180 WARN  [main] mortbay.log (Slf4jLog.java:warn(76)) - Can't reuse /tmp/Jetty_0_0_0_0_50070_hdfs____w2cu08, using /tmp/Jetty_0_0_0_0_50070_hdfs____w2cu08_3343877517728788383
2020-03-25 02:19:15,580 INFO  [main] mortbay.log (Slf4jLog.java:info(67)) - Started HttpServer2$SelectChannelConnectorWithSafeStartup@0.0.0.0:50070
2020-03-25 02:19:15,651 WARN  [main] common.Util (Util.java:stringAsURI(56)) - Path /tmp/kshanka2/name should be specified as a URI in configuration files. Please update hdfs configuration.
2020-03-25 02:19:15,652 WARN  [main] common.Util (Util.java:stringAsURI(56)) - Path /tmp/kshanka2/name should be specified as a URI in configuration files. Please update hdfs configuration.
2020-03-25 02:19:15,653 WARN  [main] namenode.FSNamesystem (FSNamesystem.java:checkConfiguration(647)) - Only one image storage directory (dfs.namenode.name.dir) configured. Beware of data loss due to lack of redundant storage directories!
2020-03-25 02:19:15,653 WARN  [main] namenode.FSNamesystem (FSNamesystem.java:checkConfiguration(652)) - Only one namespace edits storage directory (dfs.namenode.edits.dir) configured. Beware of data loss due to lack of redundant storage directories!
2020-03-25 02:19:15,661 WARN  [main] common.Util (Util.java:stringAsURI(56)) - Path /tmp/kshanka2/name should be specified as a URI in configuration files. Please update hdfs configuration.
2020-03-25 02:19:15,662 WARN  [main] common.Util (Util.java:stringAsURI(56)) - Path /tmp/kshanka2/name should be specified as a URI in configuration files. Please update hdfs configuration.
2020-03-25 02:19:15,713 INFO  [main] namenode.FSNamesystem (FSNamesystem.java:<init>(716)) - No KeyProvider found.
2020-03-25 02:19:15,713 INFO  [main] namenode.FSNamesystem (FSNamesystem.java:<init>(726)) - fsLock is fair:true
2020-03-25 02:19:15,825 INFO  [main] blockmanagement.DatanodeManager (DatanodeManager.java:<init>(239)) - dfs.block.invalidate.limit=1000
2020-03-25 02:19:15,825 INFO  [main] blockmanagement.DatanodeManager (DatanodeManager.java:<init>(245)) - dfs.namenode.datanode.registration.ip-hostname-check=true
2020-03-25 02:19:15,827 INFO  [main] blockmanagement.BlockManager (InvalidateBlocks.java:printBlockDeletionTime(71)) - dfs.namenode.startup.delay.block.deletion.sec is set to 000:00:00:00.000
2020-03-25 02:19:15,831 INFO  [main] blockmanagement.BlockManager (InvalidateBlocks.java:printBlockDeletionTime(76)) - The block deletion will start around 2020 Mar 25 02:19:15
2020-03-25 02:19:15,834 INFO  [main] util.GSet (LightWeightGSet.java:computeCapacity(354)) - Computing capacity for map BlocksMap
2020-03-25 02:19:15,835 INFO  [main] util.GSet (LightWeightGSet.java:computeCapacity(355)) - VM type       = 64-bit
2020-03-25 02:19:15,837 INFO  [main] util.GSet (LightWeightGSet.java:computeCapacity(356)) - 2.0% max memory 889 MB = 17.8 MB
2020-03-25 02:19:15,837 INFO  [main] util.GSet (LightWeightGSet.java:computeCapacity(361)) - capacity      = 2^21 = 2097152 entries
2020-03-25 02:19:15,848 INFO  [main] blockmanagement.BlockManager (BlockManager.java:createBlockTokenSecretManager(358)) - dfs.block.access.token.enable=false
2020-03-25 02:19:15,848 INFO  [main] blockmanagement.BlockManager (BlockManager.java:<init>(344)) - defaultReplication         = 1
2020-03-25 02:19:15,849 INFO  [main] blockmanagement.BlockManager (BlockManager.java:<init>(345)) - maxReplication             = 512
2020-03-25 02:19:15,849 INFO  [main] blockmanagement.BlockManager (BlockManager.java:<init>(346)) - minReplication             = 1
2020-03-25 02:19:15,849 INFO  [main] blockmanagement.BlockManager (BlockManager.java:<init>(347)) - maxReplicationStreams      = 2
2020-03-25 02:19:15,849 INFO  [main] blockmanagement.BlockManager (BlockManager.java:<init>(348)) - replicationRecheckInterval = 3000
2020-03-25 02:19:15,849 INFO  [main] blockmanagement.BlockManager (BlockManager.java:<init>(349)) - encryptDataTransfer        = false
2020-03-25 02:19:15,849 INFO  [main] blockmanagement.BlockManager (BlockManager.java:<init>(350)) - maxNumBlocksToLog          = 1000
2020-03-25 02:19:15,859 INFO  [main] namenode.FSNamesystem (FSNamesystem.java:<init>(746)) - fsOwner             = kshanka2 (auth:SIMPLE)
2020-03-25 02:19:15,859 INFO  [main] namenode.FSNamesystem (FSNamesystem.java:<init>(747)) - supergroup          = supergroup
2020-03-25 02:19:15,860 INFO  [main] namenode.FSNamesystem (FSNamesystem.java:<init>(748)) - isPermissionEnabled = true
2020-03-25 02:19:15,860 INFO  [main] namenode.FSNamesystem (FSNamesystem.java:<init>(759)) - HA Enabled: false
2020-03-25 02:19:15,862 INFO  [main] namenode.FSNamesystem (FSNamesystem.java:<init>(796)) - Append Enabled: true
2020-03-25 02:19:16,178 INFO  [main] util.GSet (LightWeightGSet.java:computeCapacity(354)) - Computing capacity for map INodeMap
2020-03-25 02:19:16,179 INFO  [main] util.GSet (LightWeightGSet.java:computeCapacity(355)) - VM type       = 64-bit
2020-03-25 02:19:16,179 INFO  [main] util.GSet (LightWeightGSet.java:computeCapacity(356)) - 1.0% max memory 889 MB = 8.9 MB
2020-03-25 02:19:16,179 INFO  [main] util.GSet (LightWeightGSet.java:computeCapacity(361)) - capacity      = 2^20 = 1048576 entries
2020-03-25 02:19:16,182 INFO  [main] namenode.FSDirectory (FSDirectory.java:<init>(235)) - ACLs enabled? false
2020-03-25 02:19:16,182 INFO  [main] namenode.FSDirectory (FSDirectory.java:<init>(239)) - XAttrs enabled? true
2020-03-25 02:19:16,182 INFO  [main] namenode.FSDirectory (FSDirectory.java:<init>(247)) - Maximum size of an xattr: 16384
2020-03-25 02:19:16,183 INFO  [main] namenode.NameNode (FSDirectory.java:<init>(298)) - Caching file names occuring more than 10 times
2020-03-25 02:19:16,194 INFO  [main] util.GSet (LightWeightGSet.java:computeCapacity(354)) - Computing capacity for map cachedBlocks
2020-03-25 02:19:16,194 INFO  [main] util.GSet (LightWeightGSet.java:computeCapacity(355)) - VM type       = 64-bit
2020-03-25 02:19:16,194 INFO  [main] util.GSet (LightWeightGSet.java:computeCapacity(356)) - 0.25% max memory 889 MB = 2.2 MB
2020-03-25 02:19:16,195 INFO  [main] util.GSet (LightWeightGSet.java:computeCapacity(361)) - capacity      = 2^18 = 262144 entries
2020-03-25 02:19:16,197 INFO  [main] namenode.FSNamesystem (FSNamesystem.java:<init>(5166)) - dfs.namenode.safemode.threshold-pct = 0.9990000128746033
2020-03-25 02:19:16,197 INFO  [main] namenode.FSNamesystem (FSNamesystem.java:<init>(5167)) - dfs.namenode.safemode.min.datanodes = 0
2020-03-25 02:19:16,197 INFO  [main] namenode.FSNamesystem (FSNamesystem.java:<init>(5168)) - dfs.namenode.safemode.extension     = 30000
2020-03-25 02:19:16,202 INFO  [main] metrics.TopMetrics (TopMetrics.java:logConf(65)) - NNTop conf: dfs.namenode.top.window.num.buckets = 10
2020-03-25 02:19:16,202 INFO  [main] metrics.TopMetrics (TopMetrics.java:logConf(67)) - NNTop conf: dfs.namenode.top.num.users = 10
2020-03-25 02:19:16,202 INFO  [main] metrics.TopMetrics (TopMetrics.java:logConf(69)) - NNTop conf: dfs.namenode.top.windows.minutes = 1,5,25
2020-03-25 02:19:16,204 INFO  [main] namenode.FSNamesystem (FSNamesystem.java:initRetryCache(905)) - Retry cache on namenode is enabled
2020-03-25 02:19:16,204 INFO  [main] namenode.FSNamesystem (FSNamesystem.java:initRetryCache(913)) - Retry cache will use 0.03 of total heap and retry cache entry expiry time is 600000 millis
2020-03-25 02:19:16,207 INFO  [main] util.GSet (LightWeightGSet.java:computeCapacity(354)) - Computing capacity for map NameNodeRetryCache
2020-03-25 02:19:16,208 INFO  [main] util.GSet (LightWeightGSet.java:computeCapacity(355)) - VM type       = 64-bit
2020-03-25 02:19:16,208 INFO  [main] util.GSet (LightWeightGSet.java:computeCapacity(356)) - 0.029999999329447746% max memory 889 MB = 273.1 KB
2020-03-25 02:19:16,208 INFO  [main] util.GSet (LightWeightGSet.java:computeCapacity(361)) - capacity      = 2^15 = 32768 entries
2020-03-25 02:19:16,246 INFO  [main] common.Storage (Storage.java:tryLock(715)) - Lock on /tmp/kshanka2/name/in_use.lock acquired by nodename 11113@c38.localdomain
2020-03-25 02:19:16,341 INFO  [main] namenode.FileJournalManager (FileJournalManager.java:recoverUnfinalizedSegments(362)) - Recovering unfinalized segments in /tmp/kshanka2/name/current
2020-03-25 02:19:16,342 INFO  [main] namenode.FSImage (FSImage.java:loadFSImage(669)) - No edit log streams selected.
2020-03-25 02:19:16,395 INFO  [main] namenode.FSImageFormatPBINode (FSImageFormatPBINode.java:loadINodeSection(255)) - Loading 1 INodes.
2020-03-25 02:19:16,439 INFO  [main] namenode.FSImageFormatProtobuf (FSImageFormatProtobuf.java:load(181)) - Loaded FSImage in 0 seconds.
2020-03-25 02:19:16,439 INFO  [main] namenode.FSImage (FSImage.java:loadFSImage(970)) - Loaded image for txid 0 from /tmp/kshanka2/name/current/fsimage_0000000000000000000
2020-03-25 02:19:16,453 INFO  [main] namenode.FSNamesystem (FSNamesystem.java:loadFSImage(982)) - Need to save fs image? false (staleImage=false, haEnabled=false, isRollingUpgrade=false)
2020-03-25 02:19:16,453 INFO  [main] namenode.FSEditLog (FSEditLog.java:startLogSegment(1218)) - Starting log segment at 1
2020-03-25 02:19:16,789 INFO  [main] namenode.NameCache (NameCache.java:initialized(143)) - initialized with 0 entries 0 lookups
2020-03-25 02:19:16,790 INFO  [main] namenode.FSNamesystem (FSNamesystem.java:loadFromDisk(688)) - Finished loading FSImage in 577 msecs
2020-03-25 02:19:17,394 INFO  [main] namenode.NameNode (NameNodeRpcServer.java:<init>(342)) - RPC server is binding to c38:9000
2020-03-25 02:19:17,430 INFO  [main] ipc.CallQueueManager (CallQueueManager.java:<init>(53)) - Using callQueue class java.util.concurrent.LinkedBlockingQueue
2020-03-25 02:19:17,450 INFO  [Socket Reader #1 for port 9000] ipc.Server (Server.java:run(606)) - Starting Socket Reader #1 for port 9000
2020-03-25 02:19:17,508 INFO  [main] namenode.FSNamesystem (FSNamesystem.java:registerMBean(6031)) - Registered FSNamesystemState MBean
2020-03-25 02:19:17,509 WARN  [main] common.Util (Util.java:stringAsURI(56)) - Path /tmp/kshanka2/name should be specified as a URI in configuration files. Please update hdfs configuration.
2020-03-25 02:19:17,543 INFO  [main] namenode.LeaseManager (LeaseManager.java:getNumUnderConstructionBlocks(136)) - Number of blocks under construction: 0
2020-03-25 02:19:17,543 INFO  [main] namenode.LeaseManager (LeaseManager.java:getNumUnderConstructionBlocks(136)) - Number of blocks under construction: 0
2020-03-25 02:19:17,543 INFO  [main] namenode.FSNamesystem (FSNamesystem.java:initializeReplQueues(1182)) - initializing replication queues
2020-03-25 02:19:17,544 INFO  [main] hdfs.StateChange (FSNamesystem.java:leave(5241)) - STATE* Leaving safe mode after 1 secs
2020-03-25 02:19:17,544 INFO  [main] hdfs.StateChange (FSNamesystem.java:leave(5253)) - STATE* Network topology has 0 racks and 0 datanodes
2020-03-25 02:19:17,544 INFO  [main] hdfs.StateChange (FSNamesystem.java:leave(5256)) - STATE* UnderReplicatedBlocks has 0 blocks
2020-03-25 02:19:17,554 INFO  [main] blockmanagement.DatanodeDescriptor (DatanodeDescriptor.java:updateHeartbeatState(451)) - Number of failed storage changes from 0 to 0
2020-03-25 02:19:17,577 INFO  [Replication Queue Initializer] blockmanagement.BlockManager (BlockManager.java:processMisReplicatesAsync(2763)) - Total number of blocks            = 0
2020-03-25 02:19:17,578 INFO  [Replication Queue Initializer] blockmanagement.BlockManager (BlockManager.java:processMisReplicatesAsync(2764)) - Number of invalid blocks          = 0
2020-03-25 02:19:17,578 INFO  [Replication Queue Initializer] blockmanagement.BlockManager (BlockManager.java:processMisReplicatesAsync(2765)) - Number of under-replicated blocks = 0
2020-03-25 02:19:17,578 INFO  [Replication Queue Initializer] blockmanagement.BlockManager (BlockManager.java:processMisReplicatesAsync(2766)) - Number of  over-replicated blocks = 0
2020-03-25 02:19:17,578 INFO  [Replication Queue Initializer] blockmanagement.BlockManager (BlockManager.java:processMisReplicatesAsync(2768)) - Number of blocks being written    = 0
2020-03-25 02:19:17,578 INFO  [Replication Queue Initializer] hdfs.StateChange (BlockManager.java:processMisReplicatesAsync(2769)) - STATE* Replication Queue initialization scan for invalid, over- and under-replicated blocks completed in 34 msec
2020-03-25 02:19:17,696 INFO  [IPC Server Responder] ipc.Server (Server.java:run(836)) - IPC Server Responder: starting
2020-03-25 02:19:17,696 INFO  [IPC Server listener on 9000] ipc.Server (Server.java:run(676)) - IPC Server listener on 9000: starting
2020-03-25 02:19:17,707 INFO  [main] namenode.NameNode (NameNode.java:startCommonServices(695)) - NameNode RPC up at: c38/10.4.1.39:9000
2020-03-25 02:19:17,707 INFO  [main] namenode.FSNamesystem (FSNamesystem.java:startActiveServices(1103)) - Starting services required for active state
2020-03-25 02:19:17,714 INFO  [CacheReplicationMonitor(1266883491)] blockmanagement.CacheReplicationMonitor (CacheReplicationMonitor.java:run(160)) - Starting CacheReplicationMonitor with interval 30000 milliseconds
2020-03-25 02:19:22,071 INFO  [IPC Server handler 0 on 9000] hdfs.StateChange (DatanodeManager.java:registerDatanode(879)) - BLOCK* registerDatanode: from DatanodeRegistration(10.4.1.39:50010, datanodeUuid=4a589335-6bae-4e91-8737-bf736d26a395, infoPort=50075, infoSecurePort=0, ipcPort=50020, storageInfo=lv=-56;cid=CID-2f53c07e-4398-4532-90c9-4fdbfe65c9c6;nsid=101116542;c=0) storage 4a589335-6bae-4e91-8737-bf736d26a395
2020-03-25 02:19:22,071 INFO  [IPC Server handler 0 on 9000] blockmanagement.DatanodeDescriptor (DatanodeDescriptor.java:updateHeartbeatState(451)) - Number of failed storage changes from 0 to 0
2020-03-25 02:19:22,073 INFO  [IPC Server handler 0 on 9000] net.NetworkTopology (NetworkTopology.java:add(419)) - Adding a new node: /default-rack/10.4.1.39:50010
2020-03-25 02:19:22,201 INFO  [IPC Server handler 1 on 9000] blockmanagement.DatanodeDescriptor (DatanodeDescriptor.java:updateHeartbeatState(451)) - Number of failed storage changes from 0 to 0
2020-03-25 02:19:22,201 INFO  [IPC Server handler 1 on 9000] blockmanagement.DatanodeDescriptor (DatanodeDescriptor.java:updateStorage(867)) - Adding new storage ID DS-d4c16405-c88a-4c1b-b943-3506ee9eada2 for DN 10.4.1.39:50010
2020-03-25 02:19:22,294 INFO  [IPC Server handler 2 on 9000] BlockStateChange (BlockManager.java:processReport(1859)) - BLOCK* processReport: from storage DS-d4c16405-c88a-4c1b-b943-3506ee9eada2 node DatanodeRegistration(10.4.1.39:50010, datanodeUuid=4a589335-6bae-4e91-8737-bf736d26a395, infoPort=50075, infoSecurePort=0, ipcPort=50020, storageInfo=lv=-56;cid=CID-2f53c07e-4398-4532-90c9-4fdbfe65c9c6;nsid=101116542;c=0), blocks: 0, hasStaleStorage: false, processing time: 3 msecs
2020-03-25 02:19:26,729 INFO  [IPC Server handler 0 on 9000] hdfs.StateChange (DatanodeManager.java:registerDatanode(879)) - BLOCK* registerDatanode: from DatanodeRegistration(10.4.1.41:50010, datanodeUuid=f9fa5995-4ddc-4054-a168-de6f0f003375, infoPort=50075, infoSecurePort=0, ipcPort=50020, storageInfo=lv=-56;cid=CID-2f53c07e-4398-4532-90c9-4fdbfe65c9c6;nsid=101116542;c=0) storage f9fa5995-4ddc-4054-a168-de6f0f003375
2020-03-25 02:19:26,730 INFO  [IPC Server handler 0 on 9000] blockmanagement.DatanodeDescriptor (DatanodeDescriptor.java:updateHeartbeatState(451)) - Number of failed storage changes from 0 to 0
2020-03-25 02:19:26,730 INFO  [IPC Server handler 0 on 9000] net.NetworkTopology (NetworkTopology.java:add(419)) - Adding a new node: /default-rack/10.4.1.41:50010
2020-03-25 02:19:26,829 INFO  [IPC Server handler 1 on 9000] blockmanagement.DatanodeDescriptor (DatanodeDescriptor.java:updateHeartbeatState(451)) - Number of failed storage changes from 0 to 0
2020-03-25 02:19:26,830 INFO  [IPC Server handler 1 on 9000] blockmanagement.DatanodeDescriptor (DatanodeDescriptor.java:updateStorage(867)) - Adding new storage ID DS-a27bac14-0efa-4e21-b539-ed205d5c866d for DN 10.4.1.41:50010
2020-03-25 02:19:26,870 INFO  [IPC Server handler 2 on 9000] BlockStateChange (BlockManager.java:processReport(1859)) - BLOCK* processReport: from storage DS-a27bac14-0efa-4e21-b539-ed205d5c866d node DatanodeRegistration(10.4.1.41:50010, datanodeUuid=f9fa5995-4ddc-4054-a168-de6f0f003375, infoPort=50075, infoSecurePort=0, ipcPort=50020, storageInfo=lv=-56;cid=CID-2f53c07e-4398-4532-90c9-4fdbfe65c9c6;nsid=101116542;c=0), blocks: 0, hasStaleStorage: false, processing time: 0 msecs
2020-03-25 02:19:27,183 INFO  [IPC Server handler 5 on 9000] hdfs.StateChange (DatanodeManager.java:registerDatanode(879)) - BLOCK* registerDatanode: from DatanodeRegistration(10.4.1.40:50010, datanodeUuid=1ebcfafd-7084-4a3a-87d1-f33db7663e37, infoPort=50075, infoSecurePort=0, ipcPort=50020, storageInfo=lv=-56;cid=CID-2f53c07e-4398-4532-90c9-4fdbfe65c9c6;nsid=101116542;c=0) storage 1ebcfafd-7084-4a3a-87d1-f33db7663e37
2020-03-25 02:19:27,184 INFO  [IPC Server handler 5 on 9000] blockmanagement.DatanodeDescriptor (DatanodeDescriptor.java:updateHeartbeatState(451)) - Number of failed storage changes from 0 to 0
2020-03-25 02:19:27,186 INFO  [IPC Server handler 5 on 9000] net.NetworkTopology (NetworkTopology.java:add(419)) - Adding a new node: /default-rack/10.4.1.40:50010
2020-03-25 02:19:27,281 INFO  [IPC Server handler 4 on 9000] blockmanagement.DatanodeDescriptor (DatanodeDescriptor.java:updateHeartbeatState(451)) - Number of failed storage changes from 0 to 0
2020-03-25 02:19:27,281 INFO  [IPC Server handler 4 on 9000] blockmanagement.DatanodeDescriptor (DatanodeDescriptor.java:updateStorage(867)) - Adding new storage ID DS-978a274a-5fc0-4230-b451-fa15ef85a3de for DN 10.4.1.40:50010
2020-03-25 02:19:27,320 INFO  [IPC Server handler 6 on 9000] BlockStateChange (BlockManager.java:processReport(1859)) - BLOCK* processReport: from storage DS-978a274a-5fc0-4230-b451-fa15ef85a3de node DatanodeRegistration(10.4.1.40:50010, datanodeUuid=1ebcfafd-7084-4a3a-87d1-f33db7663e37, infoPort=50075, infoSecurePort=0, ipcPort=50020, storageInfo=lv=-56;cid=CID-2f53c07e-4398-4532-90c9-4fdbfe65c9c6;nsid=101116542;c=0), blocks: 0, hasStaleStorage: false, processing time: 0 msecs
2020-03-25 02:19:28,019 INFO  [IPC Server handler 3 on 9000] hdfs.StateChange (DatanodeManager.java:registerDatanode(879)) - BLOCK* registerDatanode: from DatanodeRegistration(10.4.1.42:50010, datanodeUuid=91623646-84c9-4c0e-9217-5fd36b76b5fe, infoPort=50075, infoSecurePort=0, ipcPort=50020, storageInfo=lv=-56;cid=CID-2f53c07e-4398-4532-90c9-4fdbfe65c9c6;nsid=101116542;c=0) storage 91623646-84c9-4c0e-9217-5fd36b76b5fe
2020-03-25 02:19:28,020 INFO  [IPC Server handler 3 on 9000] blockmanagement.DatanodeDescriptor (DatanodeDescriptor.java:updateHeartbeatState(451)) - Number of failed storage changes from 0 to 0
2020-03-25 02:19:28,023 INFO  [IPC Server handler 3 on 9000] net.NetworkTopology (NetworkTopology.java:add(419)) - Adding a new node: /default-rack/10.4.1.42:50010
2020-03-25 02:19:28,127 INFO  [IPC Server handler 4 on 9000] blockmanagement.DatanodeDescriptor (DatanodeDescriptor.java:updateHeartbeatState(451)) - Number of failed storage changes from 0 to 0
2020-03-25 02:19:28,128 INFO  [IPC Server handler 4 on 9000] blockmanagement.DatanodeDescriptor (DatanodeDescriptor.java:updateStorage(867)) - Adding new storage ID DS-a692e280-d7e3-402b-a1b0-1133f8222755 for DN 10.4.1.42:50010
2020-03-25 02:19:28,167 INFO  [IPC Server handler 6 on 9000] BlockStateChange (BlockManager.java:processReport(1859)) - BLOCK* processReport: from storage DS-a692e280-d7e3-402b-a1b0-1133f8222755 node DatanodeRegistration(10.4.1.42:50010, datanodeUuid=91623646-84c9-4c0e-9217-5fd36b76b5fe, infoPort=50075, infoSecurePort=0, ipcPort=50020, storageInfo=lv=-56;cid=CID-2f53c07e-4398-4532-90c9-4fdbfe65c9c6;nsid=101116542;c=0), blocks: 0, hasStaleStorage: false, processing time: 1 msecs
2020-03-25 02:19:33,461 INFO  [IPC Server handler 8 on 9000] FSNamesystem.audit (FSNamesystem.java:logAuditMessage(8249)) - allowed=true	ugi=kshanka2 (auth:SIMPLE)	ip=/10.4.1.39	cmd=getfileinfo	src=/user	dst=null	perm=null	proto=rpc
2020-03-25 02:19:33,516 INFO  [IPC Server handler 9 on 9000] FSNamesystem.audit (FSNamesystem.java:logAuditMessage(8249)) - allowed=true	ugi=kshanka2 (auth:SIMPLE)	ip=/10.4.1.39	cmd=getfileinfo	src=/	dst=null	perm=null	proto=rpc
2020-03-25 02:19:33,633 INFO  [IPC Server handler 0 on 9000] FSNamesystem.audit (FSNamesystem.java:logAuditMessage(8249)) - allowed=true	ugi=kshanka2 (auth:SIMPLE)	ip=/10.4.1.39	cmd=mkdirs	src=/user	dst=null	perm=kshanka2:supergroup:rwxr-xr-x	proto=rpc
2020-03-25 02:19:36,405 INFO  [IPC Server handler 8 on 9000] FSNamesystem.audit (FSNamesystem.java:logAuditMessage(8249)) - allowed=true	ugi=kshanka2 (auth:SIMPLE)	ip=/10.4.1.39	cmd=getfileinfo	src=/user/kshanka2	dst=null	perm=null	proto=rpc
2020-03-25 02:19:36,450 INFO  [IPC Server handler 9 on 9000] FSNamesystem.audit (FSNamesystem.java:logAuditMessage(8249)) - allowed=true	ugi=kshanka2 (auth:SIMPLE)	ip=/10.4.1.39	cmd=getfileinfo	src=/user	dst=null	perm=null	proto=rpc
2020-03-25 02:19:36,506 INFO  [IPC Server handler 0 on 9000] FSNamesystem.audit (FSNamesystem.java:logAuditMessage(8249)) - allowed=true	ugi=kshanka2 (auth:SIMPLE)	ip=/10.4.1.39	cmd=mkdirs	src=/user/kshanka2	dst=null	perm=kshanka2:supergroup:rwxr-xr-x	proto=rpc
2020-03-25 02:20:27,204 INFO  [IPC Server handler 7 on 9000] namenode.FSNamesystem (FSNamesystem.java:rollEditLog(5830)) - Roll Edit Log from 10.4.1.39
2020-03-25 02:20:27,205 INFO  [IPC Server handler 7 on 9000] namenode.FSEditLog (FSEditLog.java:rollEditLog(1202)) - Rolling edit logs
2020-03-25 02:20:27,205 INFO  [IPC Server handler 7 on 9000] namenode.FSEditLog (FSEditLog.java:endCurrentLogSegment(1259)) - Ending log segment 1
2020-03-25 02:20:27,206 INFO  [IPC Server handler 7 on 9000] namenode.FSEditLog (FSEditLog.java:printStatistics(699)) - Number of transactions: 4 Total time for transactions(ms): 20 Number of transactions batched in Syncs: 0 Number of syncs: 4 SyncTimes(ms): 126 
2020-03-25 02:20:27,222 INFO  [IPC Server handler 7 on 9000] namenode.FSEditLog (FSEditLog.java:printStatistics(699)) - Number of transactions: 4 Total time for transactions(ms): 20 Number of transactions batched in Syncs: 0 Number of syncs: 5 SyncTimes(ms): 142 
2020-03-25 02:20:27,226 INFO  [IPC Server handler 7 on 9000] namenode.FileJournalManager (FileJournalManager.java:finalizeLogSegment(133)) - Finalizing edits file /tmp/kshanka2/name/current/edits_inprogress_0000000000000000001 -> /tmp/kshanka2/name/current/edits_0000000000000000001-0000000000000000004
2020-03-25 02:20:27,234 INFO  [IPC Server handler 7 on 9000] namenode.FSEditLog (FSEditLog.java:startLogSegment(1218)) - Starting log segment at 5
2020-03-25 02:20:30,003 INFO  [194707680@qtp-681094281-0] namenode.TransferFsImage (TransferFsImage.java:receiveFile(553)) - Transfer took 0.04s at 0.00 KB/s
2020-03-25 02:20:30,003 INFO  [194707680@qtp-681094281-0] namenode.TransferFsImage (TransferFsImage.java:handleUploadImageRequest(134)) - Downloaded file fsimage.ckpt_0000000000000000004 size 498 bytes.
2020-03-25 02:20:30,041 INFO  [194707680@qtp-681094281-0] namenode.NNStorageRetentionManager (NNStorageRetentionManager.java:getImageTxIdToRetain(203)) - Going to retain 2 images with txid >= 0
2020-03-25 02:36:47,930 INFO  [IPC Server handler 0 on 9000] FSNamesystem.audit (FSNamesystem.java:logAuditMessage(8249)) - allowed=true	ugi=kshanka2 (auth:SIMPLE)	ip=/10.4.1.39	cmd=getfileinfo	src=/user/kshanka2/input0	dst=null	perm=null	proto=rpc
2020-03-25 02:36:47,981 INFO  [IPC Server handler 1 on 9000] FSNamesystem.audit (FSNamesystem.java:logAuditMessage(8249)) - allowed=true	ugi=kshanka2 (auth:SIMPLE)	ip=/10.4.1.39	cmd=getfileinfo	src=/user/kshanka2	dst=null	perm=null	proto=rpc
2020-03-25 02:36:48,025 INFO  [IPC Server handler 3 on 9000] namenode.FSEditLog (FSEditLog.java:printStatistics(699)) - Number of transactions: 2 Total time for transactions(ms): 1 Number of transactions batched in Syncs: 0 Number of syncs: 2 SyncTimes(ms): 63 
2020-03-25 02:36:48,044 INFO  [IPC Server handler 3 on 9000] FSNamesystem.audit (FSNamesystem.java:logAuditMessage(8249)) - allowed=true	ugi=kshanka2 (auth:SIMPLE)	ip=/10.4.1.39	cmd=mkdirs	src=/user/kshanka2/input0	dst=null	perm=kshanka2:supergroup:rwxr-xr-x	proto=rpc
2020-03-25 02:36:48,052 INFO  [IPC Server handler 2 on 9000] FSNamesystem.audit (FSNamesystem.java:logAuditMessage(8249)) - allowed=true	ugi=kshanka2 (auth:SIMPLE)	ip=/10.4.1.39	cmd=getfileinfo	src=/user/kshanka2/input0	dst=null	perm=null	proto=rpc
2020-03-25 02:36:48,061 INFO  [IPC Server handler 5 on 9000] FSNamesystem.audit (FSNamesystem.java:logAuditMessage(8249)) - allowed=true	ugi=kshanka2 (auth:SIMPLE)	ip=/10.4.1.39	cmd=getfileinfo	src=/user/kshanka2/input0/al-green.txt	dst=null	perm=null	proto=rpc
2020-03-25 02:36:48,073 INFO  [IPC Server handler 6 on 9000] FSNamesystem.audit (FSNamesystem.java:logAuditMessage(8249)) - allowed=true	ugi=kshanka2 (auth:SIMPLE)	ip=/10.4.1.39	cmd=getfileinfo	src=/user/kshanka2/input0/al-green.txt._COPYING_	dst=null	perm=null	proto=rpc
2020-03-25 02:36:48,153 INFO  [IPC Server handler 4 on 9000] FSNamesystem.audit (FSNamesystem.java:logAuditMessage(8249)) - allowed=true	ugi=kshanka2 (auth:SIMPLE)	ip=/10.4.1.39	cmd=create	src=/user/kshanka2/input0/al-green.txt._COPYING_	dst=null	perm=kshanka2:supergroup:rw-r--r--	proto=rpc
2020-03-25 02:36:48,185 INFO  [IPC Server handler 8 on 9000] FSNamesystem.audit (FSNamesystem.java:logAuditMessage(8249)) - allowed=true	ugi=kshanka2 (auth:SIMPLE)	ip=/10.4.1.39	cmd=getfileinfo	src=/user/kshanka2/input0/al-green.txt._COPYING_	dst=null	perm=null	proto=rpc
2020-03-25 02:36:48,236 INFO  [IPC Server handler 7 on 9000] hdfs.StateChange (FSNamesystem.java:saveAllocatedBlock(3572)) - BLOCK* allocate blk_1073741825_1001{UCState=UNDER_CONSTRUCTION, truncateBlock=null, primaryNodeIndex=-1, replicas=[ReplicaUC[[DISK]DS-d4c16405-c88a-4c1b-b943-3506ee9eada2:NORMAL:10.4.1.39:50010|RBW]]} for /user/kshanka2/input0/al-green.txt._COPYING_
2020-03-25 02:36:48,669 INFO  [IPC Server handler 1 on 9000] namenode.FSNamesystem (FSNamesystem.java:isCompleteBlock(3616)) - BLOCK* blk_1073741825_1001{UCState=COMMITTED, truncateBlock=null, primaryNodeIndex=-1, replicas=[ReplicaUC[[DISK]DS-d4c16405-c88a-4c1b-b943-3506ee9eada2:NORMAL:10.4.1.39:50010|RBW]]} is not COMPLETE (ucState = COMMITTED, replication# = 0 <  minimum = 1) in file /user/kshanka2/input0/al-green.txt._COPYING_
2020-03-25 02:36:48,669 INFO  [IPC Server handler 1 on 9000] namenode.EditLogFileOutputStream (EditLogFileOutputStream.java:flushAndSync(200)) - Nothing to flush
2020-03-25 02:36:48,697 INFO  [IPC Server handler 3 on 9000] BlockStateChange (BlockManager.java:logAddStoredBlock(2621)) - BLOCK* addStoredBlock: blockMap updated: 10.4.1.39:50010 is added to blk_1073741825_1001{UCState=COMMITTED, truncateBlock=null, primaryNodeIndex=-1, replicas=[ReplicaUC[[DISK]DS-d4c16405-c88a-4c1b-b943-3506ee9eada2:NORMAL:10.4.1.39:50010|RBW]]} size 80413
2020-03-25 02:36:49,111 INFO  [IPC Server handler 4 on 9000] hdfs.StateChange (FSNamesystem.java:completeFile(3492)) - DIR* completeFile: /user/kshanka2/input0/al-green.txt._COPYING_ is closed by DFSClient_NONMAPREDUCE_2042823326_1
2020-03-25 02:36:49,153 INFO  [IPC Server handler 9 on 9000] FSNamesystem.audit (FSNamesystem.java:logAuditMessage(8249)) - allowed=true	ugi=kshanka2 (auth:SIMPLE)	ip=/10.4.1.39	cmd=rename	src=/user/kshanka2/input0/al-green.txt._COPYING_	dst=/user/kshanka2/input0/al-green.txt	perm=kshanka2:supergroup:rw-r--r--	proto=rpc
2020-03-25 02:36:49,166 INFO  [IPC Server handler 0 on 9000] FSNamesystem.audit (FSNamesystem.java:logAuditMessage(8249)) - allowed=true	ugi=kshanka2 (auth:SIMPLE)	ip=/10.4.1.39	cmd=getfileinfo	src=/user/kshanka2/input0/bruce-springsteen.txt	dst=null	perm=null	proto=rpc
2020-03-25 02:36:49,172 INFO  [IPC Server handler 1 on 9000] FSNamesystem.audit (FSNamesystem.java:logAuditMessage(8249)) - allowed=true	ugi=kshanka2 (auth:SIMPLE)	ip=/10.4.1.39	cmd=getfileinfo	src=/user/kshanka2/input0/bruce-springsteen.txt._COPYING_	dst=null	perm=null	proto=rpc
2020-03-25 02:36:49,186 INFO  [IPC Server handler 3 on 9000] FSNamesystem.audit (FSNamesystem.java:logAuditMessage(8249)) - allowed=true	ugi=kshanka2 (auth:SIMPLE)	ip=/10.4.1.39	cmd=create	src=/user/kshanka2/input0/bruce-springsteen.txt._COPYING_	dst=null	perm=kshanka2:supergroup:rw-r--r--	proto=rpc
2020-03-25 02:36:49,193 INFO  [IPC Server handler 2 on 9000] FSNamesystem.audit (FSNamesystem.java:logAuditMessage(8249)) - allowed=true	ugi=kshanka2 (auth:SIMPLE)	ip=/10.4.1.39	cmd=getfileinfo	src=/user/kshanka2/input0/bruce-springsteen.txt._COPYING_	dst=null	perm=null	proto=rpc
2020-03-25 02:36:49,205 INFO  [IPC Server handler 5 on 9000] hdfs.StateChange (FSNamesystem.java:saveAllocatedBlock(3572)) - BLOCK* allocate blk_1073741826_1002{UCState=UNDER_CONSTRUCTION, truncateBlock=null, primaryNodeIndex=-1, replicas=[ReplicaUC[[DISK]DS-d4c16405-c88a-4c1b-b943-3506ee9eada2:NORMAL:10.4.1.39:50010|RBW]]} for /user/kshanka2/input0/bruce-springsteen.txt._COPYING_
2020-03-25 02:36:49,236 INFO  [IPC Server handler 6 on 9000] BlockStateChange (BlockManager.java:logAddStoredBlock(2621)) - BLOCK* addStoredBlock: blockMap updated: 10.4.1.39:50010 is added to blk_1073741826_1002{UCState=UNDER_CONSTRUCTION, truncateBlock=null, primaryNodeIndex=-1, replicas=[ReplicaUC[[DISK]DS-d4c16405-c88a-4c1b-b943-3506ee9eada2:NORMAL:10.4.1.39:50010|RBW]]} size 0
2020-03-25 02:36:49,244 INFO  [IPC Server handler 8 on 9000] hdfs.StateChange (FSNamesystem.java:completeFile(3492)) - DIR* completeFile: /user/kshanka2/input0/bruce-springsteen.txt._COPYING_ is closed by DFSClient_NONMAPREDUCE_2042823326_1
2020-03-25 02:36:49,253 INFO  [IPC Server handler 4 on 9000] FSNamesystem.audit (FSNamesystem.java:logAuditMessage(8249)) - allowed=true	ugi=kshanka2 (auth:SIMPLE)	ip=/10.4.1.39	cmd=rename	src=/user/kshanka2/input0/bruce-springsteen.txt._COPYING_	dst=/user/kshanka2/input0/bruce-springsteen.txt	perm=kshanka2:supergroup:rw-r--r--	proto=rpc
2020-03-25 02:36:49,256 INFO  [IPC Server handler 9 on 9000] FSNamesystem.audit (FSNamesystem.java:logAuditMessage(8249)) - allowed=true	ugi=kshanka2 (auth:SIMPLE)	ip=/10.4.1.39	cmd=getfileinfo	src=/user/kshanka2/input0/janisjoplin.txt	dst=null	perm=null	proto=rpc
2020-03-25 02:36:49,262 INFO  [IPC Server handler 7 on 9000] FSNamesystem.audit (FSNamesystem.java:logAuditMessage(8249)) - allowed=true	ugi=kshanka2 (auth:SIMPLE)	ip=/10.4.1.39	cmd=getfileinfo	src=/user/kshanka2/input0/janisjoplin.txt._COPYING_	dst=null	perm=null	proto=rpc
2020-03-25 02:36:49,269 INFO  [IPC Server handler 0 on 9000] FSNamesystem.audit (FSNamesystem.java:logAuditMessage(8249)) - allowed=true	ugi=kshanka2 (auth:SIMPLE)	ip=/10.4.1.39	cmd=create	src=/user/kshanka2/input0/janisjoplin.txt._COPYING_	dst=null	perm=kshanka2:supergroup:rw-r--r--	proto=rpc
2020-03-25 02:36:49,273 INFO  [IPC Server handler 1 on 9000] FSNamesystem.audit (FSNamesystem.java:logAuditMessage(8249)) - allowed=true	ugi=kshanka2 (auth:SIMPLE)	ip=/10.4.1.39	cmd=getfileinfo	src=/user/kshanka2/input0/janisjoplin.txt._COPYING_	dst=null	perm=null	proto=rpc
2020-03-25 02:36:49,282 INFO  [IPC Server handler 3 on 9000] hdfs.StateChange (FSNamesystem.java:saveAllocatedBlock(3572)) - BLOCK* allocate blk_1073741827_1003{UCState=UNDER_CONSTRUCTION, truncateBlock=null, primaryNodeIndex=-1, replicas=[ReplicaUC[[DISK]DS-d4c16405-c88a-4c1b-b943-3506ee9eada2:NORMAL:10.4.1.39:50010|RBW]]} for /user/kshanka2/input0/janisjoplin.txt._COPYING_
2020-03-25 02:36:49,302 INFO  [IPC Server handler 2 on 9000] BlockStateChange (BlockManager.java:logAddStoredBlock(2621)) - BLOCK* addStoredBlock: blockMap updated: 10.4.1.39:50010 is added to blk_1073741827_1003{UCState=UNDER_CONSTRUCTION, truncateBlock=null, primaryNodeIndex=-1, replicas=[ReplicaUC[[DISK]DS-d4c16405-c88a-4c1b-b943-3506ee9eada2:NORMAL:10.4.1.39:50010|RBW]]} size 0
2020-03-25 02:36:49,311 INFO  [IPC Server handler 5 on 9000] hdfs.StateChange (FSNamesystem.java:completeFile(3492)) - DIR* completeFile: /user/kshanka2/input0/janisjoplin.txt._COPYING_ is closed by DFSClient_NONMAPREDUCE_2042823326_1
2020-03-25 02:36:49,319 INFO  [IPC Server handler 6 on 9000] FSNamesystem.audit (FSNamesystem.java:logAuditMessage(8249)) - allowed=true	ugi=kshanka2 (auth:SIMPLE)	ip=/10.4.1.39	cmd=rename	src=/user/kshanka2/input0/janisjoplin.txt._COPYING_	dst=/user/kshanka2/input0/janisjoplin.txt	perm=kshanka2:supergroup:rw-r--r--	proto=rpc
2020-03-25 02:37:02,205 INFO  [IPC Server handler 7 on 9000] FSNamesystem.audit (FSNamesystem.java:logAuditMessage(8249)) - allowed=true	ugi=kshanka2 (auth:SIMPLE)	ip=/10.4.1.39	cmd=getfileinfo	src=/user/kshanka2/input1	dst=null	perm=null	proto=rpc
2020-03-25 02:37:02,255 INFO  [IPC Server handler 0 on 9000] FSNamesystem.audit (FSNamesystem.java:logAuditMessage(8249)) - allowed=true	ugi=kshanka2 (auth:SIMPLE)	ip=/10.4.1.39	cmd=getfileinfo	src=/user/kshanka2	dst=null	perm=null	proto=rpc
2020-03-25 02:37:02,303 INFO  [IPC Server handler 2 on 9000] FSNamesystem.audit (FSNamesystem.java:logAuditMessage(8249)) - allowed=true	ugi=kshanka2 (auth:SIMPLE)	ip=/10.4.1.39	cmd=mkdirs	src=/user/kshanka2/input1	dst=null	perm=kshanka2:supergroup:rwxr-xr-x	proto=rpc
2020-03-25 02:37:02,311 INFO  [IPC Server handler 5 on 9000] FSNamesystem.audit (FSNamesystem.java:logAuditMessage(8249)) - allowed=true	ugi=kshanka2 (auth:SIMPLE)	ip=/10.4.1.39	cmd=getfileinfo	src=/user/kshanka2/input1	dst=null	perm=null	proto=rpc
2020-03-25 02:37:02,319 INFO  [IPC Server handler 6 on 9000] FSNamesystem.audit (FSNamesystem.java:logAuditMessage(8249)) - allowed=true	ugi=kshanka2 (auth:SIMPLE)	ip=/10.4.1.39	cmd=getfileinfo	src=/user/kshanka2/input1/alicia-keys.txt	dst=null	perm=null	proto=rpc
2020-03-25 02:37:02,329 INFO  [IPC Server handler 8 on 9000] FSNamesystem.audit (FSNamesystem.java:logAuditMessage(8249)) - allowed=true	ugi=kshanka2 (auth:SIMPLE)	ip=/10.4.1.39	cmd=getfileinfo	src=/user/kshanka2/input1/alicia-keys.txt._COPYING_	dst=null	perm=null	proto=rpc
2020-03-25 02:37:02,386 INFO  [IPC Server handler 4 on 9000] FSNamesystem.audit (FSNamesystem.java:logAuditMessage(8249)) - allowed=true	ugi=kshanka2 (auth:SIMPLE)	ip=/10.4.1.39	cmd=create	src=/user/kshanka2/input1/alicia-keys.txt._COPYING_	dst=null	perm=kshanka2:supergroup:rw-r--r--	proto=rpc
2020-03-25 02:37:02,415 INFO  [IPC Server handler 9 on 9000] FSNamesystem.audit (FSNamesystem.java:logAuditMessage(8249)) - allowed=true	ugi=kshanka2 (auth:SIMPLE)	ip=/10.4.1.39	cmd=getfileinfo	src=/user/kshanka2/input1/alicia-keys.txt._COPYING_	dst=null	perm=null	proto=rpc
2020-03-25 02:37:02,448 INFO  [IPC Server handler 7 on 9000] hdfs.StateChange (FSNamesystem.java:saveAllocatedBlock(3572)) - BLOCK* allocate blk_1073741828_1004{UCState=UNDER_CONSTRUCTION, truncateBlock=null, primaryNodeIndex=-1, replicas=[ReplicaUC[[DISK]DS-d4c16405-c88a-4c1b-b943-3506ee9eada2:NORMAL:10.4.1.39:50010|RBW]]} for /user/kshanka2/input1/alicia-keys.txt._COPYING_
2020-03-25 02:37:02,653 INFO  [IPC Server handler 1 on 9000] BlockStateChange (BlockManager.java:logAddStoredBlock(2621)) - BLOCK* addStoredBlock: blockMap updated: 10.4.1.39:50010 is added to blk_1073741828_1004{UCState=UNDER_CONSTRUCTION, truncateBlock=null, primaryNodeIndex=-1, replicas=[ReplicaUC[[DISK]DS-d4c16405-c88a-4c1b-b943-3506ee9eada2:NORMAL:10.4.1.39:50010|RBW]]} size 0
2020-03-25 02:37:02,669 INFO  [IPC Server handler 3 on 9000] hdfs.StateChange (FSNamesystem.java:completeFile(3492)) - DIR* completeFile: /user/kshanka2/input1/alicia-keys.txt._COPYING_ is closed by DFSClient_NONMAPREDUCE_1321349121_1
2020-03-25 02:37:02,686 INFO  [IPC Server handler 2 on 9000] FSNamesystem.audit (FSNamesystem.java:logAuditMessage(8249)) - allowed=true	ugi=kshanka2 (auth:SIMPLE)	ip=/10.4.1.39	cmd=rename	src=/user/kshanka2/input1/alicia-keys.txt._COPYING_	dst=/user/kshanka2/input1/alicia-keys.txt	perm=kshanka2:supergroup:rw-r--r--	proto=rpc
2020-03-25 02:37:02,691 INFO  [IPC Server handler 5 on 9000] FSNamesystem.audit (FSNamesystem.java:logAuditMessage(8249)) - allowed=true	ugi=kshanka2 (auth:SIMPLE)	ip=/10.4.1.39	cmd=getfileinfo	src=/user/kshanka2/input1/bruno-mars.txt	dst=null	perm=null	proto=rpc
2020-03-25 02:37:02,697 INFO  [IPC Server handler 6 on 9000] FSNamesystem.audit (FSNamesystem.java:logAuditMessage(8249)) - allowed=true	ugi=kshanka2 (auth:SIMPLE)	ip=/10.4.1.39	cmd=getfileinfo	src=/user/kshanka2/input1/bruno-mars.txt._COPYING_	dst=null	perm=null	proto=rpc
2020-03-25 02:37:02,711 INFO  [IPC Server handler 8 on 9000] FSNamesystem.audit (FSNamesystem.java:logAuditMessage(8249)) - allowed=true	ugi=kshanka2 (auth:SIMPLE)	ip=/10.4.1.39	cmd=create	src=/user/kshanka2/input1/bruno-mars.txt._COPYING_	dst=null	perm=kshanka2:supergroup:rw-r--r--	proto=rpc
2020-03-25 02:37:02,715 INFO  [IPC Server handler 4 on 9000] FSNamesystem.audit (FSNamesystem.java:logAuditMessage(8249)) - allowed=true	ugi=kshanka2 (auth:SIMPLE)	ip=/10.4.1.39	cmd=getfileinfo	src=/user/kshanka2/input1/bruno-mars.txt._COPYING_	dst=null	perm=null	proto=rpc
2020-03-25 02:37:02,728 INFO  [IPC Server handler 9 on 9000] hdfs.StateChange (FSNamesystem.java:saveAllocatedBlock(3572)) - BLOCK* allocate blk_1073741829_1005{UCState=UNDER_CONSTRUCTION, truncateBlock=null, primaryNodeIndex=-1, replicas=[ReplicaUC[[DISK]DS-d4c16405-c88a-4c1b-b943-3506ee9eada2:NORMAL:10.4.1.39:50010|RBW]]} for /user/kshanka2/input1/bruno-mars.txt._COPYING_
2020-03-25 02:37:02,755 INFO  [IPC Server handler 7 on 9000] namenode.FSNamesystem (FSNamesystem.java:isCompleteBlock(3616)) - BLOCK* blk_1073741829_1005{UCState=COMMITTED, truncateBlock=null, primaryNodeIndex=-1, replicas=[ReplicaUC[[DISK]DS-d4c16405-c88a-4c1b-b943-3506ee9eada2:NORMAL:10.4.1.39:50010|RBW]]} is not COMPLETE (ucState = COMMITTED, replication# = 0 <  minimum = 1) in file /user/kshanka2/input1/bruno-mars.txt._COPYING_
2020-03-25 02:37:02,758 INFO  [IPC Server handler 0 on 9000] BlockStateChange (BlockManager.java:logAddStoredBlock(2621)) - BLOCK* addStoredBlock: blockMap updated: 10.4.1.39:50010 is added to blk_1073741829_1005{UCState=COMMITTED, truncateBlock=null, primaryNodeIndex=-1, replicas=[ReplicaUC[[DISK]DS-d4c16405-c88a-4c1b-b943-3506ee9eada2:NORMAL:10.4.1.39:50010|RBW]]} size 131593
2020-03-25 02:37:03,169 INFO  [IPC Server handler 3 on 9000] hdfs.StateChange (FSNamesystem.java:completeFile(3492)) - DIR* completeFile: /user/kshanka2/input1/bruno-mars.txt._COPYING_ is closed by DFSClient_NONMAPREDUCE_1321349121_1
2020-03-25 02:37:03,178 INFO  [IPC Server handler 2 on 9000] FSNamesystem.audit (FSNamesystem.java:logAuditMessage(8249)) - allowed=true	ugi=kshanka2 (auth:SIMPLE)	ip=/10.4.1.39	cmd=rename	src=/user/kshanka2/input1/bruno-mars.txt._COPYING_	dst=/user/kshanka2/input1/bruno-mars.txt	perm=kshanka2:supergroup:rw-r--r--	proto=rpc
2020-03-25 02:37:03,181 INFO  [IPC Server handler 5 on 9000] FSNamesystem.audit (FSNamesystem.java:logAuditMessage(8249)) - allowed=true	ugi=kshanka2 (auth:SIMPLE)	ip=/10.4.1.39	cmd=getfileinfo	src=/user/kshanka2/input1/jimi-hendrix.txt	dst=null	perm=null	proto=rpc
2020-03-25 02:37:03,186 INFO  [IPC Server handler 6 on 9000] FSNamesystem.audit (FSNamesystem.java:logAuditMessage(8249)) - allowed=true	ugi=kshanka2 (auth:SIMPLE)	ip=/10.4.1.39	cmd=getfileinfo	src=/user/kshanka2/input1/jimi-hendrix.txt._COPYING_	dst=null	perm=null	proto=rpc
2020-03-25 02:37:03,205 INFO  [IPC Server handler 8 on 9000] FSNamesystem.audit (FSNamesystem.java:logAuditMessage(8249)) - allowed=true	ugi=kshanka2 (auth:SIMPLE)	ip=/10.4.1.39	cmd=create	src=/user/kshanka2/input1/jimi-hendrix.txt._COPYING_	dst=null	perm=kshanka2:supergroup:rw-r--r--	proto=rpc
2020-03-25 02:37:03,218 INFO  [IPC Server handler 4 on 9000] FSNamesystem.audit (FSNamesystem.java:logAuditMessage(8249)) - allowed=true	ugi=kshanka2 (auth:SIMPLE)	ip=/10.4.1.39	cmd=getfileinfo	src=/user/kshanka2/input1/jimi-hendrix.txt._COPYING_	dst=null	perm=null	proto=rpc
2020-03-25 02:37:03,227 INFO  [IPC Server handler 9 on 9000] hdfs.StateChange (FSNamesystem.java:saveAllocatedBlock(3572)) - BLOCK* allocate blk_1073741830_1006{UCState=UNDER_CONSTRUCTION, truncateBlock=null, primaryNodeIndex=-1, replicas=[ReplicaUC[[DISK]DS-d4c16405-c88a-4c1b-b943-3506ee9eada2:NORMAL:10.4.1.39:50010|RBW]]} for /user/kshanka2/input1/jimi-hendrix.txt._COPYING_
2020-03-25 02:37:03,259 INFO  [IPC Server handler 7 on 9000] BlockStateChange (BlockManager.java:logAddStoredBlock(2621)) - BLOCK* addStoredBlock: blockMap updated: 10.4.1.39:50010 is added to blk_1073741830_1006{UCState=UNDER_CONSTRUCTION, truncateBlock=null, primaryNodeIndex=-1, replicas=[ReplicaUC[[DISK]DS-d4c16405-c88a-4c1b-b943-3506ee9eada2:NORMAL:10.4.1.39:50010|RBW]]} size 0
2020-03-25 02:37:03,269 INFO  [IPC Server handler 0 on 9000] hdfs.StateChange (FSNamesystem.java:completeFile(3492)) - DIR* completeFile: /user/kshanka2/input1/jimi-hendrix.txt._COPYING_ is closed by DFSClient_NONMAPREDUCE_1321349121_1
2020-03-25 02:37:03,278 INFO  [IPC Server handler 3 on 9000] FSNamesystem.audit (FSNamesystem.java:logAuditMessage(8249)) - allowed=true	ugi=kshanka2 (auth:SIMPLE)	ip=/10.4.1.39	cmd=rename	src=/user/kshanka2/input1/jimi-hendrix.txt._COPYING_	dst=/user/kshanka2/input1/jimi-hendrix.txt	perm=kshanka2:supergroup:rw-r--r--	proto=rpc
2020-03-25 02:37:24,301 INFO  [IPC Server handler 2 on 9000] FSNamesystem.audit (FSNamesystem.java:logAuditMessage(8249)) - allowed=true	ugi=kshanka2 (auth:SIMPLE)	ip=/10.4.1.39	cmd=listStatus	src=/user/kshanka2/input0	dst=null	perm=null	proto=rpc
2020-03-25 02:37:24,404 INFO  [IPC Server handler 5 on 9000] FSNamesystem.audit (FSNamesystem.java:logAuditMessage(8249)) - allowed=true	ugi=kshanka2 (auth:SIMPLE)	ip=/10.4.1.39	cmd=getfileinfo	src=/user/kshanka2/output0/WordCount	dst=null	perm=null	proto=rpc
2020-03-25 02:37:24,544 INFO  [IPC Server handler 6 on 9000] FSNamesystem.audit (FSNamesystem.java:logAuditMessage(8249)) - allowed=true	ugi=kshanka2 (auth:SIMPLE)	ip=/10.4.1.39	cmd=getfileinfo	src=/user/kshanka2/output0/WordCount	dst=null	perm=null	proto=rpc
2020-03-25 02:37:24,954 INFO  [IPC Server handler 8 on 9000] FSNamesystem.audit (FSNamesystem.java:logAuditMessage(8249)) - allowed=true	ugi=kshanka2 (auth:SIMPLE)	ip=/10.4.1.39	cmd=getfileinfo	src=/user/kshanka2/input0	dst=null	perm=null	proto=rpc
2020-03-25 02:37:24,965 INFO  [IPC Server handler 4 on 9000] FSNamesystem.audit (FSNamesystem.java:logAuditMessage(8249)) - allowed=true	ugi=kshanka2 (auth:SIMPLE)	ip=/10.4.1.39	cmd=listStatus	src=/user/kshanka2/input0	dst=null	perm=null	proto=rpc
2020-03-25 02:37:25,870 INFO  [IPC Server handler 8 on 9000] FSNamesystem.audit (FSNamesystem.java:logAuditMessage(8249)) - allowed=true	ugi=kshanka2 (auth:SIMPLE)	ip=/10.4.1.39	cmd=mkdirs	src=/user/kshanka2/output0/WordCount/_temporary/0	dst=null	perm=kshanka2:supergroup:rwxr-xr-x	proto=rpc
2020-03-25 02:37:26,179 INFO  [IPC Server handler 7 on 9000] FSNamesystem.audit (FSNamesystem.java:logAuditMessage(8249)) - allowed=true	ugi=kshanka2 (auth:SIMPLE)	ip=/10.4.1.39	cmd=open	src=/user/kshanka2/input0/bruce-springsteen.txt	dst=null	perm=null	proto=rpc
2020-03-25 02:37:26,646 INFO  [IPC Server handler 8 on 9000] FSNamesystem.audit (FSNamesystem.java:logAuditMessage(8249)) - allowed=true	ugi=kshanka2 (auth:SIMPLE)	ip=/10.4.1.39	cmd=getfileinfo	src=/user/kshanka2/output0/WordCount/_temporary/0/_temporary/attempt_local907530961_0001_m_000000_0	dst=null	perm=null	proto=rpc
2020-03-25 02:37:26,726 INFO  [IPC Server handler 4 on 9000] FSNamesystem.audit (FSNamesystem.java:logAuditMessage(8249)) - allowed=true	ugi=kshanka2 (auth:SIMPLE)	ip=/10.4.1.39	cmd=open	src=/user/kshanka2/input0/janisjoplin.txt	dst=null	perm=null	proto=rpc
2020-03-25 02:37:26,865 INFO  [IPC Server handler 7 on 9000] FSNamesystem.audit (FSNamesystem.java:logAuditMessage(8249)) - allowed=true	ugi=kshanka2 (auth:SIMPLE)	ip=/10.4.1.39	cmd=getfileinfo	src=/user/kshanka2/output0/WordCount/_temporary/0/_temporary/attempt_local907530961_0001_m_000001_0	dst=null	perm=null	proto=rpc
2020-03-25 02:37:26,921 INFO  [IPC Server handler 1 on 9000] FSNamesystem.audit (FSNamesystem.java:logAuditMessage(8249)) - allowed=true	ugi=kshanka2 (auth:SIMPLE)	ip=/10.4.1.39	cmd=open	src=/user/kshanka2/input0/al-green.txt	dst=null	perm=null	proto=rpc
2020-03-25 02:37:26,998 INFO  [IPC Server handler 0 on 9000] FSNamesystem.audit (FSNamesystem.java:logAuditMessage(8249)) - allowed=true	ugi=kshanka2 (auth:SIMPLE)	ip=/10.4.1.39	cmd=getfileinfo	src=/user/kshanka2/output0/WordCount/_temporary/0/_temporary/attempt_local907530961_0001_m_000002_0	dst=null	perm=null	proto=rpc
2020-03-25 02:37:27,220 INFO  [IPC Server handler 3 on 9000] FSNamesystem.audit (FSNamesystem.java:logAuditMessage(8249)) - allowed=true	ugi=kshanka2 (auth:SIMPLE)	ip=/10.4.1.39	cmd=create	src=/user/kshanka2/output0/WordCount/_temporary/0/_temporary/attempt_local907530961_0001_r_000000_0/part-r-00000	dst=null	perm=kshanka2:supergroup:rw-r--r--	proto=rpc
2020-03-25 02:37:27,360 INFO  [IPC Server handler 5 on 9000] hdfs.StateChange (FSNamesystem.java:saveAllocatedBlock(3572)) - BLOCK* allocate blk_1073741831_1007{UCState=UNDER_CONSTRUCTION, truncateBlock=null, primaryNodeIndex=-1, replicas=[ReplicaUC[[DISK]DS-d4c16405-c88a-4c1b-b943-3506ee9eada2:NORMAL:10.4.1.39:50010|RBW]]} for /user/kshanka2/output0/WordCount/_temporary/0/_temporary/attempt_local907530961_0001_r_000000_0/part-r-00000
2020-03-25 02:37:27,498 INFO  [IPC Server handler 6 on 9000] BlockStateChange (BlockManager.java:logAddStoredBlock(2621)) - BLOCK* addStoredBlock: blockMap updated: 10.4.1.39:50010 is added to blk_1073741831_1007{UCState=UNDER_CONSTRUCTION, truncateBlock=null, primaryNodeIndex=-1, replicas=[ReplicaUC[[DISK]DS-d4c16405-c88a-4c1b-b943-3506ee9eada2:NORMAL:10.4.1.39:50010|RBW]]} size 0
2020-03-25 02:37:27,511 INFO  [IPC Server handler 8 on 9000] hdfs.StateChange (FSNamesystem.java:completeFile(3492)) - DIR* completeFile: /user/kshanka2/output0/WordCount/_temporary/0/_temporary/attempt_local907530961_0001_r_000000_0/part-r-00000 is closed by DFSClient_NONMAPREDUCE_-1713867874_1
2020-03-25 02:37:27,526 INFO  [IPC Server handler 4 on 9000] FSNamesystem.audit (FSNamesystem.java:logAuditMessage(8249)) - allowed=true	ugi=kshanka2 (auth:SIMPLE)	ip=/10.4.1.39	cmd=getfileinfo	src=/user/kshanka2/output0/WordCount/_temporary/0/_temporary/attempt_local907530961_0001_r_000000_0	dst=null	perm=null	proto=rpc
2020-03-25 02:37:27,531 INFO  [IPC Server handler 9 on 9000] FSNamesystem.audit (FSNamesystem.java:logAuditMessage(8249)) - allowed=true	ugi=kshanka2 (auth:SIMPLE)	ip=/10.4.1.39	cmd=getfileinfo	src=/user/kshanka2/output0/WordCount/_temporary/0/_temporary/attempt_local907530961_0001_r_000000_0	dst=null	perm=null	proto=rpc
2020-03-25 02:37:27,534 INFO  [IPC Server handler 7 on 9000] FSNamesystem.audit (FSNamesystem.java:logAuditMessage(8249)) - allowed=true	ugi=kshanka2 (auth:SIMPLE)	ip=/10.4.1.39	cmd=getfileinfo	src=/user/kshanka2/output0/WordCount/_temporary/0/task_local907530961_0001_r_000000	dst=null	perm=null	proto=rpc
2020-03-25 02:37:27,545 INFO  [IPC Server handler 1 on 9000] FSNamesystem.audit (FSNamesystem.java:logAuditMessage(8249)) - allowed=true	ugi=kshanka2 (auth:SIMPLE)	ip=/10.4.1.39	cmd=rename	src=/user/kshanka2/output0/WordCount/_temporary/0/_temporary/attempt_local907530961_0001_r_000000_0	dst=/user/kshanka2/output0/WordCount/_temporary/0/task_local907530961_0001_r_000000	perm=kshanka2:supergroup:rwxr-xr-x	proto=rpc
2020-03-25 02:37:27,561 INFO  [IPC Server handler 0 on 9000] FSNamesystem.audit (FSNamesystem.java:logAuditMessage(8249)) - allowed=true	ugi=kshanka2 (auth:SIMPLE)	ip=/10.4.1.39	cmd=listStatus	src=/user/kshanka2/output0/WordCount/_temporary/0	dst=null	perm=null	proto=rpc
2020-03-25 02:37:27,565 INFO  [IPC Server handler 3 on 9000] FSNamesystem.audit (FSNamesystem.java:logAuditMessage(8249)) - allowed=true	ugi=kshanka2 (auth:SIMPLE)	ip=/10.4.1.39	cmd=getfileinfo	src=/user/kshanka2/output0/WordCount	dst=null	perm=null	proto=rpc
2020-03-25 02:37:27,569 INFO  [IPC Server handler 2 on 9000] FSNamesystem.audit (FSNamesystem.java:logAuditMessage(8249)) - allowed=true	ugi=kshanka2 (auth:SIMPLE)	ip=/10.4.1.39	cmd=listStatus	src=/user/kshanka2/output0/WordCount/_temporary/0/task_local907530961_0001_r_000000	dst=null	perm=null	proto=rpc
2020-03-25 02:37:27,572 INFO  [IPC Server handler 5 on 9000] FSNamesystem.audit (FSNamesystem.java:logAuditMessage(8249)) - allowed=true	ugi=kshanka2 (auth:SIMPLE)	ip=/10.4.1.39	cmd=getfileinfo	src=/user/kshanka2/output0/WordCount/part-r-00000	dst=null	perm=null	proto=rpc
2020-03-25 02:37:27,578 INFO  [IPC Server handler 6 on 9000] FSNamesystem.audit (FSNamesystem.java:logAuditMessage(8249)) - allowed=true	ugi=kshanka2 (auth:SIMPLE)	ip=/10.4.1.39	cmd=rename	src=/user/kshanka2/output0/WordCount/_temporary/0/task_local907530961_0001_r_000000/part-r-00000	dst=/user/kshanka2/output0/WordCount/part-r-00000	perm=kshanka2:supergroup:rw-r--r--	proto=rpc
2020-03-25 02:37:27,603 INFO  [IPC Server handler 8 on 9000] FSNamesystem.audit (FSNamesystem.java:logAuditMessage(8249)) - allowed=true	ugi=kshanka2 (auth:SIMPLE)	ip=/10.4.1.39	cmd=delete	src=/user/kshanka2/output0/WordCount/_temporary	dst=null	perm=null	proto=rpc
2020-03-25 02:37:27,628 INFO  [IPC Server handler 4 on 9000] FSNamesystem.audit (FSNamesystem.java:logAuditMessage(8249)) - allowed=true	ugi=kshanka2 (auth:SIMPLE)	ip=/10.4.1.39	cmd=create	src=/user/kshanka2/output0/WordCount/_SUCCESS	dst=null	perm=kshanka2:supergroup:rw-r--r--	proto=rpc
2020-03-25 02:37:27,636 INFO  [IPC Server handler 9 on 9000] hdfs.StateChange (FSNamesystem.java:completeFile(3492)) - DIR* completeFile: /user/kshanka2/output0/WordCount/_SUCCESS is closed by DFSClient_NONMAPREDUCE_-1713867874_1
2020-03-25 02:37:27,909 INFO  [IPC Server handler 7 on 9000] FSNamesystem.audit (FSNamesystem.java:logAuditMessage(8249)) - allowed=true	ugi=kshanka2 (auth:SIMPLE)	ip=/10.4.1.39	cmd=listStatus	src=/user/kshanka2/input1	dst=null	perm=null	proto=rpc
2020-03-25 02:37:27,913 INFO  [IPC Server handler 1 on 9000] FSNamesystem.audit (FSNamesystem.java:logAuditMessage(8249)) - allowed=true	ugi=kshanka2 (auth:SIMPLE)	ip=/10.4.1.39	cmd=getfileinfo	src=/user/kshanka2/output1/WordCount	dst=null	perm=null	proto=rpc
2020-03-25 02:37:27,922 INFO  [IPC Server handler 0 on 9000] FSNamesystem.audit (FSNamesystem.java:logAuditMessage(8249)) - allowed=true	ugi=kshanka2 (auth:SIMPLE)	ip=/10.4.1.39	cmd=getfileinfo	src=/user/kshanka2/output1/WordCount	dst=null	perm=null	proto=rpc
2020-03-25 02:37:27,935 INFO  [IPC Server handler 3 on 9000] FSNamesystem.audit (FSNamesystem.java:logAuditMessage(8249)) - allowed=true	ugi=kshanka2 (auth:SIMPLE)	ip=/10.4.1.39	cmd=getfileinfo	src=/user/kshanka2/input1	dst=null	perm=null	proto=rpc
2020-03-25 02:37:27,941 INFO  [IPC Server handler 2 on 9000] FSNamesystem.audit (FSNamesystem.java:logAuditMessage(8249)) - allowed=true	ugi=kshanka2 (auth:SIMPLE)	ip=/10.4.1.39	cmd=listStatus	src=/user/kshanka2/input1	dst=null	perm=null	proto=rpc
2020-03-25 02:37:28,111 INFO  [IPC Server handler 5 on 9000] FSNamesystem.audit (FSNamesystem.java:logAuditMessage(8249)) - allowed=true	ugi=kshanka2 (auth:SIMPLE)	ip=/10.4.1.39	cmd=mkdirs	src=/user/kshanka2/output1/WordCount/_temporary/0	dst=null	perm=kshanka2:supergroup:rwxr-xr-x	proto=rpc
2020-03-25 02:37:28,179 INFO  [IPC Server handler 4 on 9000] FSNamesystem.audit (FSNamesystem.java:logAuditMessage(8249)) - allowed=true	ugi=kshanka2 (auth:SIMPLE)	ip=/10.4.1.39	cmd=open	src=/user/kshanka2/input1/bruno-mars.txt	dst=null	perm=null	proto=rpc
2020-03-25 02:37:28,306 INFO  [IPC Server handler 9 on 9000] FSNamesystem.audit (FSNamesystem.java:logAuditMessage(8249)) - allowed=true	ugi=kshanka2 (auth:SIMPLE)	ip=/10.4.1.39	cmd=getfileinfo	src=/user/kshanka2/output1/WordCount/_temporary/0/_temporary/attempt_local102733737_0002_m_000000_0	dst=null	perm=null	proto=rpc
2020-03-25 02:37:28,354 INFO  [IPC Server handler 7 on 9000] FSNamesystem.audit (FSNamesystem.java:logAuditMessage(8249)) - allowed=true	ugi=kshanka2 (auth:SIMPLE)	ip=/10.4.1.39	cmd=open	src=/user/kshanka2/input1/alicia-keys.txt	dst=null	perm=null	proto=rpc
2020-03-25 02:37:28,451 INFO  [IPC Server handler 1 on 9000] FSNamesystem.audit (FSNamesystem.java:logAuditMessage(8249)) - allowed=true	ugi=kshanka2 (auth:SIMPLE)	ip=/10.4.1.39	cmd=getfileinfo	src=/user/kshanka2/output1/WordCount/_temporary/0/_temporary/attempt_local102733737_0002_m_000001_0	dst=null	perm=null	proto=rpc
2020-03-25 02:37:28,509 INFO  [IPC Server handler 0 on 9000] FSNamesystem.audit (FSNamesystem.java:logAuditMessage(8249)) - allowed=true	ugi=kshanka2 (auth:SIMPLE)	ip=/10.4.1.39	cmd=open	src=/user/kshanka2/input1/jimi-hendrix.txt	dst=null	perm=null	proto=rpc
2020-03-25 02:37:28,572 INFO  [IPC Server handler 3 on 9000] FSNamesystem.audit (FSNamesystem.java:logAuditMessage(8249)) - allowed=true	ugi=kshanka2 (auth:SIMPLE)	ip=/10.4.1.39	cmd=getfileinfo	src=/user/kshanka2/output1/WordCount/_temporary/0/_temporary/attempt_local102733737_0002_m_000002_0	dst=null	perm=null	proto=rpc
2020-03-25 02:37:28,645 INFO  [IPC Server handler 2 on 9000] FSNamesystem.audit (FSNamesystem.java:logAuditMessage(8249)) - allowed=true	ugi=kshanka2 (auth:SIMPLE)	ip=/10.4.1.39	cmd=create	src=/user/kshanka2/output1/WordCount/_temporary/0/_temporary/attempt_local102733737_0002_r_000000_0/part-r-00000	dst=null	perm=kshanka2:supergroup:rw-r--r--	proto=rpc
2020-03-25 02:37:28,666 INFO  [IPC Server handler 6 on 9000] hdfs.StateChange (FSNamesystem.java:saveAllocatedBlock(3572)) - BLOCK* allocate blk_1073741832_1008{UCState=UNDER_CONSTRUCTION, truncateBlock=null, primaryNodeIndex=-1, replicas=[ReplicaUC[[DISK]DS-d4c16405-c88a-4c1b-b943-3506ee9eada2:NORMAL:10.4.1.39:50010|RBW]]} for /user/kshanka2/output1/WordCount/_temporary/0/_temporary/attempt_local102733737_0002_r_000000_0/part-r-00000
2020-03-25 02:37:28,699 INFO  [IPC Server handler 5 on 9000] namenode.FSNamesystem (FSNamesystem.java:isCompleteBlock(3616)) - BLOCK* blk_1073741832_1008{UCState=COMMITTED, truncateBlock=null, primaryNodeIndex=-1, replicas=[ReplicaUC[[DISK]DS-d4c16405-c88a-4c1b-b943-3506ee9eada2:NORMAL:10.4.1.39:50010|RBW]]} is not COMPLETE (ucState = COMMITTED, replication# = 0 <  minimum = 1) in file /user/kshanka2/output1/WordCount/_temporary/0/_temporary/attempt_local102733737_0002_r_000000_0/part-r-00000
2020-03-25 02:37:28,700 INFO  [IPC Server handler 8 on 9000] BlockStateChange (BlockManager.java:logAddStoredBlock(2621)) - BLOCK* addStoredBlock: blockMap updated: 10.4.1.39:50010 is added to blk_1073741832_1008{UCState=COMMITTED, truncateBlock=null, primaryNodeIndex=-1, replicas=[ReplicaUC[[DISK]DS-d4c16405-c88a-4c1b-b943-3506ee9eada2:NORMAL:10.4.1.39:50010|RBW]]} size 201576
2020-03-25 02:37:29,111 INFO  [IPC Server handler 4 on 9000] hdfs.StateChange (FSNamesystem.java:completeFile(3492)) - DIR* completeFile: /user/kshanka2/output1/WordCount/_temporary/0/_temporary/attempt_local102733737_0002_r_000000_0/part-r-00000 is closed by DFSClient_NONMAPREDUCE_-1713867874_1
2020-03-25 02:37:29,116 INFO  [IPC Server handler 9 on 9000] FSNamesystem.audit (FSNamesystem.java:logAuditMessage(8249)) - allowed=true	ugi=kshanka2 (auth:SIMPLE)	ip=/10.4.1.39	cmd=getfileinfo	src=/user/kshanka2/output1/WordCount/_temporary/0/_temporary/attempt_local102733737_0002_r_000000_0	dst=null	perm=null	proto=rpc
2020-03-25 02:37:29,121 INFO  [IPC Server handler 7 on 9000] FSNamesystem.audit (FSNamesystem.java:logAuditMessage(8249)) - allowed=true	ugi=kshanka2 (auth:SIMPLE)	ip=/10.4.1.39	cmd=getfileinfo	src=/user/kshanka2/output1/WordCount/_temporary/0/_temporary/attempt_local102733737_0002_r_000000_0	dst=null	perm=null	proto=rpc
2020-03-25 02:37:29,124 INFO  [IPC Server handler 1 on 9000] FSNamesystem.audit (FSNamesystem.java:logAuditMessage(8249)) - allowed=true	ugi=kshanka2 (auth:SIMPLE)	ip=/10.4.1.39	cmd=getfileinfo	src=/user/kshanka2/output1/WordCount/_temporary/0/task_local102733737_0002_r_000000	dst=null	perm=null	proto=rpc
2020-03-25 02:37:29,136 INFO  [IPC Server handler 0 on 9000] FSNamesystem.audit (FSNamesystem.java:logAuditMessage(8249)) - allowed=true	ugi=kshanka2 (auth:SIMPLE)	ip=/10.4.1.39	cmd=rename	src=/user/kshanka2/output1/WordCount/_temporary/0/_temporary/attempt_local102733737_0002_r_000000_0	dst=/user/kshanka2/output1/WordCount/_temporary/0/task_local102733737_0002_r_000000	perm=kshanka2:supergroup:rwxr-xr-x	proto=rpc
2020-03-25 02:37:29,148 INFO  [IPC Server handler 3 on 9000] FSNamesystem.audit (FSNamesystem.java:logAuditMessage(8249)) - allowed=true	ugi=kshanka2 (auth:SIMPLE)	ip=/10.4.1.39	cmd=listStatus	src=/user/kshanka2/output1/WordCount/_temporary/0	dst=null	perm=null	proto=rpc
2020-03-25 02:37:29,151 INFO  [IPC Server handler 2 on 9000] FSNamesystem.audit (FSNamesystem.java:logAuditMessage(8249)) - allowed=true	ugi=kshanka2 (auth:SIMPLE)	ip=/10.4.1.39	cmd=getfileinfo	src=/user/kshanka2/output1/WordCount	dst=null	perm=null	proto=rpc
2020-03-25 02:37:29,153 INFO  [IPC Server handler 6 on 9000] FSNamesystem.audit (FSNamesystem.java:logAuditMessage(8249)) - allowed=true	ugi=kshanka2 (auth:SIMPLE)	ip=/10.4.1.39	cmd=listStatus	src=/user/kshanka2/output1/WordCount/_temporary/0/task_local102733737_0002_r_000000	dst=null	perm=null	proto=rpc
2020-03-25 02:37:29,157 INFO  [IPC Server handler 5 on 9000] FSNamesystem.audit (FSNamesystem.java:logAuditMessage(8249)) - allowed=true	ugi=kshanka2 (auth:SIMPLE)	ip=/10.4.1.39	cmd=getfileinfo	src=/user/kshanka2/output1/WordCount/part-r-00000	dst=null	perm=null	proto=rpc
2020-03-25 02:37:29,170 INFO  [IPC Server handler 8 on 9000] FSNamesystem.audit (FSNamesystem.java:logAuditMessage(8249)) - allowed=true	ugi=kshanka2 (auth:SIMPLE)	ip=/10.4.1.39	cmd=rename	src=/user/kshanka2/output1/WordCount/_temporary/0/task_local102733737_0002_r_000000/part-r-00000	dst=/user/kshanka2/output1/WordCount/part-r-00000	perm=kshanka2:supergroup:rw-r--r--	proto=rpc
2020-03-25 02:37:29,178 INFO  [IPC Server handler 4 on 9000] FSNamesystem.audit (FSNamesystem.java:logAuditMessage(8249)) - allowed=true	ugi=kshanka2 (auth:SIMPLE)	ip=/10.4.1.39	cmd=delete	src=/user/kshanka2/output1/WordCount/_temporary	dst=null	perm=null	proto=rpc
2020-03-25 02:37:29,186 INFO  [IPC Server handler 9 on 9000] FSNamesystem.audit (FSNamesystem.java:logAuditMessage(8249)) - allowed=true	ugi=kshanka2 (auth:SIMPLE)	ip=/10.4.1.39	cmd=create	src=/user/kshanka2/output1/WordCount/_SUCCESS	dst=null	perm=kshanka2:supergroup:rw-r--r--	proto=rpc
2020-03-25 02:37:29,194 INFO  [IPC Server handler 7 on 9000] hdfs.StateChange (FSNamesystem.java:completeFile(3492)) - DIR* completeFile: /user/kshanka2/output1/WordCount/_SUCCESS is closed by DFSClient_NONMAPREDUCE_-1713867874_1
2020-03-25 02:37:52,596 INFO  [IPC Server handler 3 on 9000] FSNamesystem.audit (FSNamesystem.java:logAuditMessage(8249)) - allowed=true	ugi=kshanka2 (auth:SIMPLE)	ip=/10.4.1.39	cmd=getfileinfo	src=/user/kshanka2/output	dst=null	perm=null	proto=rpc
2020-03-25 02:38:00,704 INFO  [IPC Server handler 2 on 9000] FSNamesystem.audit (FSNamesystem.java:logAuditMessage(8249)) - allowed=true	ugi=kshanka2 (auth:SIMPLE)	ip=/10.4.1.39	cmd=getfileinfo	src=/user/kshanka2/output0	dst=null	perm=null	proto=rpc
2020-03-25 02:38:00,787 INFO  [IPC Server handler 6 on 9000] FSNamesystem.audit (FSNamesystem.java:logAuditMessage(8249)) - allowed=true	ugi=kshanka2 (auth:SIMPLE)	ip=/10.4.1.39	cmd=listStatus	src=/user/kshanka2/output0	dst=null	perm=null	proto=rpc
2020-03-25 02:38:00,799 INFO  [IPC Server handler 5 on 9000] FSNamesystem.audit (FSNamesystem.java:logAuditMessage(8249)) - allowed=true	ugi=kshanka2 (auth:SIMPLE)	ip=/10.4.1.39	cmd=listStatus	src=/user/kshanka2/output0/WordCount	dst=null	perm=null	proto=rpc
2020-03-25 02:38:00,815 INFO  [IPC Server handler 8 on 9000] FSNamesystem.audit (FSNamesystem.java:logAuditMessage(8249)) - allowed=true	ugi=kshanka2 (auth:SIMPLE)	ip=/10.4.1.39	cmd=open	src=/user/kshanka2/output0/WordCount/_SUCCESS	dst=null	perm=null	proto=rpc
2020-03-25 02:38:00,911 INFO  [IPC Server handler 4 on 9000] FSNamesystem.audit (FSNamesystem.java:logAuditMessage(8249)) - allowed=true	ugi=kshanka2 (auth:SIMPLE)	ip=/10.4.1.39	cmd=open	src=/user/kshanka2/output0/WordCount/part-r-00000	dst=null	perm=null	proto=rpc
2020-03-25 02:38:05,900 INFO  [IPC Server handler 4 on 9000] FSNamesystem.audit (FSNamesystem.java:logAuditMessage(8249)) - allowed=true	ugi=kshanka2 (auth:SIMPLE)	ip=/10.4.1.39	cmd=getfileinfo	src=/user/kshanka2/output1	dst=null	perm=null	proto=rpc
2020-03-25 02:38:05,978 INFO  [IPC Server handler 7 on 9000] FSNamesystem.audit (FSNamesystem.java:logAuditMessage(8249)) - allowed=true	ugi=kshanka2 (auth:SIMPLE)	ip=/10.4.1.39	cmd=listStatus	src=/user/kshanka2/output1	dst=null	perm=null	proto=rpc
2020-03-25 02:38:05,990 INFO  [IPC Server handler 1 on 9000] FSNamesystem.audit (FSNamesystem.java:logAuditMessage(8249)) - allowed=true	ugi=kshanka2 (auth:SIMPLE)	ip=/10.4.1.39	cmd=listStatus	src=/user/kshanka2/output1/WordCount	dst=null	perm=null	proto=rpc
2020-03-25 02:38:06,007 INFO  [IPC Server handler 0 on 9000] FSNamesystem.audit (FSNamesystem.java:logAuditMessage(8249)) - allowed=true	ugi=kshanka2 (auth:SIMPLE)	ip=/10.4.1.39	cmd=open	src=/user/kshanka2/output1/WordCount/_SUCCESS	dst=null	perm=null	proto=rpc
2020-03-25 02:38:06,081 INFO  [IPC Server handler 3 on 9000] FSNamesystem.audit (FSNamesystem.java:logAuditMessage(8249)) - allowed=true	ugi=kshanka2 (auth:SIMPLE)	ip=/10.4.1.39	cmd=open	src=/user/kshanka2/output1/WordCount/part-r-00000	dst=null	perm=null	proto=rpc
